[2023-01-25 09:21:15,482][tensorflow][WARNING] - AutoGraph could not transform <bound method GroupNormalization.call of <tensorflow_addons.layers.normalizations.GroupNormalization object at 0x7f91f2a2ae80>> and will run it as-is.
Please report this to the TensorFlow team. When filing the bug, set the verbosity to 10 (on Linux, `export AUTOGRAPH_VERBOSITY=10`) and attach the full output.
Cause: module 'gast' has no attribute 'Index'
To silence this warning, decorate the function with @tf.autograph.experimental.do_not_convert
[2023-01-25 09:21:25,674][tensorflow][WARNING] - AutoGraph could not transform <bound method CELoss.call of <losses.cross_entropy_loss_2.CELoss object at 0x7f91cc0cf070>> and will run it as-is.
Please report this to the TensorFlow team. When filing the bug, set the verbosity to 10 (on Linux, `export AUTOGRAPH_VERBOSITY=10`) and attach the full output.
Cause: module 'gast' has no attribute 'Index'
To silence this warning, decorate the function with @tf.autograph.experimental.do_not_convert
[2023-01-25 09:34:52,488][tensorflow][WARNING] - Skipping full serialization of Keras layer <tensorflow.python.keras.layers.core.Activation object at 0x7f91f01b5f40>, because it is not built.
[2023-01-25 09:34:53,073][tensorflow][WARNING] - Skipping full serialization of Keras layer <tensorflow.python.keras.layers.pooling.AveragePooling1D object at 0x7f91f01b9130>, because it is not built.
[2023-01-25 09:35:28,803][absl][WARNING] - Found untraced functions such as activation_layer_call_fn, activation_layer_call_and_return_conditional_losses, dense_layer_call_fn, dense_layer_call_and_return_conditional_losses, transformer_encoder_layer_call_fn while saving (showing 5 of 2530). These functions will not be directly callable after loading.
[2023-01-25 09:35:29,596][absl][WARNING] - Found untraced functions such as activation_layer_call_fn, activation_layer_call_and_return_conditional_losses, dense_layer_call_fn, dense_layer_call_and_return_conditional_losses, transformer_encoder_layer_call_fn while saving (showing 5 of 2530). These functions will not be directly callable after loading.
[2023-01-25 09:36:40,313][tensorflow][INFO] - Assets written to: /home/moshelaufer/PycharmProjects/results/checkpoint/synth_autoencoder_noy/2/assets
[2023-01-25 09:49:26,274][tensorflow][WARNING] - Skipping full serialization of Keras layer <tensorflow.python.keras.layers.core.Activation object at 0x7f91f01b5f40>, because it is not built.
[2023-01-25 09:49:26,937][tensorflow][WARNING] - Skipping full serialization of Keras layer <tensorflow.python.keras.layers.pooling.AveragePooling1D object at 0x7f91f01b9130>, because it is not built.
[2023-01-25 09:50:03,081][absl][WARNING] - Found untraced functions such as activation_layer_call_fn, activation_layer_call_and_return_conditional_losses, dense_layer_call_fn, dense_layer_call_and_return_conditional_losses, transformer_encoder_layer_call_fn while saving (showing 5 of 2530). These functions will not be directly callable after loading.
[2023-01-25 09:50:04,967][absl][WARNING] - Found untraced functions such as activation_layer_call_fn, activation_layer_call_and_return_conditional_losses, dense_layer_call_fn, dense_layer_call_and_return_conditional_losses, transformer_encoder_layer_call_fn while saving (showing 5 of 2530). These functions will not be directly callable after loading.
[2023-01-25 09:51:06,462][tensorflow][INFO] - Assets written to: /home/moshelaufer/PycharmProjects/results/checkpoint/synth_autoencoder_noy/2/assets
[2023-01-25 10:03:51,712][tensorflow][WARNING] - Skipping full serialization of Keras layer <tensorflow.python.keras.layers.core.Activation object at 0x7f91f01b5f40>, because it is not built.
[2023-01-25 10:03:52,307][tensorflow][WARNING] - Skipping full serialization of Keras layer <tensorflow.python.keras.layers.pooling.AveragePooling1D object at 0x7f91f01b9130>, because it is not built.
[2023-01-25 10:04:30,766][absl][WARNING] - Found untraced functions such as activation_layer_call_fn, activation_layer_call_and_return_conditional_losses, dense_layer_call_fn, dense_layer_call_and_return_conditional_losses, transformer_encoder_layer_call_fn while saving (showing 5 of 2530). These functions will not be directly callable after loading.
[2023-01-25 10:04:31,963][absl][WARNING] - Found untraced functions such as activation_layer_call_fn, activation_layer_call_and_return_conditional_losses, dense_layer_call_fn, dense_layer_call_and_return_conditional_losses, transformer_encoder_layer_call_fn while saving (showing 5 of 2530). These functions will not be directly callable after loading.
[2023-01-25 10:05:23,043][tensorflow][INFO] - Assets written to: /home/moshelaufer/PycharmProjects/results/checkpoint/synth_autoencoder_noy/2/assets
[2023-01-25 10:18:08,144][tensorflow][WARNING] - Skipping full serialization of Keras layer <tensorflow.python.keras.layers.core.Activation object at 0x7f91f01b5f40>, because it is not built.
[2023-01-25 10:18:08,735][tensorflow][WARNING] - Skipping full serialization of Keras layer <tensorflow.python.keras.layers.pooling.AveragePooling1D object at 0x7f91f01b9130>, because it is not built.
[2023-01-25 10:18:46,864][absl][WARNING] - Found untraced functions such as activation_layer_call_fn, activation_layer_call_and_return_conditional_losses, dense_layer_call_fn, dense_layer_call_and_return_conditional_losses, transformer_encoder_layer_call_fn while saving (showing 5 of 2530). These functions will not be directly callable after loading.
[2023-01-25 10:18:47,733][absl][WARNING] - Found untraced functions such as activation_layer_call_fn, activation_layer_call_and_return_conditional_losses, dense_layer_call_fn, dense_layer_call_and_return_conditional_losses, transformer_encoder_layer_call_fn while saving (showing 5 of 2530). These functions will not be directly callable after loading.
[2023-01-25 10:19:32,223][tensorflow][INFO] - Assets written to: /home/moshelaufer/PycharmProjects/results/checkpoint/synth_autoencoder_noy/2/assets
[2023-01-25 10:32:17,562][tensorflow][WARNING] - Skipping full serialization of Keras layer <tensorflow.python.keras.layers.core.Activation object at 0x7f91f01b5f40>, because it is not built.
[2023-01-25 10:32:18,152][tensorflow][WARNING] - Skipping full serialization of Keras layer <tensorflow.python.keras.layers.pooling.AveragePooling1D object at 0x7f91f01b9130>, because it is not built.
[2023-01-25 10:32:56,563][absl][WARNING] - Found untraced functions such as activation_layer_call_fn, activation_layer_call_and_return_conditional_losses, dense_layer_call_fn, dense_layer_call_and_return_conditional_losses, transformer_encoder_layer_call_fn while saving (showing 5 of 2530). These functions will not be directly callable after loading.
[2023-01-25 10:32:57,408][absl][WARNING] - Found untraced functions such as activation_layer_call_fn, activation_layer_call_and_return_conditional_losses, dense_layer_call_fn, dense_layer_call_and_return_conditional_losses, transformer_encoder_layer_call_fn while saving (showing 5 of 2530). These functions will not be directly callable after loading.
[2023-01-25 10:33:42,455][tensorflow][INFO] - Assets written to: /home/moshelaufer/PycharmProjects/results/checkpoint/synth_autoencoder_noy/2/assets
[2023-01-25 10:46:27,602][tensorflow][WARNING] - Skipping full serialization of Keras layer <tensorflow.python.keras.layers.core.Activation object at 0x7f91f01b5f40>, because it is not built.
[2023-01-25 10:46:28,186][tensorflow][WARNING] - Skipping full serialization of Keras layer <tensorflow.python.keras.layers.pooling.AveragePooling1D object at 0x7f91f01b9130>, because it is not built.
[2023-01-25 10:47:06,455][absl][WARNING] - Found untraced functions such as activation_layer_call_fn, activation_layer_call_and_return_conditional_losses, dense_layer_call_fn, dense_layer_call_and_return_conditional_losses, transformer_encoder_layer_call_fn while saving (showing 5 of 2530). These functions will not be directly callable after loading.
[2023-01-25 10:47:07,254][absl][WARNING] - Found untraced functions such as activation_layer_call_fn, activation_layer_call_and_return_conditional_losses, dense_layer_call_fn, dense_layer_call_and_return_conditional_losses, transformer_encoder_layer_call_fn while saving (showing 5 of 2530). These functions will not be directly callable after loading.
[2023-01-25 10:47:52,908][tensorflow][INFO] - Assets written to: /home/moshelaufer/PycharmProjects/results/checkpoint/synth_autoencoder_noy/2/assets
[2023-01-25 11:00:37,964][tensorflow][WARNING] - Skipping full serialization of Keras layer <tensorflow.python.keras.layers.core.Activation object at 0x7f91f01b5f40>, because it is not built.
[2023-01-25 11:00:38,543][tensorflow][WARNING] - Skipping full serialization of Keras layer <tensorflow.python.keras.layers.pooling.AveragePooling1D object at 0x7f91f01b9130>, because it is not built.
[2023-01-25 11:01:15,182][absl][WARNING] - Found untraced functions such as activation_layer_call_fn, activation_layer_call_and_return_conditional_losses, dense_layer_call_fn, dense_layer_call_and_return_conditional_losses, transformer_encoder_layer_call_fn while saving (showing 5 of 2530). These functions will not be directly callable after loading.
[2023-01-25 11:01:16,548][absl][WARNING] - Found untraced functions such as activation_layer_call_fn, activation_layer_call_and_return_conditional_losses, dense_layer_call_fn, dense_layer_call_and_return_conditional_losses, transformer_encoder_layer_call_fn while saving (showing 5 of 2530). These functions will not be directly callable after loading.
[2023-01-25 11:01:57,361][tensorflow][INFO] - Assets written to: /home/moshelaufer/PycharmProjects/results/checkpoint/synth_autoencoder_noy/2/assets
[2023-01-25 11:14:43,690][tensorflow][WARNING] - Skipping full serialization of Keras layer <tensorflow.python.keras.layers.core.Activation object at 0x7f91f01b5f40>, because it is not built.
[2023-01-25 11:14:44,297][tensorflow][WARNING] - Skipping full serialization of Keras layer <tensorflow.python.keras.layers.pooling.AveragePooling1D object at 0x7f91f01b9130>, because it is not built.
[2023-01-25 11:15:21,523][absl][WARNING] - Found untraced functions such as activation_layer_call_fn, activation_layer_call_and_return_conditional_losses, dense_layer_call_fn, dense_layer_call_and_return_conditional_losses, transformer_encoder_layer_call_fn while saving (showing 5 of 2530). These functions will not be directly callable after loading.
[2023-01-25 11:15:22,381][absl][WARNING] - Found untraced functions such as activation_layer_call_fn, activation_layer_call_and_return_conditional_losses, dense_layer_call_fn, dense_layer_call_and_return_conditional_losses, transformer_encoder_layer_call_fn while saving (showing 5 of 2530). These functions will not be directly callable after loading.
[2023-01-25 11:16:05,432][tensorflow][INFO] - Assets written to: /home/moshelaufer/PycharmProjects/results/checkpoint/synth_autoencoder_noy/2/assets
[2023-01-25 11:28:49,850][tensorflow][WARNING] - Skipping full serialization of Keras layer <tensorflow.python.keras.layers.core.Activation object at 0x7f91f01b5f40>, because it is not built.
[2023-01-25 11:28:50,457][tensorflow][WARNING] - Skipping full serialization of Keras layer <tensorflow.python.keras.layers.pooling.AveragePooling1D object at 0x7f91f01b9130>, because it is not built.
[2023-01-25 11:29:28,413][absl][WARNING] - Found untraced functions such as activation_layer_call_fn, activation_layer_call_and_return_conditional_losses, dense_layer_call_fn, dense_layer_call_and_return_conditional_losses, transformer_encoder_layer_call_fn while saving (showing 5 of 2530). These functions will not be directly callable after loading.
[2023-01-25 11:29:29,214][absl][WARNING] - Found untraced functions such as activation_layer_call_fn, activation_layer_call_and_return_conditional_losses, dense_layer_call_fn, dense_layer_call_and_return_conditional_losses, transformer_encoder_layer_call_fn while saving (showing 5 of 2530). These functions will not be directly callable after loading.
[2023-01-25 11:30:12,508][tensorflow][INFO] - Assets written to: /home/moshelaufer/PycharmProjects/results/checkpoint/synth_autoencoder_noy/2/assets
[2023-01-25 11:42:56,579][tensorflow][WARNING] - Skipping full serialization of Keras layer <tensorflow.python.keras.layers.core.Activation object at 0x7f91f01b5f40>, because it is not built.
[2023-01-25 11:42:57,160][tensorflow][WARNING] - Skipping full serialization of Keras layer <tensorflow.python.keras.layers.pooling.AveragePooling1D object at 0x7f91f01b9130>, because it is not built.
[2023-01-25 11:43:34,391][absl][WARNING] - Found untraced functions such as activation_layer_call_fn, activation_layer_call_and_return_conditional_losses, dense_layer_call_fn, dense_layer_call_and_return_conditional_losses, transformer_encoder_layer_call_fn while saving (showing 5 of 2530). These functions will not be directly callable after loading.
[2023-01-25 11:43:35,211][absl][WARNING] - Found untraced functions such as activation_layer_call_fn, activation_layer_call_and_return_conditional_losses, dense_layer_call_fn, dense_layer_call_and_return_conditional_losses, transformer_encoder_layer_call_fn while saving (showing 5 of 2530). These functions will not be directly callable after loading.
[2023-01-25 11:44:18,017][tensorflow][INFO] - Assets written to: /home/moshelaufer/PycharmProjects/results/checkpoint/synth_autoencoder_noy/2/assets
[2023-01-25 11:57:03,360][tensorflow][WARNING] - Skipping full serialization of Keras layer <tensorflow.python.keras.layers.core.Activation object at 0x7f91f01b5f40>, because it is not built.
[2023-01-25 11:57:03,943][tensorflow][WARNING] - Skipping full serialization of Keras layer <tensorflow.python.keras.layers.pooling.AveragePooling1D object at 0x7f91f01b9130>, because it is not built.
[2023-01-25 11:57:40,719][absl][WARNING] - Found untraced functions such as activation_layer_call_fn, activation_layer_call_and_return_conditional_losses, dense_layer_call_fn, dense_layer_call_and_return_conditional_losses, transformer_encoder_layer_call_fn while saving (showing 5 of 2530). These functions will not be directly callable after loading.
[2023-01-25 11:57:41,558][absl][WARNING] - Found untraced functions such as activation_layer_call_fn, activation_layer_call_and_return_conditional_losses, dense_layer_call_fn, dense_layer_call_and_return_conditional_losses, transformer_encoder_layer_call_fn while saving (showing 5 of 2530). These functions will not be directly callable after loading.
[2023-01-25 11:58:29,728][tensorflow][INFO] - Assets written to: /home/moshelaufer/PycharmProjects/results/checkpoint/synth_autoencoder_noy/2/assets
[2023-01-25 12:11:13,852][tensorflow][WARNING] - Skipping full serialization of Keras layer <tensorflow.python.keras.layers.core.Activation object at 0x7f91f01b5f40>, because it is not built.
[2023-01-25 12:11:14,419][tensorflow][WARNING] - Skipping full serialization of Keras layer <tensorflow.python.keras.layers.pooling.AveragePooling1D object at 0x7f91f01b9130>, because it is not built.
[2023-01-25 12:11:50,811][absl][WARNING] - Found untraced functions such as activation_layer_call_fn, activation_layer_call_and_return_conditional_losses, dense_layer_call_fn, dense_layer_call_and_return_conditional_losses, transformer_encoder_layer_call_fn while saving (showing 5 of 2530). These functions will not be directly callable after loading.
[2023-01-25 12:11:51,643][absl][WARNING] - Found untraced functions such as activation_layer_call_fn, activation_layer_call_and_return_conditional_losses, dense_layer_call_fn, dense_layer_call_and_return_conditional_losses, transformer_encoder_layer_call_fn while saving (showing 5 of 2530). These functions will not be directly callable after loading.
[2023-01-25 12:12:35,128][tensorflow][INFO] - Assets written to: /home/moshelaufer/PycharmProjects/results/checkpoint/synth_autoencoder_noy/2/assets
[2023-01-25 12:25:17,517][tensorflow][WARNING] - Skipping full serialization of Keras layer <tensorflow.python.keras.layers.core.Activation object at 0x7f91f01b5f40>, because it is not built.
[2023-01-25 12:25:18,110][tensorflow][WARNING] - Skipping full serialization of Keras layer <tensorflow.python.keras.layers.pooling.AveragePooling1D object at 0x7f91f01b9130>, because it is not built.
[2023-01-25 12:25:56,064][absl][WARNING] - Found untraced functions such as activation_layer_call_fn, activation_layer_call_and_return_conditional_losses, dense_layer_call_fn, dense_layer_call_and_return_conditional_losses, transformer_encoder_layer_call_fn while saving (showing 5 of 2530). These functions will not be directly callable after loading.
[2023-01-25 12:25:56,872][absl][WARNING] - Found untraced functions such as activation_layer_call_fn, activation_layer_call_and_return_conditional_losses, dense_layer_call_fn, dense_layer_call_and_return_conditional_losses, transformer_encoder_layer_call_fn while saving (showing 5 of 2530). These functions will not be directly callable after loading.
[2023-01-25 12:26:36,318][tensorflow][INFO] - Assets written to: /home/moshelaufer/PycharmProjects/results/checkpoint/synth_autoencoder_noy/2/assets
[2023-01-25 12:39:19,960][tensorflow][WARNING] - Skipping full serialization of Keras layer <tensorflow.python.keras.layers.core.Activation object at 0x7f91f01b5f40>, because it is not built.
[2023-01-25 12:39:21,769][tensorflow][WARNING] - Skipping full serialization of Keras layer <tensorflow.python.keras.layers.pooling.AveragePooling1D object at 0x7f91f01b9130>, because it is not built.
[2023-01-25 12:39:57,896][absl][WARNING] - Found untraced functions such as activation_layer_call_fn, activation_layer_call_and_return_conditional_losses, dense_layer_call_fn, dense_layer_call_and_return_conditional_losses, transformer_encoder_layer_call_fn while saving (showing 5 of 2530). These functions will not be directly callable after loading.
[2023-01-25 12:39:58,696][absl][WARNING] - Found untraced functions such as activation_layer_call_fn, activation_layer_call_and_return_conditional_losses, dense_layer_call_fn, dense_layer_call_and_return_conditional_losses, transformer_encoder_layer_call_fn while saving (showing 5 of 2530). These functions will not be directly callable after loading.
[2023-01-25 12:40:41,172][tensorflow][INFO] - Assets written to: /home/moshelaufer/PycharmProjects/results/checkpoint/synth_autoencoder_noy/2/assets
[2023-01-25 12:53:26,113][tensorflow][WARNING] - Skipping full serialization of Keras layer <tensorflow.python.keras.layers.core.Activation object at 0x7f91f01b5f40>, because it is not built.
[2023-01-25 12:53:26,719][tensorflow][WARNING] - Skipping full serialization of Keras layer <tensorflow.python.keras.layers.pooling.AveragePooling1D object at 0x7f91f01b9130>, because it is not built.
[2023-01-25 12:54:02,831][absl][WARNING] - Found untraced functions such as activation_layer_call_fn, activation_layer_call_and_return_conditional_losses, dense_layer_call_fn, dense_layer_call_and_return_conditional_losses, transformer_encoder_layer_call_fn while saving (showing 5 of 2530). These functions will not be directly callable after loading.
[2023-01-25 12:54:03,619][absl][WARNING] - Found untraced functions such as activation_layer_call_fn, activation_layer_call_and_return_conditional_losses, dense_layer_call_fn, dense_layer_call_and_return_conditional_losses, transformer_encoder_layer_call_fn while saving (showing 5 of 2530). These functions will not be directly callable after loading.
[2023-01-25 12:54:47,246][tensorflow][INFO] - Assets written to: /home/moshelaufer/PycharmProjects/results/checkpoint/synth_autoencoder_noy/2/assets
[2023-01-25 13:07:31,967][tensorflow][WARNING] - Skipping full serialization of Keras layer <tensorflow.python.keras.layers.core.Activation object at 0x7f91f01b5f40>, because it is not built.
[2023-01-25 13:07:32,598][tensorflow][WARNING] - Skipping full serialization of Keras layer <tensorflow.python.keras.layers.pooling.AveragePooling1D object at 0x7f91f01b9130>, because it is not built.
[2023-01-25 13:08:08,653][absl][WARNING] - Found untraced functions such as activation_layer_call_fn, activation_layer_call_and_return_conditional_losses, dense_layer_call_fn, dense_layer_call_and_return_conditional_losses, transformer_encoder_layer_call_fn while saving (showing 5 of 2530). These functions will not be directly callable after loading.
[2023-01-25 13:08:09,453][absl][WARNING] - Found untraced functions such as activation_layer_call_fn, activation_layer_call_and_return_conditional_losses, dense_layer_call_fn, dense_layer_call_and_return_conditional_losses, transformer_encoder_layer_call_fn while saving (showing 5 of 2530). These functions will not be directly callable after loading.
[2023-01-25 13:08:58,259][tensorflow][INFO] - Assets written to: /home/moshelaufer/PycharmProjects/results/checkpoint/synth_autoencoder_noy/2/assets
[2023-01-25 13:21:42,981][tensorflow][WARNING] - Skipping full serialization of Keras layer <tensorflow.python.keras.layers.core.Activation object at 0x7f91f01b5f40>, because it is not built.
[2023-01-25 13:21:43,549][tensorflow][WARNING] - Skipping full serialization of Keras layer <tensorflow.python.keras.layers.pooling.AveragePooling1D object at 0x7f91f01b9130>, because it is not built.
[2023-01-25 13:22:19,991][absl][WARNING] - Found untraced functions such as activation_layer_call_fn, activation_layer_call_and_return_conditional_losses, dense_layer_call_fn, dense_layer_call_and_return_conditional_losses, transformer_encoder_layer_call_fn while saving (showing 5 of 2530). These functions will not be directly callable after loading.
[2023-01-25 13:22:20,780][absl][WARNING] - Found untraced functions such as activation_layer_call_fn, activation_layer_call_and_return_conditional_losses, dense_layer_call_fn, dense_layer_call_and_return_conditional_losses, transformer_encoder_layer_call_fn while saving (showing 5 of 2530). These functions will not be directly callable after loading.
[2023-01-25 13:23:04,479][tensorflow][INFO] - Assets written to: /home/moshelaufer/PycharmProjects/results/checkpoint/synth_autoencoder_noy/2/assets
[2023-01-25 13:35:49,661][tensorflow][WARNING] - Skipping full serialization of Keras layer <tensorflow.python.keras.layers.core.Activation object at 0x7f91f01b5f40>, because it is not built.
[2023-01-25 13:35:50,252][tensorflow][WARNING] - Skipping full serialization of Keras layer <tensorflow.python.keras.layers.pooling.AveragePooling1D object at 0x7f91f01b9130>, because it is not built.
[2023-01-25 13:36:26,473][absl][WARNING] - Found untraced functions such as activation_layer_call_fn, activation_layer_call_and_return_conditional_losses, dense_layer_call_fn, dense_layer_call_and_return_conditional_losses, transformer_encoder_layer_call_fn while saving (showing 5 of 2530). These functions will not be directly callable after loading.
[2023-01-25 13:36:27,315][absl][WARNING] - Found untraced functions such as activation_layer_call_fn, activation_layer_call_and_return_conditional_losses, dense_layer_call_fn, dense_layer_call_and_return_conditional_losses, transformer_encoder_layer_call_fn while saving (showing 5 of 2530). These functions will not be directly callable after loading.
[2023-01-25 13:37:12,095][tensorflow][INFO] - Assets written to: /home/moshelaufer/PycharmProjects/results/checkpoint/synth_autoencoder_noy/2/assets
[2023-01-25 14:02:34,786][tensorflow][WARNING] - Skipping full serialization of Keras layer <tensorflow.python.keras.layers.core.Activation object at 0x7f91f01b5f40>, because it is not built.
[2023-01-25 14:02:35,383][tensorflow][WARNING] - Skipping full serialization of Keras layer <tensorflow.python.keras.layers.pooling.AveragePooling1D object at 0x7f91f01b9130>, because it is not built.
[2023-01-25 14:03:12,982][absl][WARNING] - Found untraced functions such as activation_layer_call_fn, activation_layer_call_and_return_conditional_losses, dense_layer_call_fn, dense_layer_call_and_return_conditional_losses, transformer_encoder_layer_call_fn while saving (showing 5 of 2530). These functions will not be directly callable after loading.
[2023-01-25 14:03:14,336][absl][WARNING] - Found untraced functions such as activation_layer_call_fn, activation_layer_call_and_return_conditional_losses, dense_layer_call_fn, dense_layer_call_and_return_conditional_losses, transformer_encoder_layer_call_fn while saving (showing 5 of 2530). These functions will not be directly callable after loading.
[2023-01-25 14:04:08,578][tensorflow][INFO] - Assets written to: /home/moshelaufer/PycharmProjects/results/checkpoint/synth_autoencoder_noy/2/assets
[2023-01-25 14:16:53,636][tensorflow][WARNING] - Skipping full serialization of Keras layer <tensorflow.python.keras.layers.core.Activation object at 0x7f91f01b5f40>, because it is not built.
[2023-01-25 14:16:54,315][tensorflow][WARNING] - Skipping full serialization of Keras layer <tensorflow.python.keras.layers.pooling.AveragePooling1D object at 0x7f91f01b9130>, because it is not built.
[2023-01-25 14:17:34,887][absl][WARNING] - Found untraced functions such as activation_layer_call_fn, activation_layer_call_and_return_conditional_losses, dense_layer_call_fn, dense_layer_call_and_return_conditional_losses, transformer_encoder_layer_call_fn while saving (showing 5 of 2530). These functions will not be directly callable after loading.
[2023-01-25 14:17:35,802][absl][WARNING] - Found untraced functions such as activation_layer_call_fn, activation_layer_call_and_return_conditional_losses, dense_layer_call_fn, dense_layer_call_and_return_conditional_losses, transformer_encoder_layer_call_fn while saving (showing 5 of 2530). These functions will not be directly callable after loading.
[2023-01-25 14:18:47,453][tensorflow][INFO] - Assets written to: /home/moshelaufer/PycharmProjects/results/checkpoint/synth_autoencoder_noy/2/assets
[2023-01-25 14:31:33,745][tensorflow][WARNING] - Skipping full serialization of Keras layer <tensorflow.python.keras.layers.core.Activation object at 0x7f91f01b5f40>, because it is not built.
[2023-01-25 14:31:34,336][tensorflow][WARNING] - Skipping full serialization of Keras layer <tensorflow.python.keras.layers.pooling.AveragePooling1D object at 0x7f91f01b9130>, because it is not built.
[2023-01-25 14:32:12,183][absl][WARNING] - Found untraced functions such as activation_layer_call_fn, activation_layer_call_and_return_conditional_losses, dense_layer_call_fn, dense_layer_call_and_return_conditional_losses, transformer_encoder_layer_call_fn while saving (showing 5 of 2530). These functions will not be directly callable after loading.
[2023-01-25 14:32:12,973][absl][WARNING] - Found untraced functions such as activation_layer_call_fn, activation_layer_call_and_return_conditional_losses, dense_layer_call_fn, dense_layer_call_and_return_conditional_losses, transformer_encoder_layer_call_fn while saving (showing 5 of 2530). These functions will not be directly callable after loading.
[2023-01-25 14:32:57,003][tensorflow][INFO] - Assets written to: /home/moshelaufer/PycharmProjects/results/checkpoint/synth_autoencoder_noy/2/assets
[2023-01-25 14:58:21,345][tensorflow][WARNING] - Skipping full serialization of Keras layer <tensorflow.python.keras.layers.core.Activation object at 0x7f91f01b5f40>, because it is not built.
[2023-01-25 14:58:21,909][tensorflow][WARNING] - Skipping full serialization of Keras layer <tensorflow.python.keras.layers.pooling.AveragePooling1D object at 0x7f91f01b9130>, because it is not built.
[2023-01-25 14:58:58,288][absl][WARNING] - Found untraced functions such as activation_layer_call_fn, activation_layer_call_and_return_conditional_losses, dense_layer_call_fn, dense_layer_call_and_return_conditional_losses, transformer_encoder_layer_call_fn while saving (showing 5 of 2530). These functions will not be directly callable after loading.
[2023-01-25 14:58:59,651][absl][WARNING] - Found untraced functions such as activation_layer_call_fn, activation_layer_call_and_return_conditional_losses, dense_layer_call_fn, dense_layer_call_and_return_conditional_losses, transformer_encoder_layer_call_fn while saving (showing 5 of 2530). These functions will not be directly callable after loading.
[2023-01-25 14:59:42,265][tensorflow][INFO] - Assets written to: /home/moshelaufer/PycharmProjects/results/checkpoint/synth_autoencoder_noy/2/assets
[2023-01-25 15:12:25,615][tensorflow][WARNING] - Skipping full serialization of Keras layer <tensorflow.python.keras.layers.core.Activation object at 0x7f91f01b5f40>, because it is not built.
[2023-01-25 15:12:26,211][tensorflow][WARNING] - Skipping full serialization of Keras layer <tensorflow.python.keras.layers.pooling.AveragePooling1D object at 0x7f91f01b9130>, because it is not built.
[2023-01-25 15:13:03,367][absl][WARNING] - Found untraced functions such as activation_layer_call_fn, activation_layer_call_and_return_conditional_losses, dense_layer_call_fn, dense_layer_call_and_return_conditional_losses, transformer_encoder_layer_call_fn while saving (showing 5 of 2530). These functions will not be directly callable after loading.
[2023-01-25 15:13:04,169][absl][WARNING] - Found untraced functions such as activation_layer_call_fn, activation_layer_call_and_return_conditional_losses, dense_layer_call_fn, dense_layer_call_and_return_conditional_losses, transformer_encoder_layer_call_fn while saving (showing 5 of 2530). These functions will not be directly callable after loading.
[2023-01-25 15:13:47,831][tensorflow][INFO] - Assets written to: /home/moshelaufer/PycharmProjects/results/checkpoint/synth_autoencoder_noy/2/assets
[2023-01-25 15:26:28,500][tensorflow][WARNING] - Skipping full serialization of Keras layer <tensorflow.python.keras.layers.core.Activation object at 0x7f91f01b5f40>, because it is not built.
[2023-01-25 15:26:29,065][tensorflow][WARNING] - Skipping full serialization of Keras layer <tensorflow.python.keras.layers.pooling.AveragePooling1D object at 0x7f91f01b9130>, because it is not built.
[2023-01-25 15:27:06,157][absl][WARNING] - Found untraced functions such as activation_layer_call_fn, activation_layer_call_and_return_conditional_losses, dense_layer_call_fn, dense_layer_call_and_return_conditional_losses, transformer_encoder_layer_call_fn while saving (showing 5 of 2530). These functions will not be directly callable after loading.
[2023-01-25 15:27:06,964][absl][WARNING] - Found untraced functions such as activation_layer_call_fn, activation_layer_call_and_return_conditional_losses, dense_layer_call_fn, dense_layer_call_and_return_conditional_losses, transformer_encoder_layer_call_fn while saving (showing 5 of 2530). These functions will not be directly callable after loading.
[2023-01-25 15:27:50,530][tensorflow][INFO] - Assets written to: /home/moshelaufer/PycharmProjects/results/checkpoint/synth_autoencoder_noy/2/assets
