[2023-03-14 12:06:25,482][tensorflow][WARNING] - AutoGraph could not transform <bound method GroupNormalization.call of <tensorflow_addons.layers.normalizations.GroupNormalization object at 0x7f65986b2a30>> and will run it as-is.
Please report this to the TensorFlow team. When filing the bug, set the verbosity to 10 (on Linux, `export AUTOGRAPH_VERBOSITY=10`) and attach the full output.
Cause: module 'gast' has no attribute 'Index'
To silence this warning, decorate the function with @tf.autograph.experimental.do_not_convert
[2023-03-14 12:06:31,149][tensorflow][WARNING] - AutoGraph could not transform <bound method Processor.mask of <tensorflow.python.eager.function.TfMethodTarget object at 0x7f64c04ecb50>> and will run it as-is.
Please report this to the TensorFlow team. When filing the bug, set the verbosity to 10 (on Linux, `export AUTOGRAPH_VERBOSITY=10`) and attach the full output.
Cause: module 'gast' has no attribute 'Index'
To silence this warning, decorate the function with @tf.autograph.experimental.do_not_convert
[2023-03-14 12:06:31,813][tensorflow][WARNING] - Model was constructed with shape (None, 65, 1) for input KerasTensor(type_spec=TensorSpec(shape=(None, 65, 1), dtype=tf.float32, name='input_2'), name='input_2', description="created by layer 'input_2'"), but it was called on an input with incompatible shape (None, 65, 65).
[2023-03-14 12:06:34,897][tensorflow][WARNING] - AutoGraph could not transform <bound method CELoss.call of <Projects_tensorflow.losses.cross_entropy_loss_2.CELoss object at 0x7f65ad218790>> and will run it as-is.
Please report this to the TensorFlow team. When filing the bug, set the verbosity to 10 (on Linux, `export AUTOGRAPH_VERBOSITY=10`) and attach the full output.
Cause: module 'gast' has no attribute 'Index'
To silence this warning, decorate the function with @tf.autograph.experimental.do_not_convert
[2023-03-14 12:06:44,975][tensorflow][WARNING] - Model was constructed with shape (None, 65, 1) for input KerasTensor(type_spec=TensorSpec(shape=(None, 65, 1), dtype=tf.float32, name='input_2'), name='input_2', description="created by layer 'input_2'"), but it was called on an input with incompatible shape (None, 65, 65).
[2023-03-14 12:32:38,248][tensorflow][WARNING] - Model was constructed with shape (None, 65, 1) for input KerasTensor(type_spec=TensorSpec(shape=(None, 65, 1), dtype=tf.float32, name='input_2'), name='input_2', description="created by layer 'input_2'"), but it was called on an input with incompatible shape (None, 65, 65).
[2023-03-14 12:59:39,345][tensorflow][WARNING] - Skipping full serialization of Keras layer <tensorflow.python.keras.layers.core.Activation object at 0x7f65a6f48790>, because it is not built.
[2023-03-14 12:59:39,925][tensorflow][WARNING] - Skipping full serialization of Keras layer <tensorflow.python.keras.layers.pooling.AveragePooling1D object at 0x7f65a6f48940>, because it is not built.
[2023-03-14 13:00:15,901][absl][WARNING] - Found untraced functions such as activation_layer_call_and_return_conditional_losses, activation_layer_call_fn, dense_layer_call_and_return_conditional_losses, dense_layer_call_fn, transformer_encoder_layer_call_and_return_conditional_losses while saving (showing 5 of 2530). These functions will not be directly callable after loading.
[2023-03-14 13:00:16,684][absl][WARNING] - Found untraced functions such as activation_layer_call_and_return_conditional_losses, activation_layer_call_fn, dense_layer_call_and_return_conditional_losses, dense_layer_call_fn, transformer_encoder_layer_call_and_return_conditional_losses while saving (showing 5 of 2530). These functions will not be directly callable after loading.
[2023-03-14 13:01:04,362][tensorflow][INFO] - Assets written to: /home/moshelaufer/PycharmProjects/results/checkpoint/synth_autoencoder_shlomi/2/assets
[2023-03-14 13:53:55,698][tensorflow][WARNING] - Skipping full serialization of Keras layer <tensorflow.python.keras.layers.core.Activation object at 0x7f65a6f48790>, because it is not built.
[2023-03-14 13:53:56,271][tensorflow][WARNING] - Skipping full serialization of Keras layer <tensorflow.python.keras.layers.pooling.AveragePooling1D object at 0x7f65a6f48940>, because it is not built.
[2023-03-14 13:54:32,495][absl][WARNING] - Found untraced functions such as activation_layer_call_and_return_conditional_losses, activation_layer_call_fn, dense_layer_call_and_return_conditional_losses, dense_layer_call_fn, transformer_encoder_layer_call_and_return_conditional_losses while saving (showing 5 of 2530). These functions will not be directly callable after loading.
[2023-03-14 13:54:33,279][absl][WARNING] - Found untraced functions such as activation_layer_call_and_return_conditional_losses, activation_layer_call_fn, dense_layer_call_and_return_conditional_losses, dense_layer_call_fn, transformer_encoder_layer_call_and_return_conditional_losses while saving (showing 5 of 2530). These functions will not be directly callable after loading.
[2023-03-14 13:55:35,975][tensorflow][INFO] - Assets written to: /home/moshelaufer/PycharmProjects/results/checkpoint/synth_autoencoder_shlomi/2/assets
[2023-03-14 14:47:50,722][tensorflow][WARNING] - Skipping full serialization of Keras layer <tensorflow.python.keras.layers.core.Activation object at 0x7f65a6f48790>, because it is not built.
[2023-03-14 14:47:51,283][tensorflow][WARNING] - Skipping full serialization of Keras layer <tensorflow.python.keras.layers.pooling.AveragePooling1D object at 0x7f65a6f48940>, because it is not built.
[2023-03-14 14:48:27,884][absl][WARNING] - Found untraced functions such as activation_layer_call_and_return_conditional_losses, activation_layer_call_fn, dense_layer_call_and_return_conditional_losses, dense_layer_call_fn, transformer_encoder_layer_call_and_return_conditional_losses while saving (showing 5 of 2530). These functions will not be directly callable after loading.
[2023-03-14 14:48:28,669][absl][WARNING] - Found untraced functions such as activation_layer_call_and_return_conditional_losses, activation_layer_call_fn, dense_layer_call_and_return_conditional_losses, dense_layer_call_fn, transformer_encoder_layer_call_and_return_conditional_losses while saving (showing 5 of 2530). These functions will not be directly callable after loading.
[2023-03-14 14:49:20,187][tensorflow][INFO] - Assets written to: /home/moshelaufer/PycharmProjects/results/checkpoint/synth_autoencoder_shlomi/2/assets
[2023-03-14 15:41:35,528][tensorflow][WARNING] - Skipping full serialization of Keras layer <tensorflow.python.keras.layers.core.Activation object at 0x7f65a6f48790>, because it is not built.
[2023-03-14 15:41:36,087][tensorflow][WARNING] - Skipping full serialization of Keras layer <tensorflow.python.keras.layers.pooling.AveragePooling1D object at 0x7f65a6f48940>, because it is not built.
[2023-03-14 15:42:12,309][absl][WARNING] - Found untraced functions such as activation_layer_call_and_return_conditional_losses, activation_layer_call_fn, dense_layer_call_and_return_conditional_losses, dense_layer_call_fn, transformer_encoder_layer_call_and_return_conditional_losses while saving (showing 5 of 2530). These functions will not be directly callable after loading.
[2023-03-14 15:42:13,096][absl][WARNING] - Found untraced functions such as activation_layer_call_and_return_conditional_losses, activation_layer_call_fn, dense_layer_call_and_return_conditional_losses, dense_layer_call_fn, transformer_encoder_layer_call_and_return_conditional_losses while saving (showing 5 of 2530). These functions will not be directly callable after loading.
[2023-03-14 15:42:57,068][tensorflow][INFO] - Assets written to: /home/moshelaufer/PycharmProjects/results/checkpoint/synth_autoencoder_shlomi/2/assets
[2023-03-14 16:35:15,196][tensorflow][WARNING] - Skipping full serialization of Keras layer <tensorflow.python.keras.layers.core.Activation object at 0x7f65a6f48790>, because it is not built.
[2023-03-14 16:35:15,777][tensorflow][WARNING] - Skipping full serialization of Keras layer <tensorflow.python.keras.layers.pooling.AveragePooling1D object at 0x7f65a6f48940>, because it is not built.
[2023-03-14 16:35:52,146][absl][WARNING] - Found untraced functions such as activation_layer_call_and_return_conditional_losses, activation_layer_call_fn, dense_layer_call_and_return_conditional_losses, dense_layer_call_fn, transformer_encoder_layer_call_and_return_conditional_losses while saving (showing 5 of 2530). These functions will not be directly callable after loading.
[2023-03-14 16:35:52,964][absl][WARNING] - Found untraced functions such as activation_layer_call_and_return_conditional_losses, activation_layer_call_fn, dense_layer_call_and_return_conditional_losses, dense_layer_call_fn, transformer_encoder_layer_call_and_return_conditional_losses while saving (showing 5 of 2530). These functions will not be directly callable after loading.
[2023-03-14 16:36:57,669][tensorflow][INFO] - Assets written to: /home/moshelaufer/PycharmProjects/results/checkpoint/synth_autoencoder_shlomi/2/assets
[2023-03-14 17:29:14,297][tensorflow][WARNING] - Skipping full serialization of Keras layer <tensorflow.python.keras.layers.core.Activation object at 0x7f65a6f48790>, because it is not built.
[2023-03-14 17:29:14,860][tensorflow][WARNING] - Skipping full serialization of Keras layer <tensorflow.python.keras.layers.pooling.AveragePooling1D object at 0x7f65a6f48940>, because it is not built.
[2023-03-14 17:29:51,177][absl][WARNING] - Found untraced functions such as activation_layer_call_and_return_conditional_losses, activation_layer_call_fn, dense_layer_call_and_return_conditional_losses, dense_layer_call_fn, transformer_encoder_layer_call_and_return_conditional_losses while saving (showing 5 of 2530). These functions will not be directly callable after loading.
[2023-03-14 17:29:52,018][absl][WARNING] - Found untraced functions such as activation_layer_call_and_return_conditional_losses, activation_layer_call_fn, dense_layer_call_and_return_conditional_losses, dense_layer_call_fn, transformer_encoder_layer_call_and_return_conditional_losses while saving (showing 5 of 2530). These functions will not be directly callable after loading.
[2023-03-14 17:30:42,553][tensorflow][INFO] - Assets written to: /home/moshelaufer/PycharmProjects/results/checkpoint/synth_autoencoder_shlomi/2/assets
[2023-03-14 18:22:59,753][tensorflow][WARNING] - Skipping full serialization of Keras layer <tensorflow.python.keras.layers.core.Activation object at 0x7f65a6f48790>, because it is not built.
[2023-03-14 18:23:00,331][tensorflow][WARNING] - Skipping full serialization of Keras layer <tensorflow.python.keras.layers.pooling.AveragePooling1D object at 0x7f65a6f48940>, because it is not built.
[2023-03-14 18:23:37,601][absl][WARNING] - Found untraced functions such as activation_layer_call_and_return_conditional_losses, activation_layer_call_fn, dense_layer_call_and_return_conditional_losses, dense_layer_call_fn, transformer_encoder_layer_call_and_return_conditional_losses while saving (showing 5 of 2530). These functions will not be directly callable after loading.
[2023-03-14 18:23:38,390][absl][WARNING] - Found untraced functions such as activation_layer_call_and_return_conditional_losses, activation_layer_call_fn, dense_layer_call_and_return_conditional_losses, dense_layer_call_fn, transformer_encoder_layer_call_and_return_conditional_losses while saving (showing 5 of 2530). These functions will not be directly callable after loading.
[2023-03-14 18:24:28,968][tensorflow][INFO] - Assets written to: /home/moshelaufer/PycharmProjects/results/checkpoint/synth_autoencoder_shlomi/2/assets
[2023-03-14 19:16:48,228][tensorflow][WARNING] - Skipping full serialization of Keras layer <tensorflow.python.keras.layers.core.Activation object at 0x7f65a6f48790>, because it is not built.
[2023-03-14 19:16:48,790][tensorflow][WARNING] - Skipping full serialization of Keras layer <tensorflow.python.keras.layers.pooling.AveragePooling1D object at 0x7f65a6f48940>, because it is not built.
[2023-03-14 19:17:24,323][absl][WARNING] - Found untraced functions such as activation_layer_call_and_return_conditional_losses, activation_layer_call_fn, dense_layer_call_and_return_conditional_losses, dense_layer_call_fn, transformer_encoder_layer_call_and_return_conditional_losses while saving (showing 5 of 2530). These functions will not be directly callable after loading.
[2023-03-14 19:17:25,145][absl][WARNING] - Found untraced functions such as activation_layer_call_and_return_conditional_losses, activation_layer_call_fn, dense_layer_call_and_return_conditional_losses, dense_layer_call_fn, transformer_encoder_layer_call_and_return_conditional_losses while saving (showing 5 of 2530). These functions will not be directly callable after loading.
[2023-03-14 19:18:27,121][tensorflow][INFO] - Assets written to: /home/moshelaufer/PycharmProjects/results/checkpoint/synth_autoencoder_shlomi/2/assets
[2023-03-14 20:10:44,931][tensorflow][WARNING] - Skipping full serialization of Keras layer <tensorflow.python.keras.layers.core.Activation object at 0x7f65a6f48790>, because it is not built.
[2023-03-14 20:10:45,515][tensorflow][WARNING] - Skipping full serialization of Keras layer <tensorflow.python.keras.layers.pooling.AveragePooling1D object at 0x7f65a6f48940>, because it is not built.
[2023-03-14 20:11:21,827][absl][WARNING] - Found untraced functions such as activation_layer_call_and_return_conditional_losses, activation_layer_call_fn, dense_layer_call_and_return_conditional_losses, dense_layer_call_fn, transformer_encoder_layer_call_and_return_conditional_losses while saving (showing 5 of 2530). These functions will not be directly callable after loading.
[2023-03-14 20:11:22,593][absl][WARNING] - Found untraced functions such as activation_layer_call_and_return_conditional_losses, activation_layer_call_fn, dense_layer_call_and_return_conditional_losses, dense_layer_call_fn, transformer_encoder_layer_call_and_return_conditional_losses while saving (showing 5 of 2530). These functions will not be directly callable after loading.
[2023-03-14 20:12:20,264][tensorflow][INFO] - Assets written to: /home/moshelaufer/PycharmProjects/results/checkpoint/synth_autoencoder_shlomi/2/assets
[2023-03-14 21:04:38,011][tensorflow][WARNING] - Skipping full serialization of Keras layer <tensorflow.python.keras.layers.core.Activation object at 0x7f65a6f48790>, because it is not built.
[2023-03-14 21:04:38,593][tensorflow][WARNING] - Skipping full serialization of Keras layer <tensorflow.python.keras.layers.pooling.AveragePooling1D object at 0x7f65a6f48940>, because it is not built.
[2023-03-14 21:05:16,107][absl][WARNING] - Found untraced functions such as activation_layer_call_and_return_conditional_losses, activation_layer_call_fn, dense_layer_call_and_return_conditional_losses, dense_layer_call_fn, transformer_encoder_layer_call_and_return_conditional_losses while saving (showing 5 of 2530). These functions will not be directly callable after loading.
[2023-03-14 21:05:17,464][absl][WARNING] - Found untraced functions such as activation_layer_call_and_return_conditional_losses, activation_layer_call_fn, dense_layer_call_and_return_conditional_losses, dense_layer_call_fn, transformer_encoder_layer_call_and_return_conditional_losses while saving (showing 5 of 2530). These functions will not be directly callable after loading.
[2023-03-14 21:06:10,805][tensorflow][INFO] - Assets written to: /home/moshelaufer/PycharmProjects/results/checkpoint/synth_autoencoder_shlomi/2/assets
[2023-03-14 21:58:30,946][tensorflow][WARNING] - Skipping full serialization of Keras layer <tensorflow.python.keras.layers.core.Activation object at 0x7f65a6f48790>, because it is not built.
[2023-03-14 21:58:31,550][tensorflow][WARNING] - Skipping full serialization of Keras layer <tensorflow.python.keras.layers.pooling.AveragePooling1D object at 0x7f65a6f48940>, because it is not built.
[2023-03-14 21:59:08,256][absl][WARNING] - Found untraced functions such as activation_layer_call_and_return_conditional_losses, activation_layer_call_fn, dense_layer_call_and_return_conditional_losses, dense_layer_call_fn, transformer_encoder_layer_call_and_return_conditional_losses while saving (showing 5 of 2530). These functions will not be directly callable after loading.
[2023-03-14 21:59:09,087][absl][WARNING] - Found untraced functions such as activation_layer_call_and_return_conditional_losses, activation_layer_call_fn, dense_layer_call_and_return_conditional_losses, dense_layer_call_fn, transformer_encoder_layer_call_and_return_conditional_losses while saving (showing 5 of 2530). These functions will not be directly callable after loading.
[2023-03-14 22:00:12,661][tensorflow][INFO] - Assets written to: /home/moshelaufer/PycharmProjects/results/checkpoint/synth_autoencoder_shlomi/2/assets
[2023-03-14 22:52:30,002][tensorflow][WARNING] - Skipping full serialization of Keras layer <tensorflow.python.keras.layers.core.Activation object at 0x7f65a6f48790>, because it is not built.
[2023-03-14 22:52:30,584][tensorflow][WARNING] - Skipping full serialization of Keras layer <tensorflow.python.keras.layers.pooling.AveragePooling1D object at 0x7f65a6f48940>, because it is not built.
[2023-03-14 22:53:07,310][absl][WARNING] - Found untraced functions such as activation_layer_call_and_return_conditional_losses, activation_layer_call_fn, dense_layer_call_and_return_conditional_losses, dense_layer_call_fn, transformer_encoder_layer_call_and_return_conditional_losses while saving (showing 5 of 2530). These functions will not be directly callable after loading.
[2023-03-14 22:53:08,100][absl][WARNING] - Found untraced functions such as activation_layer_call_and_return_conditional_losses, activation_layer_call_fn, dense_layer_call_and_return_conditional_losses, dense_layer_call_fn, transformer_encoder_layer_call_and_return_conditional_losses while saving (showing 5 of 2530). These functions will not be directly callable after loading.
[2023-03-14 22:54:17,500][tensorflow][INFO] - Assets written to: /home/moshelaufer/PycharmProjects/results/checkpoint/synth_autoencoder_shlomi/2/assets
[2023-03-14 23:46:33,669][tensorflow][WARNING] - Skipping full serialization of Keras layer <tensorflow.python.keras.layers.core.Activation object at 0x7f65a6f48790>, because it is not built.
[2023-03-14 23:46:34,248][tensorflow][WARNING] - Skipping full serialization of Keras layer <tensorflow.python.keras.layers.pooling.AveragePooling1D object at 0x7f65a6f48940>, because it is not built.
[2023-03-14 23:47:11,513][absl][WARNING] - Found untraced functions such as activation_layer_call_and_return_conditional_losses, activation_layer_call_fn, dense_layer_call_and_return_conditional_losses, dense_layer_call_fn, transformer_encoder_layer_call_and_return_conditional_losses while saving (showing 5 of 2530). These functions will not be directly callable after loading.
[2023-03-14 23:47:12,293][absl][WARNING] - Found untraced functions such as activation_layer_call_and_return_conditional_losses, activation_layer_call_fn, dense_layer_call_and_return_conditional_losses, dense_layer_call_fn, transformer_encoder_layer_call_and_return_conditional_losses while saving (showing 5 of 2530). These functions will not be directly callable after loading.
[2023-03-14 23:48:06,019][tensorflow][INFO] - Assets written to: /home/moshelaufer/PycharmProjects/results/checkpoint/synth_autoencoder_shlomi/2/assets
[2023-03-15 00:40:22,690][tensorflow][WARNING] - Skipping full serialization of Keras layer <tensorflow.python.keras.layers.core.Activation object at 0x7f65a6f48790>, because it is not built.
[2023-03-15 00:40:23,257][tensorflow][WARNING] - Skipping full serialization of Keras layer <tensorflow.python.keras.layers.pooling.AveragePooling1D object at 0x7f65a6f48940>, because it is not built.
[2023-03-15 00:40:59,187][absl][WARNING] - Found untraced functions such as activation_layer_call_and_return_conditional_losses, activation_layer_call_fn, dense_layer_call_and_return_conditional_losses, dense_layer_call_fn, transformer_encoder_layer_call_and_return_conditional_losses while saving (showing 5 of 2530). These functions will not be directly callable after loading.
[2023-03-15 00:40:59,959][absl][WARNING] - Found untraced functions such as activation_layer_call_and_return_conditional_losses, activation_layer_call_fn, dense_layer_call_and_return_conditional_losses, dense_layer_call_fn, transformer_encoder_layer_call_and_return_conditional_losses while saving (showing 5 of 2530). These functions will not be directly callable after loading.
[2023-03-15 00:42:04,283][tensorflow][INFO] - Assets written to: /home/moshelaufer/PycharmProjects/results/checkpoint/synth_autoencoder_shlomi/2/assets
[2023-03-15 01:34:23,234][tensorflow][WARNING] - Skipping full serialization of Keras layer <tensorflow.python.keras.layers.core.Activation object at 0x7f65a6f48790>, because it is not built.
[2023-03-15 01:34:23,830][tensorflow][WARNING] - Skipping full serialization of Keras layer <tensorflow.python.keras.layers.pooling.AveragePooling1D object at 0x7f65a6f48940>, because it is not built.
[2023-03-15 01:34:59,731][absl][WARNING] - Found untraced functions such as activation_layer_call_and_return_conditional_losses, activation_layer_call_fn, dense_layer_call_and_return_conditional_losses, dense_layer_call_fn, transformer_encoder_layer_call_and_return_conditional_losses while saving (showing 5 of 2530). These functions will not be directly callable after loading.
[2023-03-15 01:35:01,042][absl][WARNING] - Found untraced functions such as activation_layer_call_and_return_conditional_losses, activation_layer_call_fn, dense_layer_call_and_return_conditional_losses, dense_layer_call_fn, transformer_encoder_layer_call_and_return_conditional_losses while saving (showing 5 of 2530). These functions will not be directly callable after loading.
[2023-03-15 01:36:10,472][tensorflow][INFO] - Assets written to: /home/moshelaufer/PycharmProjects/results/checkpoint/synth_autoencoder_shlomi/2/assets
[2023-03-15 02:28:28,311][tensorflow][WARNING] - Skipping full serialization of Keras layer <tensorflow.python.keras.layers.core.Activation object at 0x7f65a6f48790>, because it is not built.
[2023-03-15 02:28:28,891][tensorflow][WARNING] - Skipping full serialization of Keras layer <tensorflow.python.keras.layers.pooling.AveragePooling1D object at 0x7f65a6f48940>, because it is not built.
[2023-03-15 02:29:04,945][absl][WARNING] - Found untraced functions such as activation_layer_call_and_return_conditional_losses, activation_layer_call_fn, dense_layer_call_and_return_conditional_losses, dense_layer_call_fn, transformer_encoder_layer_call_and_return_conditional_losses while saving (showing 5 of 2530). These functions will not be directly callable after loading.
[2023-03-15 02:29:05,735][absl][WARNING] - Found untraced functions such as activation_layer_call_and_return_conditional_losses, activation_layer_call_fn, dense_layer_call_and_return_conditional_losses, dense_layer_call_fn, transformer_encoder_layer_call_and_return_conditional_losses while saving (showing 5 of 2530). These functions will not be directly callable after loading.
[2023-03-15 02:29:58,936][tensorflow][INFO] - Assets written to: /home/moshelaufer/PycharmProjects/results/checkpoint/synth_autoencoder_shlomi/2/assets
[2023-03-15 03:22:15,334][tensorflow][WARNING] - Skipping full serialization of Keras layer <tensorflow.python.keras.layers.core.Activation object at 0x7f65a6f48790>, because it is not built.
[2023-03-15 03:22:15,895][tensorflow][WARNING] - Skipping full serialization of Keras layer <tensorflow.python.keras.layers.pooling.AveragePooling1D object at 0x7f65a6f48940>, because it is not built.
[2023-03-15 03:22:51,798][absl][WARNING] - Found untraced functions such as activation_layer_call_and_return_conditional_losses, activation_layer_call_fn, dense_layer_call_and_return_conditional_losses, dense_layer_call_fn, transformer_encoder_layer_call_and_return_conditional_losses while saving (showing 5 of 2530). These functions will not be directly callable after loading.
[2023-03-15 03:22:52,581][absl][WARNING] - Found untraced functions such as activation_layer_call_and_return_conditional_losses, activation_layer_call_fn, dense_layer_call_and_return_conditional_losses, dense_layer_call_fn, transformer_encoder_layer_call_and_return_conditional_losses while saving (showing 5 of 2530). These functions will not be directly callable after loading.
[2023-03-15 03:23:56,159][tensorflow][INFO] - Assets written to: /home/moshelaufer/PycharmProjects/results/checkpoint/synth_autoencoder_shlomi/2/assets
[2023-03-15 04:16:14,978][tensorflow][WARNING] - Skipping full serialization of Keras layer <tensorflow.python.keras.layers.core.Activation object at 0x7f65a6f48790>, because it is not built.
[2023-03-15 04:16:15,578][tensorflow][WARNING] - Skipping full serialization of Keras layer <tensorflow.python.keras.layers.pooling.AveragePooling1D object at 0x7f65a6f48940>, because it is not built.
[2023-03-15 04:16:51,443][absl][WARNING] - Found untraced functions such as activation_layer_call_and_return_conditional_losses, activation_layer_call_fn, dense_layer_call_and_return_conditional_losses, dense_layer_call_fn, transformer_encoder_layer_call_and_return_conditional_losses while saving (showing 5 of 2530). These functions will not be directly callable after loading.
[2023-03-15 04:16:52,231][absl][WARNING] - Found untraced functions such as activation_layer_call_and_return_conditional_losses, activation_layer_call_fn, dense_layer_call_and_return_conditional_losses, dense_layer_call_fn, transformer_encoder_layer_call_and_return_conditional_losses while saving (showing 5 of 2530). These functions will not be directly callable after loading.
[2023-03-15 04:18:02,718][tensorflow][INFO] - Assets written to: /home/moshelaufer/PycharmProjects/results/checkpoint/synth_autoencoder_shlomi/2/assets
[2023-03-15 05:10:21,866][tensorflow][WARNING] - Skipping full serialization of Keras layer <tensorflow.python.keras.layers.core.Activation object at 0x7f65a6f48790>, because it is not built.
[2023-03-15 05:10:22,453][tensorflow][WARNING] - Skipping full serialization of Keras layer <tensorflow.python.keras.layers.pooling.AveragePooling1D object at 0x7f65a6f48940>, because it is not built.
[2023-03-15 05:10:58,125][absl][WARNING] - Found untraced functions such as activation_layer_call_and_return_conditional_losses, activation_layer_call_fn, dense_layer_call_and_return_conditional_losses, dense_layer_call_fn, transformer_encoder_layer_call_and_return_conditional_losses while saving (showing 5 of 2530). These functions will not be directly callable after loading.
[2023-03-15 05:10:58,894][absl][WARNING] - Found untraced functions such as activation_layer_call_and_return_conditional_losses, activation_layer_call_fn, dense_layer_call_and_return_conditional_losses, dense_layer_call_fn, transformer_encoder_layer_call_and_return_conditional_losses while saving (showing 5 of 2530). These functions will not be directly callable after loading.
[2023-03-15 05:11:51,859][tensorflow][INFO] - Assets written to: /home/moshelaufer/PycharmProjects/results/checkpoint/synth_autoencoder_shlomi/2/assets
[2023-03-15 06:04:11,277][tensorflow][WARNING] - Skipping full serialization of Keras layer <tensorflow.python.keras.layers.core.Activation object at 0x7f65a6f48790>, because it is not built.
[2023-03-15 06:04:11,839][tensorflow][WARNING] - Skipping full serialization of Keras layer <tensorflow.python.keras.layers.pooling.AveragePooling1D object at 0x7f65a6f48940>, because it is not built.
[2023-03-15 06:04:47,339][absl][WARNING] - Found untraced functions such as activation_layer_call_and_return_conditional_losses, activation_layer_call_fn, dense_layer_call_and_return_conditional_losses, dense_layer_call_fn, transformer_encoder_layer_call_and_return_conditional_losses while saving (showing 5 of 2530). These functions will not be directly callable after loading.
[2023-03-15 06:04:48,176][absl][WARNING] - Found untraced functions such as activation_layer_call_and_return_conditional_losses, activation_layer_call_fn, dense_layer_call_and_return_conditional_losses, dense_layer_call_fn, transformer_encoder_layer_call_and_return_conditional_losses while saving (showing 5 of 2530). These functions will not be directly callable after loading.
[2023-03-15 06:05:51,062][tensorflow][INFO] - Assets written to: /home/moshelaufer/PycharmProjects/results/checkpoint/synth_autoencoder_shlomi/2/assets
[2023-03-15 06:58:08,740][tensorflow][WARNING] - Skipping full serialization of Keras layer <tensorflow.python.keras.layers.core.Activation object at 0x7f65a6f48790>, because it is not built.
[2023-03-15 06:58:09,303][tensorflow][WARNING] - Skipping full serialization of Keras layer <tensorflow.python.keras.layers.pooling.AveragePooling1D object at 0x7f65a6f48940>, because it is not built.
[2023-03-15 06:58:45,844][absl][WARNING] - Found untraced functions such as activation_layer_call_and_return_conditional_losses, activation_layer_call_fn, dense_layer_call_and_return_conditional_losses, dense_layer_call_fn, transformer_encoder_layer_call_and_return_conditional_losses while saving (showing 5 of 2530). These functions will not be directly callable after loading.
[2023-03-15 06:58:46,638][absl][WARNING] - Found untraced functions such as activation_layer_call_and_return_conditional_losses, activation_layer_call_fn, dense_layer_call_and_return_conditional_losses, dense_layer_call_fn, transformer_encoder_layer_call_and_return_conditional_losses while saving (showing 5 of 2530). These functions will not be directly callable after loading.
[2023-03-15 06:59:57,033][tensorflow][INFO] - Assets written to: /home/moshelaufer/PycharmProjects/results/checkpoint/synth_autoencoder_shlomi/2/assets
[2023-03-15 07:52:13,298][tensorflow][WARNING] - Skipping full serialization of Keras layer <tensorflow.python.keras.layers.core.Activation object at 0x7f65a6f48790>, because it is not built.
[2023-03-15 07:52:13,870][tensorflow][WARNING] - Skipping full serialization of Keras layer <tensorflow.python.keras.layers.pooling.AveragePooling1D object at 0x7f65a6f48940>, because it is not built.
[2023-03-15 07:52:50,394][absl][WARNING] - Found untraced functions such as activation_layer_call_and_return_conditional_losses, activation_layer_call_fn, dense_layer_call_and_return_conditional_losses, dense_layer_call_fn, transformer_encoder_layer_call_and_return_conditional_losses while saving (showing 5 of 2530). These functions will not be directly callable after loading.
[2023-03-15 07:52:51,197][absl][WARNING] - Found untraced functions such as activation_layer_call_and_return_conditional_losses, activation_layer_call_fn, dense_layer_call_and_return_conditional_losses, dense_layer_call_fn, transformer_encoder_layer_call_and_return_conditional_losses while saving (showing 5 of 2530). These functions will not be directly callable after loading.
[2023-03-15 07:53:41,143][tensorflow][INFO] - Assets written to: /home/moshelaufer/PycharmProjects/results/checkpoint/synth_autoencoder_shlomi/2/assets
[2023-03-15 08:45:58,974][tensorflow][WARNING] - Skipping full serialization of Keras layer <tensorflow.python.keras.layers.core.Activation object at 0x7f65a6f48790>, because it is not built.
[2023-03-15 08:45:59,560][tensorflow][WARNING] - Skipping full serialization of Keras layer <tensorflow.python.keras.layers.pooling.AveragePooling1D object at 0x7f65a6f48940>, because it is not built.
[2023-03-15 08:46:35,908][absl][WARNING] - Found untraced functions such as activation_layer_call_and_return_conditional_losses, activation_layer_call_fn, dense_layer_call_and_return_conditional_losses, dense_layer_call_fn, transformer_encoder_layer_call_and_return_conditional_losses while saving (showing 5 of 2530). These functions will not be directly callable after loading.
[2023-03-15 08:46:36,692][absl][WARNING] - Found untraced functions such as activation_layer_call_and_return_conditional_losses, activation_layer_call_fn, dense_layer_call_and_return_conditional_losses, dense_layer_call_fn, transformer_encoder_layer_call_and_return_conditional_losses while saving (showing 5 of 2530). These functions will not be directly callable after loading.
[2023-03-15 08:47:41,471][tensorflow][INFO] - Assets written to: /home/moshelaufer/PycharmProjects/results/checkpoint/synth_autoencoder_shlomi/2/assets
[2023-03-15 09:39:57,507][tensorflow][WARNING] - Skipping full serialization of Keras layer <tensorflow.python.keras.layers.core.Activation object at 0x7f65a6f48790>, because it is not built.
[2023-03-15 09:39:58,089][tensorflow][WARNING] - Skipping full serialization of Keras layer <tensorflow.python.keras.layers.pooling.AveragePooling1D object at 0x7f65a6f48940>, because it is not built.
[2023-03-15 09:40:35,315][absl][WARNING] - Found untraced functions such as activation_layer_call_and_return_conditional_losses, activation_layer_call_fn, dense_layer_call_and_return_conditional_losses, dense_layer_call_fn, transformer_encoder_layer_call_and_return_conditional_losses while saving (showing 5 of 2530). These functions will not be directly callable after loading.
[2023-03-15 09:40:36,150][absl][WARNING] - Found untraced functions such as activation_layer_call_and_return_conditional_losses, activation_layer_call_fn, dense_layer_call_and_return_conditional_losses, dense_layer_call_fn, transformer_encoder_layer_call_and_return_conditional_losses while saving (showing 5 of 2530). These functions will not be directly callable after loading.
[2023-03-15 09:41:45,749][tensorflow][INFO] - Assets written to: /home/moshelaufer/PycharmProjects/results/checkpoint/synth_autoencoder_shlomi/2/assets
[2023-03-15 10:34:03,454][tensorflow][WARNING] - Skipping full serialization of Keras layer <tensorflow.python.keras.layers.core.Activation object at 0x7f65a6f48790>, because it is not built.
[2023-03-15 10:34:04,059][tensorflow][WARNING] - Skipping full serialization of Keras layer <tensorflow.python.keras.layers.pooling.AveragePooling1D object at 0x7f65a6f48940>, because it is not built.
[2023-03-15 10:34:40,533][absl][WARNING] - Found untraced functions such as activation_layer_call_and_return_conditional_losses, activation_layer_call_fn, dense_layer_call_and_return_conditional_losses, dense_layer_call_fn, transformer_encoder_layer_call_and_return_conditional_losses while saving (showing 5 of 2530). These functions will not be directly callable after loading.
[2023-03-15 10:34:41,319][absl][WARNING] - Found untraced functions such as activation_layer_call_and_return_conditional_losses, activation_layer_call_fn, dense_layer_call_and_return_conditional_losses, dense_layer_call_fn, transformer_encoder_layer_call_and_return_conditional_losses while saving (showing 5 of 2530). These functions will not be directly callable after loading.
[2023-03-15 10:35:32,726][tensorflow][INFO] - Assets written to: /home/moshelaufer/PycharmProjects/results/checkpoint/synth_autoencoder_shlomi/2/assets
[2023-03-15 11:27:49,205][tensorflow][WARNING] - Skipping full serialization of Keras layer <tensorflow.python.keras.layers.core.Activation object at 0x7f65a6f48790>, because it is not built.
[2023-03-15 11:27:49,767][tensorflow][WARNING] - Skipping full serialization of Keras layer <tensorflow.python.keras.layers.pooling.AveragePooling1D object at 0x7f65a6f48940>, because it is not built.
[2023-03-15 11:28:25,341][absl][WARNING] - Found untraced functions such as activation_layer_call_and_return_conditional_losses, activation_layer_call_fn, dense_layer_call_and_return_conditional_losses, dense_layer_call_fn, transformer_encoder_layer_call_and_return_conditional_losses while saving (showing 5 of 2530). These functions will not be directly callable after loading.
[2023-03-15 11:28:26,120][absl][WARNING] - Found untraced functions such as activation_layer_call_and_return_conditional_losses, activation_layer_call_fn, dense_layer_call_and_return_conditional_losses, dense_layer_call_fn, transformer_encoder_layer_call_and_return_conditional_losses while saving (showing 5 of 2530). These functions will not be directly callable after loading.
[2023-03-15 11:29:30,167][tensorflow][INFO] - Assets written to: /home/moshelaufer/PycharmProjects/results/checkpoint/synth_autoencoder_shlomi/2/assets
[2023-03-15 12:21:45,930][tensorflow][WARNING] - Skipping full serialization of Keras layer <tensorflow.python.keras.layers.core.Activation object at 0x7f65a6f48790>, because it is not built.
[2023-03-15 12:21:46,491][tensorflow][WARNING] - Skipping full serialization of Keras layer <tensorflow.python.keras.layers.pooling.AveragePooling1D object at 0x7f65a6f48940>, because it is not built.
[2023-03-15 12:22:22,745][absl][WARNING] - Found untraced functions such as activation_layer_call_and_return_conditional_losses, activation_layer_call_fn, dense_layer_call_and_return_conditional_losses, dense_layer_call_fn, transformer_encoder_layer_call_and_return_conditional_losses while saving (showing 5 of 2530). These functions will not be directly callable after loading.
[2023-03-15 12:22:23,520][absl][WARNING] - Found untraced functions such as activation_layer_call_and_return_conditional_losses, activation_layer_call_fn, dense_layer_call_and_return_conditional_losses, dense_layer_call_fn, transformer_encoder_layer_call_and_return_conditional_losses while saving (showing 5 of 2530). These functions will not be directly callable after loading.
[2023-03-15 12:23:34,372][tensorflow][INFO] - Assets written to: /home/moshelaufer/PycharmProjects/results/checkpoint/synth_autoencoder_shlomi/2/assets
[2023-03-15 13:15:50,433][tensorflow][WARNING] - Skipping full serialization of Keras layer <tensorflow.python.keras.layers.core.Activation object at 0x7f65a6f48790>, because it is not built.
[2023-03-15 13:15:51,011][tensorflow][WARNING] - Skipping full serialization of Keras layer <tensorflow.python.keras.layers.pooling.AveragePooling1D object at 0x7f65a6f48940>, because it is not built.
[2023-03-15 13:16:27,700][absl][WARNING] - Found untraced functions such as activation_layer_call_and_return_conditional_losses, activation_layer_call_fn, dense_layer_call_and_return_conditional_losses, dense_layer_call_fn, transformer_encoder_layer_call_and_return_conditional_losses while saving (showing 5 of 2530). These functions will not be directly callable after loading.
[2023-03-15 13:16:28,497][absl][WARNING] - Found untraced functions such as activation_layer_call_and_return_conditional_losses, activation_layer_call_fn, dense_layer_call_and_return_conditional_losses, dense_layer_call_fn, transformer_encoder_layer_call_and_return_conditional_losses while saving (showing 5 of 2530). These functions will not be directly callable after loading.
[2023-03-15 13:17:23,035][tensorflow][INFO] - Assets written to: /home/moshelaufer/PycharmProjects/results/checkpoint/synth_autoencoder_shlomi/2/assets
[2023-03-15 14:09:41,333][tensorflow][WARNING] - Skipping full serialization of Keras layer <tensorflow.python.keras.layers.core.Activation object at 0x7f65a6f48790>, because it is not built.
[2023-03-15 14:09:41,915][tensorflow][WARNING] - Skipping full serialization of Keras layer <tensorflow.python.keras.layers.pooling.AveragePooling1D object at 0x7f65a6f48940>, because it is not built.
[2023-03-15 14:10:16,881][absl][WARNING] - Found untraced functions such as activation_layer_call_and_return_conditional_losses, activation_layer_call_fn, dense_layer_call_and_return_conditional_losses, dense_layer_call_fn, transformer_encoder_layer_call_and_return_conditional_losses while saving (showing 5 of 2530). These functions will not be directly callable after loading.
[2023-03-15 14:10:18,168][absl][WARNING] - Found untraced functions such as activation_layer_call_and_return_conditional_losses, activation_layer_call_fn, dense_layer_call_and_return_conditional_losses, dense_layer_call_fn, transformer_encoder_layer_call_and_return_conditional_losses while saving (showing 5 of 2530). These functions will not be directly callable after loading.
[2023-03-15 14:11:23,676][tensorflow][INFO] - Assets written to: /home/moshelaufer/PycharmProjects/results/checkpoint/synth_autoencoder_shlomi/2/assets
[2023-03-15 15:03:41,155][tensorflow][WARNING] - Skipping full serialization of Keras layer <tensorflow.python.keras.layers.core.Activation object at 0x7f65a6f48790>, because it is not built.
[2023-03-15 15:03:41,746][tensorflow][WARNING] - Skipping full serialization of Keras layer <tensorflow.python.keras.layers.pooling.AveragePooling1D object at 0x7f65a6f48940>, because it is not built.
[2023-03-15 15:04:18,175][absl][WARNING] - Found untraced functions such as activation_layer_call_and_return_conditional_losses, activation_layer_call_fn, dense_layer_call_and_return_conditional_losses, dense_layer_call_fn, transformer_encoder_layer_call_and_return_conditional_losses while saving (showing 5 of 2530). These functions will not be directly callable after loading.
[2023-03-15 15:04:18,955][absl][WARNING] - Found untraced functions such as activation_layer_call_and_return_conditional_losses, activation_layer_call_fn, dense_layer_call_and_return_conditional_losses, dense_layer_call_fn, transformer_encoder_layer_call_and_return_conditional_losses while saving (showing 5 of 2530). These functions will not be directly callable after loading.
[2023-03-15 15:05:31,525][tensorflow][INFO] - Assets written to: /home/moshelaufer/PycharmProjects/results/checkpoint/synth_autoencoder_shlomi/2/assets
[2023-03-15 15:57:47,889][tensorflow][WARNING] - Skipping full serialization of Keras layer <tensorflow.python.keras.layers.core.Activation object at 0x7f65a6f48790>, because it is not built.
[2023-03-15 15:57:48,464][tensorflow][WARNING] - Skipping full serialization of Keras layer <tensorflow.python.keras.layers.pooling.AveragePooling1D object at 0x7f65a6f48940>, because it is not built.
[2023-03-15 15:58:24,416][absl][WARNING] - Found untraced functions such as activation_layer_call_and_return_conditional_losses, activation_layer_call_fn, dense_layer_call_and_return_conditional_losses, dense_layer_call_fn, transformer_encoder_layer_call_and_return_conditional_losses while saving (showing 5 of 2530). These functions will not be directly callable after loading.
[2023-03-15 15:58:25,191][absl][WARNING] - Found untraced functions such as activation_layer_call_and_return_conditional_losses, activation_layer_call_fn, dense_layer_call_and_return_conditional_losses, dense_layer_call_fn, transformer_encoder_layer_call_and_return_conditional_losses while saving (showing 5 of 2530). These functions will not be directly callable after loading.
[2023-03-15 15:59:17,470][tensorflow][INFO] - Assets written to: /home/moshelaufer/PycharmProjects/results/checkpoint/synth_autoencoder_shlomi/2/assets
[2023-03-15 16:51:35,294][tensorflow][WARNING] - Skipping full serialization of Keras layer <tensorflow.python.keras.layers.core.Activation object at 0x7f65a6f48790>, because it is not built.
[2023-03-15 16:51:35,882][tensorflow][WARNING] - Skipping full serialization of Keras layer <tensorflow.python.keras.layers.pooling.AveragePooling1D object at 0x7f65a6f48940>, because it is not built.
[2023-03-15 16:52:11,213][absl][WARNING] - Found untraced functions such as activation_layer_call_and_return_conditional_losses, activation_layer_call_fn, dense_layer_call_and_return_conditional_losses, dense_layer_call_fn, transformer_encoder_layer_call_and_return_conditional_losses while saving (showing 5 of 2530). These functions will not be directly callable after loading.
[2023-03-15 16:52:12,564][absl][WARNING] - Found untraced functions such as activation_layer_call_and_return_conditional_losses, activation_layer_call_fn, dense_layer_call_and_return_conditional_losses, dense_layer_call_fn, transformer_encoder_layer_call_and_return_conditional_losses while saving (showing 5 of 2530). These functions will not be directly callable after loading.
[2023-03-15 16:53:11,198][tensorflow][INFO] - Assets written to: /home/moshelaufer/PycharmProjects/results/checkpoint/synth_autoencoder_shlomi/2/assets
[2023-03-15 17:45:29,696][tensorflow][WARNING] - Skipping full serialization of Keras layer <tensorflow.python.keras.layers.core.Activation object at 0x7f65a6f48790>, because it is not built.
[2023-03-15 17:45:30,291][tensorflow][WARNING] - Skipping full serialization of Keras layer <tensorflow.python.keras.layers.pooling.AveragePooling1D object at 0x7f65a6f48940>, because it is not built.
[2023-03-15 17:46:07,100][absl][WARNING] - Found untraced functions such as activation_layer_call_and_return_conditional_losses, activation_layer_call_fn, dense_layer_call_and_return_conditional_losses, dense_layer_call_fn, transformer_encoder_layer_call_and_return_conditional_losses while saving (showing 5 of 2530). These functions will not be directly callable after loading.
[2023-03-15 17:46:07,923][absl][WARNING] - Found untraced functions such as activation_layer_call_and_return_conditional_losses, activation_layer_call_fn, dense_layer_call_and_return_conditional_losses, dense_layer_call_fn, transformer_encoder_layer_call_and_return_conditional_losses while saving (showing 5 of 2530). These functions will not be directly callable after loading.
[2023-03-15 17:47:20,377][tensorflow][INFO] - Assets written to: /home/moshelaufer/PycharmProjects/results/checkpoint/synth_autoencoder_shlomi/2/assets
[2023-03-15 18:39:36,360][tensorflow][WARNING] - Skipping full serialization of Keras layer <tensorflow.python.keras.layers.core.Activation object at 0x7f65a6f48790>, because it is not built.
[2023-03-15 18:39:36,934][tensorflow][WARNING] - Skipping full serialization of Keras layer <tensorflow.python.keras.layers.pooling.AveragePooling1D object at 0x7f65a6f48940>, because it is not built.
[2023-03-15 18:40:13,349][absl][WARNING] - Found untraced functions such as activation_layer_call_and_return_conditional_losses, activation_layer_call_fn, dense_layer_call_and_return_conditional_losses, dense_layer_call_fn, transformer_encoder_layer_call_and_return_conditional_losses while saving (showing 5 of 2530). These functions will not be directly callable after loading.
[2023-03-15 18:40:14,142][absl][WARNING] - Found untraced functions such as activation_layer_call_and_return_conditional_losses, activation_layer_call_fn, dense_layer_call_and_return_conditional_losses, dense_layer_call_fn, transformer_encoder_layer_call_and_return_conditional_losses while saving (showing 5 of 2530). These functions will not be directly callable after loading.
[2023-03-15 18:41:09,350][tensorflow][INFO] - Assets written to: /home/moshelaufer/PycharmProjects/results/checkpoint/synth_autoencoder_shlomi/2/assets
[2023-03-15 19:33:27,053][tensorflow][WARNING] - Skipping full serialization of Keras layer <tensorflow.python.keras.layers.core.Activation object at 0x7f65a6f48790>, because it is not built.
[2023-03-15 19:33:27,639][tensorflow][WARNING] - Skipping full serialization of Keras layer <tensorflow.python.keras.layers.pooling.AveragePooling1D object at 0x7f65a6f48940>, because it is not built.
[2023-03-15 19:34:02,782][absl][WARNING] - Found untraced functions such as activation_layer_call_and_return_conditional_losses, activation_layer_call_fn, dense_layer_call_and_return_conditional_losses, dense_layer_call_fn, transformer_encoder_layer_call_and_return_conditional_losses while saving (showing 5 of 2530). These functions will not be directly callable after loading.
[2023-03-15 19:34:03,579][absl][WARNING] - Found untraced functions such as activation_layer_call_and_return_conditional_losses, activation_layer_call_fn, dense_layer_call_and_return_conditional_losses, dense_layer_call_fn, transformer_encoder_layer_call_and_return_conditional_losses while saving (showing 5 of 2530). These functions will not be directly callable after loading.
[2023-03-15 19:35:08,802][tensorflow][INFO] - Assets written to: /home/moshelaufer/PycharmProjects/results/checkpoint/synth_autoencoder_shlomi/2/assets
[2023-03-15 20:27:27,280][tensorflow][WARNING] - Skipping full serialization of Keras layer <tensorflow.python.keras.layers.core.Activation object at 0x7f65a6f48790>, because it is not built.
[2023-03-15 20:27:27,877][tensorflow][WARNING] - Skipping full serialization of Keras layer <tensorflow.python.keras.layers.pooling.AveragePooling1D object at 0x7f65a6f48940>, because it is not built.
[2023-03-15 20:28:03,797][absl][WARNING] - Found untraced functions such as activation_layer_call_and_return_conditional_losses, activation_layer_call_fn, dense_layer_call_and_return_conditional_losses, dense_layer_call_fn, transformer_encoder_layer_call_and_return_conditional_losses while saving (showing 5 of 2530). These functions will not be directly callable after loading.
[2023-03-15 20:28:05,091][absl][WARNING] - Found untraced functions such as activation_layer_call_and_return_conditional_losses, activation_layer_call_fn, dense_layer_call_and_return_conditional_losses, dense_layer_call_fn, transformer_encoder_layer_call_and_return_conditional_losses while saving (showing 5 of 2530). These functions will not be directly callable after loading.
[2023-03-15 20:29:13,162][tensorflow][INFO] - Assets written to: /home/moshelaufer/PycharmProjects/results/checkpoint/synth_autoencoder_shlomi/2/assets
[2023-03-15 21:21:31,002][tensorflow][WARNING] - Skipping full serialization of Keras layer <tensorflow.python.keras.layers.core.Activation object at 0x7f65a6f48790>, because it is not built.
[2023-03-15 21:21:31,597][tensorflow][WARNING] - Skipping full serialization of Keras layer <tensorflow.python.keras.layers.pooling.AveragePooling1D object at 0x7f65a6f48940>, because it is not built.
[2023-03-15 21:22:08,056][absl][WARNING] - Found untraced functions such as activation_layer_call_and_return_conditional_losses, activation_layer_call_fn, dense_layer_call_and_return_conditional_losses, dense_layer_call_fn, transformer_encoder_layer_call_and_return_conditional_losses while saving (showing 5 of 2530). These functions will not be directly callable after loading.
[2023-03-15 21:22:08,839][absl][WARNING] - Found untraced functions such as activation_layer_call_and_return_conditional_losses, activation_layer_call_fn, dense_layer_call_and_return_conditional_losses, dense_layer_call_fn, transformer_encoder_layer_call_and_return_conditional_losses while saving (showing 5 of 2530). These functions will not be directly callable after loading.
[2023-03-15 21:23:02,237][tensorflow][INFO] - Assets written to: /home/moshelaufer/PycharmProjects/results/checkpoint/synth_autoencoder_shlomi/2/assets
[2023-03-15 22:15:19,278][tensorflow][WARNING] - Skipping full serialization of Keras layer <tensorflow.python.keras.layers.core.Activation object at 0x7f65a6f48790>, because it is not built.
[2023-03-15 22:15:19,853][tensorflow][WARNING] - Skipping full serialization of Keras layer <tensorflow.python.keras.layers.pooling.AveragePooling1D object at 0x7f65a6f48940>, because it is not built.
[2023-03-15 22:15:56,355][absl][WARNING] - Found untraced functions such as activation_layer_call_and_return_conditional_losses, activation_layer_call_fn, dense_layer_call_and_return_conditional_losses, dense_layer_call_fn, transformer_encoder_layer_call_and_return_conditional_losses while saving (showing 5 of 2530). These functions will not be directly callable after loading.
[2023-03-15 22:15:57,127][absl][WARNING] - Found untraced functions such as activation_layer_call_and_return_conditional_losses, activation_layer_call_fn, dense_layer_call_and_return_conditional_losses, dense_layer_call_fn, transformer_encoder_layer_call_and_return_conditional_losses while saving (showing 5 of 2530). These functions will not be directly callable after loading.
[2023-03-15 22:17:02,753][tensorflow][INFO] - Assets written to: /home/moshelaufer/PycharmProjects/results/checkpoint/synth_autoencoder_shlomi/2/assets
[2023-03-15 23:09:21,036][tensorflow][WARNING] - Skipping full serialization of Keras layer <tensorflow.python.keras.layers.core.Activation object at 0x7f65a6f48790>, because it is not built.
[2023-03-15 23:09:21,622][tensorflow][WARNING] - Skipping full serialization of Keras layer <tensorflow.python.keras.layers.pooling.AveragePooling1D object at 0x7f65a6f48940>, because it is not built.
[2023-03-15 23:09:56,821][absl][WARNING] - Found untraced functions such as activation_layer_call_and_return_conditional_losses, activation_layer_call_fn, dense_layer_call_and_return_conditional_losses, dense_layer_call_fn, transformer_encoder_layer_call_and_return_conditional_losses while saving (showing 5 of 2530). These functions will not be directly callable after loading.
[2023-03-15 23:09:57,614][absl][WARNING] - Found untraced functions such as activation_layer_call_and_return_conditional_losses, activation_layer_call_fn, dense_layer_call_and_return_conditional_losses, dense_layer_call_fn, transformer_encoder_layer_call_and_return_conditional_losses while saving (showing 5 of 2530). These functions will not be directly callable after loading.
[2023-03-15 23:11:08,002][tensorflow][INFO] - Assets written to: /home/moshelaufer/PycharmProjects/results/checkpoint/synth_autoencoder_shlomi/2/assets
[2023-03-16 00:55:40,319][tensorflow][WARNING] - Skipping full serialization of Keras layer <tensorflow.python.keras.layers.core.Activation object at 0x7f65a6f48790>, because it is not built.
[2023-03-16 00:55:40,915][tensorflow][WARNING] - Skipping full serialization of Keras layer <tensorflow.python.keras.layers.pooling.AveragePooling1D object at 0x7f65a6f48940>, because it is not built.
[2023-03-16 00:56:17,576][absl][WARNING] - Found untraced functions such as activation_layer_call_and_return_conditional_losses, activation_layer_call_fn, dense_layer_call_and_return_conditional_losses, dense_layer_call_fn, transformer_encoder_layer_call_and_return_conditional_losses while saving (showing 5 of 2530). These functions will not be directly callable after loading.
[2023-03-16 00:56:18,365][absl][WARNING] - Found untraced functions such as activation_layer_call_and_return_conditional_losses, activation_layer_call_fn, dense_layer_call_and_return_conditional_losses, dense_layer_call_fn, transformer_encoder_layer_call_and_return_conditional_losses while saving (showing 5 of 2530). These functions will not be directly callable after loading.
[2023-03-16 00:57:56,311][tensorflow][INFO] - Assets written to: /home/moshelaufer/PycharmProjects/results/checkpoint/synth_autoencoder_shlomi/2/assets
[2023-03-16 01:50:15,354][tensorflow][WARNING] - Skipping full serialization of Keras layer <tensorflow.python.keras.layers.core.Activation object at 0x7f65a6f48790>, because it is not built.
[2023-03-16 01:50:16,689][tensorflow][WARNING] - Skipping full serialization of Keras layer <tensorflow.python.keras.layers.pooling.AveragePooling1D object at 0x7f65a6f48940>, because it is not built.
[2023-03-16 01:50:54,750][absl][WARNING] - Found untraced functions such as activation_layer_call_and_return_conditional_losses, activation_layer_call_fn, dense_layer_call_and_return_conditional_losses, dense_layer_call_fn, transformer_encoder_layer_call_and_return_conditional_losses while saving (showing 5 of 2530). These functions will not be directly callable after loading.
[2023-03-16 01:50:55,553][absl][WARNING] - Found untraced functions such as activation_layer_call_and_return_conditional_losses, activation_layer_call_fn, dense_layer_call_and_return_conditional_losses, dense_layer_call_fn, transformer_encoder_layer_call_and_return_conditional_losses while saving (showing 5 of 2530). These functions will not be directly callable after loading.
[2023-03-16 01:52:06,572][tensorflow][INFO] - Assets written to: /home/moshelaufer/PycharmProjects/results/checkpoint/synth_autoencoder_shlomi/2/assets
[2023-03-16 02:44:25,567][tensorflow][WARNING] - Skipping full serialization of Keras layer <tensorflow.python.keras.layers.core.Activation object at 0x7f65a6f48790>, because it is not built.
[2023-03-16 02:44:26,175][tensorflow][WARNING] - Skipping full serialization of Keras layer <tensorflow.python.keras.layers.pooling.AveragePooling1D object at 0x7f65a6f48940>, because it is not built.
[2023-03-16 02:45:02,473][absl][WARNING] - Found untraced functions such as activation_layer_call_and_return_conditional_losses, activation_layer_call_fn, dense_layer_call_and_return_conditional_losses, dense_layer_call_fn, transformer_encoder_layer_call_and_return_conditional_losses while saving (showing 5 of 2530). These functions will not be directly callable after loading.
[2023-03-16 02:45:03,798][absl][WARNING] - Found untraced functions such as activation_layer_call_and_return_conditional_losses, activation_layer_call_fn, dense_layer_call_and_return_conditional_losses, dense_layer_call_fn, transformer_encoder_layer_call_and_return_conditional_losses while saving (showing 5 of 2530). These functions will not be directly callable after loading.
[2023-03-16 02:45:58,997][tensorflow][INFO] - Assets written to: /home/moshelaufer/PycharmProjects/results/checkpoint/synth_autoencoder_shlomi/2/assets
[2023-03-16 03:38:16,401][tensorflow][WARNING] - Skipping full serialization of Keras layer <tensorflow.python.keras.layers.core.Activation object at 0x7f65a6f48790>, because it is not built.
[2023-03-16 03:38:16,988][tensorflow][WARNING] - Skipping full serialization of Keras layer <tensorflow.python.keras.layers.pooling.AveragePooling1D object at 0x7f65a6f48940>, because it is not built.
[2023-03-16 03:38:52,883][absl][WARNING] - Found untraced functions such as activation_layer_call_and_return_conditional_losses, activation_layer_call_fn, dense_layer_call_and_return_conditional_losses, dense_layer_call_fn, transformer_encoder_layer_call_and_return_conditional_losses while saving (showing 5 of 2530). These functions will not be directly callable after loading.
[2023-03-16 03:38:53,673][absl][WARNING] - Found untraced functions such as activation_layer_call_and_return_conditional_losses, activation_layer_call_fn, dense_layer_call_and_return_conditional_losses, dense_layer_call_fn, transformer_encoder_layer_call_and_return_conditional_losses while saving (showing 5 of 2530). These functions will not be directly callable after loading.
[2023-03-16 03:40:00,712][tensorflow][INFO] - Assets written to: /home/moshelaufer/PycharmProjects/results/checkpoint/synth_autoencoder_shlomi/2/assets
[2023-03-16 04:32:18,089][tensorflow][WARNING] - Skipping full serialization of Keras layer <tensorflow.python.keras.layers.core.Activation object at 0x7f65a6f48790>, because it is not built.
[2023-03-16 04:32:18,741][tensorflow][WARNING] - Skipping full serialization of Keras layer <tensorflow.python.keras.layers.pooling.AveragePooling1D object at 0x7f65a6f48940>, because it is not built.
[2023-03-16 04:32:54,963][absl][WARNING] - Found untraced functions such as activation_layer_call_and_return_conditional_losses, activation_layer_call_fn, dense_layer_call_and_return_conditional_losses, dense_layer_call_fn, transformer_encoder_layer_call_and_return_conditional_losses while saving (showing 5 of 2530). These functions will not be directly callable after loading.
[2023-03-16 04:32:55,745][absl][WARNING] - Found untraced functions such as activation_layer_call_and_return_conditional_losses, activation_layer_call_fn, dense_layer_call_and_return_conditional_losses, dense_layer_call_fn, transformer_encoder_layer_call_and_return_conditional_losses while saving (showing 5 of 2530). These functions will not be directly callable after loading.
[2023-03-16 04:34:05,376][tensorflow][INFO] - Assets written to: /home/moshelaufer/PycharmProjects/results/checkpoint/synth_autoencoder_shlomi/2/assets
[2023-03-16 05:26:21,128][tensorflow][WARNING] - Skipping full serialization of Keras layer <tensorflow.python.keras.layers.core.Activation object at 0x7f65a6f48790>, because it is not built.
[2023-03-16 05:26:21,696][tensorflow][WARNING] - Skipping full serialization of Keras layer <tensorflow.python.keras.layers.pooling.AveragePooling1D object at 0x7f65a6f48940>, because it is not built.
[2023-03-16 05:26:58,714][absl][WARNING] - Found untraced functions such as activation_layer_call_and_return_conditional_losses, activation_layer_call_fn, dense_layer_call_and_return_conditional_losses, dense_layer_call_fn, transformer_encoder_layer_call_and_return_conditional_losses while saving (showing 5 of 2530). These functions will not be directly callable after loading.
[2023-03-16 05:26:59,506][absl][WARNING] - Found untraced functions such as activation_layer_call_and_return_conditional_losses, activation_layer_call_fn, dense_layer_call_and_return_conditional_losses, dense_layer_call_fn, transformer_encoder_layer_call_and_return_conditional_losses while saving (showing 5 of 2530). These functions will not be directly callable after loading.
[2023-03-16 05:27:54,278][tensorflow][INFO] - Assets written to: /home/moshelaufer/PycharmProjects/results/checkpoint/synth_autoencoder_shlomi/2/assets
[2023-03-16 06:20:10,641][tensorflow][WARNING] - Skipping full serialization of Keras layer <tensorflow.python.keras.layers.core.Activation object at 0x7f65a6f48790>, because it is not built.
[2023-03-16 06:20:11,226][tensorflow][WARNING] - Skipping full serialization of Keras layer <tensorflow.python.keras.layers.pooling.AveragePooling1D object at 0x7f65a6f48940>, because it is not built.
[2023-03-16 06:20:48,790][absl][WARNING] - Found untraced functions such as activation_layer_call_and_return_conditional_losses, activation_layer_call_fn, dense_layer_call_and_return_conditional_losses, dense_layer_call_fn, transformer_encoder_layer_call_and_return_conditional_losses while saving (showing 5 of 2530). These functions will not be directly callable after loading.
[2023-03-16 06:20:49,596][absl][WARNING] - Found untraced functions such as activation_layer_call_and_return_conditional_losses, activation_layer_call_fn, dense_layer_call_and_return_conditional_losses, dense_layer_call_fn, transformer_encoder_layer_call_and_return_conditional_losses while saving (showing 5 of 2530). These functions will not be directly callable after loading.
[2023-03-16 06:21:53,550][tensorflow][INFO] - Assets written to: /home/moshelaufer/PycharmProjects/results/checkpoint/synth_autoencoder_shlomi/2/assets
[2023-03-16 08:06:23,399][tensorflow][WARNING] - Skipping full serialization of Keras layer <tensorflow.python.keras.layers.core.Activation object at 0x7f65a6f48790>, because it is not built.
[2023-03-16 08:06:23,963][tensorflow][WARNING] - Skipping full serialization of Keras layer <tensorflow.python.keras.layers.pooling.AveragePooling1D object at 0x7f65a6f48940>, because it is not built.
[2023-03-16 08:06:59,458][absl][WARNING] - Found untraced functions such as activation_layer_call_and_return_conditional_losses, activation_layer_call_fn, dense_layer_call_and_return_conditional_losses, dense_layer_call_fn, transformer_encoder_layer_call_and_return_conditional_losses while saving (showing 5 of 2530). These functions will not be directly callable after loading.
[2023-03-16 08:07:00,221][absl][WARNING] - Found untraced functions such as activation_layer_call_and_return_conditional_losses, activation_layer_call_fn, dense_layer_call_and_return_conditional_losses, dense_layer_call_fn, transformer_encoder_layer_call_and_return_conditional_losses while saving (showing 5 of 2530). These functions will not be directly callable after loading.
[2023-03-16 08:07:55,968][tensorflow][INFO] - Assets written to: /home/moshelaufer/PycharmProjects/results/checkpoint/synth_autoencoder_shlomi/2/assets
