[2023-01-25 15:37:08,236][tensorflow][WARNING] - AutoGraph could not transform <bound method CELoss.call of <losses.cross_entropy_loss_2.CELoss object at 0x7f8be01ea1f0>> and will run it as-is.
Please report this to the TensorFlow team. When filing the bug, set the verbosity to 10 (on Linux, `export AUTOGRAPH_VERBOSITY=10`) and attach the full output.
Cause: module 'gast' has no attribute 'Index'
To silence this warning, decorate the function with @tf.autograph.experimental.do_not_convert
[2023-01-25 15:50:52,392][absl][WARNING] - Found untraced functions such as activation_layer_call_and_return_conditional_losses, activation_layer_call_fn, dense_layer_call_and_return_conditional_losses, dense_layer_call_fn, restored_function_body while saving (showing 5 of 2535). These functions will not be directly callable after loading.
[2023-01-25 15:50:53,191][absl][WARNING] - Found untraced functions such as activation_layer_call_and_return_conditional_losses, activation_layer_call_fn, dense_layer_call_and_return_conditional_losses, dense_layer_call_fn, restored_function_body while saving (showing 5 of 2535). These functions will not be directly callable after loading.
[2023-01-25 15:51:42,665][tensorflow][INFO] - Assets written to: /home/moshelaufer/PycharmProjects/results/checkpoint/synth_autoencoder_noy/2/assets
[2023-01-25 16:04:45,510][absl][WARNING] - Found untraced functions such as activation_layer_call_and_return_conditional_losses, activation_layer_call_fn, dense_layer_call_and_return_conditional_losses, dense_layer_call_fn, restored_function_body while saving (showing 5 of 2535). These functions will not be directly callable after loading.
[2023-01-25 16:04:46,284][absl][WARNING] - Found untraced functions such as activation_layer_call_and_return_conditional_losses, activation_layer_call_fn, dense_layer_call_and_return_conditional_losses, dense_layer_call_fn, restored_function_body while saving (showing 5 of 2535). These functions will not be directly callable after loading.
[2023-01-25 16:05:29,673][tensorflow][INFO] - Assets written to: /home/moshelaufer/PycharmProjects/results/checkpoint/synth_autoencoder_noy/2/assets
[2023-01-25 16:18:33,180][absl][WARNING] - Found untraced functions such as activation_layer_call_and_return_conditional_losses, activation_layer_call_fn, dense_layer_call_and_return_conditional_losses, dense_layer_call_fn, restored_function_body while saving (showing 5 of 2535). These functions will not be directly callable after loading.
[2023-01-25 16:18:34,004][absl][WARNING] - Found untraced functions such as activation_layer_call_and_return_conditional_losses, activation_layer_call_fn, dense_layer_call_and_return_conditional_losses, dense_layer_call_fn, restored_function_body while saving (showing 5 of 2535). These functions will not be directly callable after loading.
[2023-01-25 16:19:16,762][tensorflow][INFO] - Assets written to: /home/moshelaufer/PycharmProjects/results/checkpoint/synth_autoencoder_noy/2/assets
[2023-01-25 17:10:21,826][absl][WARNING] - Found untraced functions such as activation_layer_call_and_return_conditional_losses, activation_layer_call_fn, dense_layer_call_and_return_conditional_losses, dense_layer_call_fn, restored_function_body while saving (showing 5 of 2535). These functions will not be directly callable after loading.
[2023-01-25 17:10:23,158][absl][WARNING] - Found untraced functions such as activation_layer_call_and_return_conditional_losses, activation_layer_call_fn, dense_layer_call_and_return_conditional_losses, dense_layer_call_fn, restored_function_body while saving (showing 5 of 2535). These functions will not be directly callable after loading.
[2023-01-25 17:11:07,693][tensorflow][INFO] - Assets written to: /home/moshelaufer/PycharmProjects/results/checkpoint/synth_autoencoder_noy/2/assets
[2023-01-25 17:24:10,969][absl][WARNING] - Found untraced functions such as activation_layer_call_and_return_conditional_losses, activation_layer_call_fn, dense_layer_call_and_return_conditional_losses, dense_layer_call_fn, restored_function_body while saving (showing 5 of 2535). These functions will not be directly callable after loading.
[2023-01-25 17:24:11,860][absl][WARNING] - Found untraced functions such as activation_layer_call_and_return_conditional_losses, activation_layer_call_fn, dense_layer_call_and_return_conditional_losses, dense_layer_call_fn, restored_function_body while saving (showing 5 of 2535). These functions will not be directly callable after loading.
[2023-01-25 17:24:53,549][tensorflow][INFO] - Assets written to: /home/moshelaufer/PycharmProjects/results/checkpoint/synth_autoencoder_noy/2/assets
[2023-01-25 17:37:57,185][absl][WARNING] - Found untraced functions such as activation_layer_call_and_return_conditional_losses, activation_layer_call_fn, dense_layer_call_and_return_conditional_losses, dense_layer_call_fn, restored_function_body while saving (showing 5 of 2535). These functions will not be directly callable after loading.
[2023-01-25 17:37:58,056][absl][WARNING] - Found untraced functions such as activation_layer_call_and_return_conditional_losses, activation_layer_call_fn, dense_layer_call_and_return_conditional_losses, dense_layer_call_fn, restored_function_body while saving (showing 5 of 2535). These functions will not be directly callable after loading.
[2023-01-25 17:38:41,120][tensorflow][INFO] - Assets written to: /home/moshelaufer/PycharmProjects/results/checkpoint/synth_autoencoder_noy/2/assets
