[2023-02-01 13:37:59,398][tensorflow][WARNING] - AutoGraph could not transform <bound method GroupNormalization.call of <tensorflow_addons.layers.normalizations.GroupNormalization object at 0x7f48ac4e0d00>> and will run it as-is.
Please report this to the TensorFlow team. When filing the bug, set the verbosity to 10 (on Linux, `export AUTOGRAPH_VERBOSITY=10`) and attach the full output.
Cause: module 'gast' has no attribute 'Index'
To silence this warning, decorate the function with @tf.autograph.experimental.do_not_convert
[2023-02-01 13:38:05,300][tensorflow][WARNING] - AutoGraph could not transform <bound method Processor.mask of <tensorflow.python.eager.function.TfMethodTarget object at 0x7f4774471cd0>> and will run it as-is.
Please report this to the TensorFlow team. When filing the bug, set the verbosity to 10 (on Linux, `export AUTOGRAPH_VERBOSITY=10`) and attach the full output.
Cause: module 'gast' has no attribute 'Index'
To silence this warning, decorate the function with @tf.autograph.experimental.do_not_convert
[2023-02-01 13:38:06,074][tensorflow][WARNING] - Model was constructed with shape (None, 65, 1) for input KerasTensor(type_spec=TensorSpec(shape=(None, 65, 1), dtype=tf.float32, name='input_2'), name='input_2', description="created by layer 'input_2'"), but it was called on an input with incompatible shape (None, 65, 65).
[2023-02-01 13:38:06,075][tensorflow][WARNING] - Model was constructed with shape (None, 65, 1) for input KerasTensor(type_spec=TensorSpec(shape=(None, 65, 1), dtype=tf.float32, name='input_3'), name='input_3', description="created by layer 'input_3'"), but it was called on an input with incompatible shape (None, 65, 65).
[2023-02-01 13:38:09,068][tensorflow][WARNING] - AutoGraph could not transform <bound method CELoss.call of <losses.cross_entropy_loss_2.CELoss object at 0x7f48b52fa310>> and will run it as-is.
Please report this to the TensorFlow team. When filing the bug, set the verbosity to 10 (on Linux, `export AUTOGRAPH_VERBOSITY=10`) and attach the full output.
Cause: module 'gast' has no attribute 'Index'
To silence this warning, decorate the function with @tf.autograph.experimental.do_not_convert
[2023-02-01 13:38:19,179][tensorflow][WARNING] - Model was constructed with shape (None, 65, 1) for input KerasTensor(type_spec=TensorSpec(shape=(None, 65, 1), dtype=tf.float32, name='input_2'), name='input_2', description="created by layer 'input_2'"), but it was called on an input with incompatible shape (None, 65, 65).
[2023-02-01 13:38:19,180][tensorflow][WARNING] - Model was constructed with shape (None, 65, 1) for input KerasTensor(type_spec=TensorSpec(shape=(None, 65, 1), dtype=tf.float32, name='input_3'), name='input_3', description="created by layer 'input_3'"), but it was called on an input with incompatible shape (None, 65, 65).
[2023-02-01 13:59:30,280][tensorflow][WARNING] - Model was constructed with shape (None, 65, 1) for input KerasTensor(type_spec=TensorSpec(shape=(None, 65, 1), dtype=tf.float32, name='input_2'), name='input_2', description="created by layer 'input_2'"), but it was called on an input with incompatible shape (None, 65, 65).
[2023-02-01 13:59:30,280][tensorflow][WARNING] - Model was constructed with shape (None, 65, 1) for input KerasTensor(type_spec=TensorSpec(shape=(None, 65, 1), dtype=tf.float32, name='input_3'), name='input_3', description="created by layer 'input_3'"), but it was called on an input with incompatible shape (None, 65, 65).
[2023-02-01 17:07:23,801][tensorflow][WARNING] - Skipping full serialization of Keras layer <tensorflow.python.keras.layers.core.Activation object at 0x7f48aede9a60>, because it is not built.
[2023-02-01 17:07:24,412][tensorflow][WARNING] - Skipping full serialization of Keras layer <tensorflow.python.keras.layers.pooling.AveragePooling1D object at 0x7f48aede9c10>, because it is not built.
[2023-02-01 17:08:00,883][absl][WARNING] - Found untraced functions such as activation_layer_call_fn, activation_layer_call_and_return_conditional_losses, dense_layer_call_fn, dense_layer_call_and_return_conditional_losses, transformer_encoder_layer_call_fn while saving (showing 5 of 2530). These functions will not be directly callable after loading.
[2023-02-01 17:08:01,711][absl][WARNING] - Found untraced functions such as activation_layer_call_fn, activation_layer_call_and_return_conditional_losses, dense_layer_call_fn, dense_layer_call_and_return_conditional_losses, transformer_encoder_layer_call_fn while saving (showing 5 of 2530). These functions will not be directly callable after loading.
[2023-02-01 17:09:02,493][tensorflow][INFO] - Assets written to: /home/moshelaufer/PycharmProjects/results/checkpoint/synth_autoencoder_noy/7/assets
[2023-02-01 20:35:22,800][tensorflow][WARNING] - Skipping full serialization of Keras layer <tensorflow.python.keras.layers.core.Activation object at 0x7f48aede9a60>, because it is not built.
[2023-02-01 20:35:23,376][tensorflow][WARNING] - Skipping full serialization of Keras layer <tensorflow.python.keras.layers.pooling.AveragePooling1D object at 0x7f48aede9c10>, because it is not built.
[2023-02-01 20:35:59,220][absl][WARNING] - Found untraced functions such as activation_layer_call_fn, activation_layer_call_and_return_conditional_losses, dense_layer_call_fn, dense_layer_call_and_return_conditional_losses, transformer_encoder_layer_call_fn while saving (showing 5 of 2530). These functions will not be directly callable after loading.
[2023-02-01 20:36:00,008][absl][WARNING] - Found untraced functions such as activation_layer_call_fn, activation_layer_call_and_return_conditional_losses, dense_layer_call_fn, dense_layer_call_and_return_conditional_losses, transformer_encoder_layer_call_fn while saving (showing 5 of 2530). These functions will not be directly callable after loading.
[2023-02-01 20:37:11,331][tensorflow][INFO] - Assets written to: /home/moshelaufer/PycharmProjects/results/checkpoint/synth_autoencoder_noy/7/assets
[2023-02-02 00:05:44,310][tensorflow][WARNING] - Skipping full serialization of Keras layer <tensorflow.python.keras.layers.core.Activation object at 0x7f48aede9a60>, because it is not built.
[2023-02-02 00:05:44,937][tensorflow][WARNING] - Skipping full serialization of Keras layer <tensorflow.python.keras.layers.pooling.AveragePooling1D object at 0x7f48aede9c10>, because it is not built.
[2023-02-02 00:06:22,643][absl][WARNING] - Found untraced functions such as activation_layer_call_fn, activation_layer_call_and_return_conditional_losses, dense_layer_call_fn, dense_layer_call_and_return_conditional_losses, transformer_encoder_layer_call_fn while saving (showing 5 of 2530). These functions will not be directly callable after loading.
[2023-02-02 00:06:23,458][absl][WARNING] - Found untraced functions such as activation_layer_call_fn, activation_layer_call_and_return_conditional_losses, dense_layer_call_fn, dense_layer_call_and_return_conditional_losses, transformer_encoder_layer_call_fn while saving (showing 5 of 2530). These functions will not be directly callable after loading.
[2023-02-02 00:07:33,334][tensorflow][INFO] - Assets written to: /home/moshelaufer/PycharmProjects/results/checkpoint/synth_autoencoder_noy/7/assets
[2023-02-02 03:33:38,651][tensorflow][WARNING] - Skipping full serialization of Keras layer <tensorflow.python.keras.layers.core.Activation object at 0x7f48aede9a60>, because it is not built.
[2023-02-02 03:33:39,246][tensorflow][WARNING] - Skipping full serialization of Keras layer <tensorflow.python.keras.layers.pooling.AveragePooling1D object at 0x7f48aede9c10>, because it is not built.
[2023-02-02 03:34:18,139][absl][WARNING] - Found untraced functions such as activation_layer_call_fn, activation_layer_call_and_return_conditional_losses, dense_layer_call_fn, dense_layer_call_and_return_conditional_losses, transformer_encoder_layer_call_fn while saving (showing 5 of 2530). These functions will not be directly callable after loading.
[2023-02-02 03:34:18,957][absl][WARNING] - Found untraced functions such as activation_layer_call_fn, activation_layer_call_and_return_conditional_losses, dense_layer_call_fn, dense_layer_call_and_return_conditional_losses, transformer_encoder_layer_call_fn while saving (showing 5 of 2530). These functions will not be directly callable after loading.
[2023-02-02 03:35:22,563][tensorflow][INFO] - Assets written to: /home/moshelaufer/PycharmProjects/results/checkpoint/synth_autoencoder_noy/7/assets
[2023-02-02 07:01:02,759][tensorflow][WARNING] - Skipping full serialization of Keras layer <tensorflow.python.keras.layers.core.Activation object at 0x7f48aede9a60>, because it is not built.
[2023-02-02 07:01:03,373][tensorflow][WARNING] - Skipping full serialization of Keras layer <tensorflow.python.keras.layers.pooling.AveragePooling1D object at 0x7f48aede9c10>, because it is not built.
[2023-02-02 07:01:41,416][absl][WARNING] - Found untraced functions such as activation_layer_call_fn, activation_layer_call_and_return_conditional_losses, dense_layer_call_fn, dense_layer_call_and_return_conditional_losses, transformer_encoder_layer_call_fn while saving (showing 5 of 2530). These functions will not be directly callable after loading.
[2023-02-02 07:01:42,214][absl][WARNING] - Found untraced functions such as activation_layer_call_fn, activation_layer_call_and_return_conditional_losses, dense_layer_call_fn, dense_layer_call_and_return_conditional_losses, transformer_encoder_layer_call_fn while saving (showing 5 of 2530). These functions will not be directly callable after loading.
[2023-02-02 07:02:51,480][tensorflow][INFO] - Assets written to: /home/moshelaufer/PycharmProjects/results/checkpoint/synth_autoencoder_noy/7/assets
[2023-02-02 10:30:27,077][tensorflow][WARNING] - Skipping full serialization of Keras layer <tensorflow.python.keras.layers.core.Activation object at 0x7f48aede9a60>, because it is not built.
[2023-02-02 10:30:27,719][tensorflow][WARNING] - Skipping full serialization of Keras layer <tensorflow.python.keras.layers.pooling.AveragePooling1D object at 0x7f48aede9c10>, because it is not built.
[2023-02-02 10:31:06,518][absl][WARNING] - Found untraced functions such as activation_layer_call_fn, activation_layer_call_and_return_conditional_losses, dense_layer_call_fn, dense_layer_call_and_return_conditional_losses, transformer_encoder_layer_call_fn while saving (showing 5 of 2530). These functions will not be directly callable after loading.
[2023-02-02 10:31:07,333][absl][WARNING] - Found untraced functions such as activation_layer_call_fn, activation_layer_call_and_return_conditional_losses, dense_layer_call_fn, dense_layer_call_and_return_conditional_losses, transformer_encoder_layer_call_fn while saving (showing 5 of 2530). These functions will not be directly callable after loading.
[2023-02-02 10:32:16,142][tensorflow][INFO] - Assets written to: /home/moshelaufer/PycharmProjects/results/checkpoint/synth_autoencoder_noy/7/assets
[2023-02-02 13:57:58,425][tensorflow][WARNING] - Skipping full serialization of Keras layer <tensorflow.python.keras.layers.core.Activation object at 0x7f48aede9a60>, because it is not built.
[2023-02-02 13:57:59,002][tensorflow][WARNING] - Skipping full serialization of Keras layer <tensorflow.python.keras.layers.pooling.AveragePooling1D object at 0x7f48aede9c10>, because it is not built.
[2023-02-02 13:58:36,417][absl][WARNING] - Found untraced functions such as activation_layer_call_fn, activation_layer_call_and_return_conditional_losses, dense_layer_call_fn, dense_layer_call_and_return_conditional_losses, transformer_encoder_layer_call_fn while saving (showing 5 of 2530). These functions will not be directly callable after loading.
[2023-02-02 13:58:37,218][absl][WARNING] - Found untraced functions such as activation_layer_call_fn, activation_layer_call_and_return_conditional_losses, dense_layer_call_fn, dense_layer_call_and_return_conditional_losses, transformer_encoder_layer_call_fn while saving (showing 5 of 2530). These functions will not be directly callable after loading.
[2023-02-02 13:59:43,056][tensorflow][INFO] - Assets written to: /home/moshelaufer/PycharmProjects/results/checkpoint/synth_autoencoder_noy/7/assets
