[2023-01-25 23:23:54,491][tensorflow][WARNING] - AutoGraph could not transform <bound method GroupNormalization.call of <tensorflow_addons.layers.normalizations.GroupNormalization object at 0x7fec38f2fc70>> and will run it as-is.
Please report this to the TensorFlow team. When filing the bug, set the verbosity to 10 (on Linux, `export AUTOGRAPH_VERBOSITY=10`) and attach the full output.
Cause: module 'gast' has no attribute 'Index'
To silence this warning, decorate the function with @tf.autograph.experimental.do_not_convert
[2023-01-25 23:24:04,966][tensorflow][WARNING] - AutoGraph could not transform <bound method CELoss.call of <losses.cross_entropy_loss_2.CELoss object at 0x7fec41781d60>> and will run it as-is.
Please report this to the TensorFlow team. When filing the bug, set the verbosity to 10 (on Linux, `export AUTOGRAPH_VERBOSITY=10`) and attach the full output.
Cause: module 'gast' has no attribute 'Index'
To silence this warning, decorate the function with @tf.autograph.experimental.do_not_convert
[2023-01-25 23:37:18,368][tensorflow][WARNING] - Skipping full serialization of Keras layer <tensorflow.python.keras.layers.core.Activation object at 0x7fec38641730>, because it is not built.
[2023-01-25 23:37:18,946][tensorflow][WARNING] - Skipping full serialization of Keras layer <tensorflow.python.keras.layers.pooling.AveragePooling1D object at 0x7fec38f1e700>, because it is not built.
[2023-01-25 23:37:54,351][absl][WARNING] - Found untraced functions such as activation_layer_call_fn, activation_layer_call_and_return_conditional_losses, dense_layer_call_fn, dense_layer_call_and_return_conditional_losses, transformer_encoder_layer_call_fn while saving (showing 5 of 2530). These functions will not be directly callable after loading.
[2023-01-25 23:37:55,629][absl][WARNING] - Found untraced functions such as activation_layer_call_fn, activation_layer_call_and_return_conditional_losses, dense_layer_call_fn, dense_layer_call_and_return_conditional_losses, transformer_encoder_layer_call_fn while saving (showing 5 of 2530). These functions will not be directly callable after loading.
[2023-01-25 23:38:45,522][tensorflow][INFO] - Assets written to: /home/moshelaufer/PycharmProjects/results/checkpoint/synth_autoencoder_tal/2/assets
[2023-01-25 23:51:14,818][tensorflow][WARNING] - Skipping full serialization of Keras layer <tensorflow.python.keras.layers.core.Activation object at 0x7fec38641730>, because it is not built.
[2023-01-25 23:51:15,390][tensorflow][WARNING] - Skipping full serialization of Keras layer <tensorflow.python.keras.layers.pooling.AveragePooling1D object at 0x7fec38f1e700>, because it is not built.
[2023-01-25 23:51:50,985][absl][WARNING] - Found untraced functions such as activation_layer_call_fn, activation_layer_call_and_return_conditional_losses, dense_layer_call_fn, dense_layer_call_and_return_conditional_losses, transformer_encoder_layer_call_fn while saving (showing 5 of 2530). These functions will not be directly callable after loading.
[2023-01-25 23:51:51,761][absl][WARNING] - Found untraced functions such as activation_layer_call_fn, activation_layer_call_and_return_conditional_losses, dense_layer_call_fn, dense_layer_call_and_return_conditional_losses, transformer_encoder_layer_call_fn while saving (showing 5 of 2530). These functions will not be directly callable after loading.
[2023-01-25 23:52:34,217][tensorflow][INFO] - Assets written to: /home/moshelaufer/PycharmProjects/results/checkpoint/synth_autoencoder_tal/2/assets
[2023-01-26 00:05:03,486][tensorflow][WARNING] - Skipping full serialization of Keras layer <tensorflow.python.keras.layers.core.Activation object at 0x7fec38641730>, because it is not built.
[2023-01-26 00:05:04,069][tensorflow][WARNING] - Skipping full serialization of Keras layer <tensorflow.python.keras.layers.pooling.AveragePooling1D object at 0x7fec38f1e700>, because it is not built.
[2023-01-26 00:05:41,479][absl][WARNING] - Found untraced functions such as activation_layer_call_fn, activation_layer_call_and_return_conditional_losses, dense_layer_call_fn, dense_layer_call_and_return_conditional_losses, transformer_encoder_layer_call_fn while saving (showing 5 of 2530). These functions will not be directly callable after loading.
[2023-01-26 00:05:42,283][absl][WARNING] - Found untraced functions such as activation_layer_call_fn, activation_layer_call_and_return_conditional_losses, dense_layer_call_fn, dense_layer_call_and_return_conditional_losses, transformer_encoder_layer_call_fn while saving (showing 5 of 2530). These functions will not be directly callable after loading.
[2023-01-26 00:06:26,226][tensorflow][INFO] - Assets written to: /home/moshelaufer/PycharmProjects/results/checkpoint/synth_autoencoder_tal/2/assets
[2023-01-26 00:18:54,726][tensorflow][WARNING] - Skipping full serialization of Keras layer <tensorflow.python.keras.layers.core.Activation object at 0x7fec38641730>, because it is not built.
[2023-01-26 00:18:55,295][tensorflow][WARNING] - Skipping full serialization of Keras layer <tensorflow.python.keras.layers.pooling.AveragePooling1D object at 0x7fec38f1e700>, because it is not built.
[2023-01-26 00:19:32,029][absl][WARNING] - Found untraced functions such as activation_layer_call_fn, activation_layer_call_and_return_conditional_losses, dense_layer_call_fn, dense_layer_call_and_return_conditional_losses, transformer_encoder_layer_call_fn while saving (showing 5 of 2530). These functions will not be directly callable after loading.
[2023-01-26 00:19:32,800][absl][WARNING] - Found untraced functions such as activation_layer_call_fn, activation_layer_call_and_return_conditional_losses, dense_layer_call_fn, dense_layer_call_and_return_conditional_losses, transformer_encoder_layer_call_fn while saving (showing 5 of 2530). These functions will not be directly callable after loading.
[2023-01-26 00:20:14,831][tensorflow][INFO] - Assets written to: /home/moshelaufer/PycharmProjects/results/checkpoint/synth_autoencoder_tal/2/assets
[2023-01-26 00:32:43,916][tensorflow][WARNING] - Skipping full serialization of Keras layer <tensorflow.python.keras.layers.core.Activation object at 0x7fec38641730>, because it is not built.
[2023-01-26 00:32:44,483][tensorflow][WARNING] - Skipping full serialization of Keras layer <tensorflow.python.keras.layers.pooling.AveragePooling1D object at 0x7fec38f1e700>, because it is not built.
[2023-01-26 00:33:20,651][absl][WARNING] - Found untraced functions such as activation_layer_call_fn, activation_layer_call_and_return_conditional_losses, dense_layer_call_fn, dense_layer_call_and_return_conditional_losses, transformer_encoder_layer_call_fn while saving (showing 5 of 2530). These functions will not be directly callable after loading.
[2023-01-26 00:33:22,013][absl][WARNING] - Found untraced functions such as activation_layer_call_fn, activation_layer_call_and_return_conditional_losses, dense_layer_call_fn, dense_layer_call_and_return_conditional_losses, transformer_encoder_layer_call_fn while saving (showing 5 of 2530). These functions will not be directly callable after loading.
[2023-01-26 00:34:03,095][tensorflow][INFO] - Assets written to: /home/moshelaufer/PycharmProjects/results/checkpoint/synth_autoencoder_tal/2/assets
[2023-01-26 00:46:32,581][tensorflow][WARNING] - Skipping full serialization of Keras layer <tensorflow.python.keras.layers.core.Activation object at 0x7fec38641730>, because it is not built.
[2023-01-26 00:46:33,143][tensorflow][WARNING] - Skipping full serialization of Keras layer <tensorflow.python.keras.layers.pooling.AveragePooling1D object at 0x7fec38f1e700>, because it is not built.
[2023-01-26 00:47:08,730][absl][WARNING] - Found untraced functions such as activation_layer_call_fn, activation_layer_call_and_return_conditional_losses, dense_layer_call_fn, dense_layer_call_and_return_conditional_losses, transformer_encoder_layer_call_fn while saving (showing 5 of 2530). These functions will not be directly callable after loading.
[2023-01-26 00:47:09,516][absl][WARNING] - Found untraced functions such as activation_layer_call_fn, activation_layer_call_and_return_conditional_losses, dense_layer_call_fn, dense_layer_call_and_return_conditional_losses, transformer_encoder_layer_call_fn while saving (showing 5 of 2530). These functions will not be directly callable after loading.
[2023-01-26 00:47:53,084][tensorflow][INFO] - Assets written to: /home/moshelaufer/PycharmProjects/results/checkpoint/synth_autoencoder_tal/2/assets
[2023-01-26 01:00:22,303][tensorflow][WARNING] - Skipping full serialization of Keras layer <tensorflow.python.keras.layers.core.Activation object at 0x7fec38641730>, because it is not built.
[2023-01-26 01:00:22,867][tensorflow][WARNING] - Skipping full serialization of Keras layer <tensorflow.python.keras.layers.pooling.AveragePooling1D object at 0x7fec38f1e700>, because it is not built.
[2023-01-26 01:00:59,259][absl][WARNING] - Found untraced functions such as activation_layer_call_fn, activation_layer_call_and_return_conditional_losses, dense_layer_call_fn, dense_layer_call_and_return_conditional_losses, transformer_encoder_layer_call_fn while saving (showing 5 of 2530). These functions will not be directly callable after loading.
[2023-01-26 01:01:00,042][absl][WARNING] - Found untraced functions such as activation_layer_call_fn, activation_layer_call_and_return_conditional_losses, dense_layer_call_fn, dense_layer_call_and_return_conditional_losses, transformer_encoder_layer_call_fn while saving (showing 5 of 2530). These functions will not be directly callable after loading.
[2023-01-26 01:01:41,062][tensorflow][INFO] - Assets written to: /home/moshelaufer/PycharmProjects/results/checkpoint/synth_autoencoder_tal/2/assets
[2023-01-26 01:14:09,576][tensorflow][WARNING] - Skipping full serialization of Keras layer <tensorflow.python.keras.layers.core.Activation object at 0x7fec38641730>, because it is not built.
[2023-01-26 01:14:10,142][tensorflow][WARNING] - Skipping full serialization of Keras layer <tensorflow.python.keras.layers.pooling.AveragePooling1D object at 0x7fec38f1e700>, because it is not built.
[2023-01-26 01:14:46,755][absl][WARNING] - Found untraced functions such as activation_layer_call_fn, activation_layer_call_and_return_conditional_losses, dense_layer_call_fn, dense_layer_call_and_return_conditional_losses, transformer_encoder_layer_call_fn while saving (showing 5 of 2530). These functions will not be directly callable after loading.
[2023-01-26 01:14:47,543][absl][WARNING] - Found untraced functions such as activation_layer_call_fn, activation_layer_call_and_return_conditional_losses, dense_layer_call_fn, dense_layer_call_and_return_conditional_losses, transformer_encoder_layer_call_fn while saving (showing 5 of 2530). These functions will not be directly callable after loading.
[2023-01-26 01:15:30,181][tensorflow][INFO] - Assets written to: /home/moshelaufer/PycharmProjects/results/checkpoint/synth_autoencoder_tal/2/assets
[2023-01-26 01:27:59,147][tensorflow][WARNING] - Skipping full serialization of Keras layer <tensorflow.python.keras.layers.core.Activation object at 0x7fec38641730>, because it is not built.
[2023-01-26 01:27:59,711][tensorflow][WARNING] - Skipping full serialization of Keras layer <tensorflow.python.keras.layers.pooling.AveragePooling1D object at 0x7fec38f1e700>, because it is not built.
[2023-01-26 01:28:36,269][absl][WARNING] - Found untraced functions such as activation_layer_call_fn, activation_layer_call_and_return_conditional_losses, dense_layer_call_fn, dense_layer_call_and_return_conditional_losses, transformer_encoder_layer_call_fn while saving (showing 5 of 2530). These functions will not be directly callable after loading.
[2023-01-26 01:28:37,106][absl][WARNING] - Found untraced functions such as activation_layer_call_fn, activation_layer_call_and_return_conditional_losses, dense_layer_call_fn, dense_layer_call_and_return_conditional_losses, transformer_encoder_layer_call_fn while saving (showing 5 of 2530). These functions will not be directly callable after loading.
[2023-01-26 01:29:20,936][tensorflow][INFO] - Assets written to: /home/moshelaufer/PycharmProjects/results/checkpoint/synth_autoencoder_tal/2/assets
[2023-01-26 01:41:49,269][tensorflow][WARNING] - Skipping full serialization of Keras layer <tensorflow.python.keras.layers.core.Activation object at 0x7fec38641730>, because it is not built.
[2023-01-26 01:41:49,833][tensorflow][WARNING] - Skipping full serialization of Keras layer <tensorflow.python.keras.layers.pooling.AveragePooling1D object at 0x7fec38f1e700>, because it is not built.
[2023-01-26 01:42:26,705][absl][WARNING] - Found untraced functions such as activation_layer_call_fn, activation_layer_call_and_return_conditional_losses, dense_layer_call_fn, dense_layer_call_and_return_conditional_losses, transformer_encoder_layer_call_fn while saving (showing 5 of 2530). These functions will not be directly callable after loading.
[2023-01-26 01:42:27,489][absl][WARNING] - Found untraced functions such as activation_layer_call_fn, activation_layer_call_and_return_conditional_losses, dense_layer_call_fn, dense_layer_call_and_return_conditional_losses, transformer_encoder_layer_call_fn while saving (showing 5 of 2530). These functions will not be directly callable after loading.
[2023-01-26 01:43:09,842][tensorflow][INFO] - Assets written to: /home/moshelaufer/PycharmProjects/results/checkpoint/synth_autoencoder_tal/2/assets
[2023-01-26 01:55:39,598][tensorflow][WARNING] - Skipping full serialization of Keras layer <tensorflow.python.keras.layers.core.Activation object at 0x7fec38641730>, because it is not built.
[2023-01-26 01:55:40,188][tensorflow][WARNING] - Skipping full serialization of Keras layer <tensorflow.python.keras.layers.pooling.AveragePooling1D object at 0x7fec38f1e700>, because it is not built.
[2023-01-26 01:56:16,898][absl][WARNING] - Found untraced functions such as activation_layer_call_fn, activation_layer_call_and_return_conditional_losses, dense_layer_call_fn, dense_layer_call_and_return_conditional_losses, transformer_encoder_layer_call_fn while saving (showing 5 of 2530). These functions will not be directly callable after loading.
[2023-01-26 01:56:17,753][absl][WARNING] - Found untraced functions such as activation_layer_call_fn, activation_layer_call_and_return_conditional_losses, dense_layer_call_fn, dense_layer_call_and_return_conditional_losses, transformer_encoder_layer_call_fn while saving (showing 5 of 2530). These functions will not be directly callable after loading.
[2023-01-26 01:56:59,513][tensorflow][INFO] - Assets written to: /home/moshelaufer/PycharmProjects/results/checkpoint/synth_autoencoder_tal/2/assets
[2023-01-26 02:09:27,222][tensorflow][WARNING] - Skipping full serialization of Keras layer <tensorflow.python.keras.layers.core.Activation object at 0x7fec38641730>, because it is not built.
[2023-01-26 02:09:27,806][tensorflow][WARNING] - Skipping full serialization of Keras layer <tensorflow.python.keras.layers.pooling.AveragePooling1D object at 0x7fec38f1e700>, because it is not built.
[2023-01-26 02:10:05,385][absl][WARNING] - Found untraced functions such as activation_layer_call_fn, activation_layer_call_and_return_conditional_losses, dense_layer_call_fn, dense_layer_call_and_return_conditional_losses, transformer_encoder_layer_call_fn while saving (showing 5 of 2530). These functions will not be directly callable after loading.
[2023-01-26 02:10:06,203][absl][WARNING] - Found untraced functions such as activation_layer_call_fn, activation_layer_call_and_return_conditional_losses, dense_layer_call_fn, dense_layer_call_and_return_conditional_losses, transformer_encoder_layer_call_fn while saving (showing 5 of 2530). These functions will not be directly callable after loading.
[2023-01-26 02:10:49,070][tensorflow][INFO] - Assets written to: /home/moshelaufer/PycharmProjects/results/checkpoint/synth_autoencoder_tal/2/assets
[2023-01-26 02:23:17,930][tensorflow][WARNING] - Skipping full serialization of Keras layer <tensorflow.python.keras.layers.core.Activation object at 0x7fec38641730>, because it is not built.
[2023-01-26 02:23:18,494][tensorflow][WARNING] - Skipping full serialization of Keras layer <tensorflow.python.keras.layers.pooling.AveragePooling1D object at 0x7fec38f1e700>, because it is not built.
[2023-01-26 02:23:54,040][absl][WARNING] - Found untraced functions such as activation_layer_call_fn, activation_layer_call_and_return_conditional_losses, dense_layer_call_fn, dense_layer_call_and_return_conditional_losses, transformer_encoder_layer_call_fn while saving (showing 5 of 2530). These functions will not be directly callable after loading.
[2023-01-26 02:23:54,815][absl][WARNING] - Found untraced functions such as activation_layer_call_fn, activation_layer_call_and_return_conditional_losses, dense_layer_call_fn, dense_layer_call_and_return_conditional_losses, transformer_encoder_layer_call_fn while saving (showing 5 of 2530). These functions will not be directly callable after loading.
[2023-01-26 02:24:36,575][tensorflow][INFO] - Assets written to: /home/moshelaufer/PycharmProjects/results/checkpoint/synth_autoencoder_tal/2/assets
[2023-01-26 02:37:03,819][tensorflow][WARNING] - Skipping full serialization of Keras layer <tensorflow.python.keras.layers.core.Activation object at 0x7fec38641730>, because it is not built.
[2023-01-26 02:37:04,392][tensorflow][WARNING] - Skipping full serialization of Keras layer <tensorflow.python.keras.layers.pooling.AveragePooling1D object at 0x7fec38f1e700>, because it is not built.
[2023-01-26 02:37:41,218][absl][WARNING] - Found untraced functions such as activation_layer_call_fn, activation_layer_call_and_return_conditional_losses, dense_layer_call_fn, dense_layer_call_and_return_conditional_losses, transformer_encoder_layer_call_fn while saving (showing 5 of 2530). These functions will not be directly callable after loading.
[2023-01-26 02:37:42,008][absl][WARNING] - Found untraced functions such as activation_layer_call_fn, activation_layer_call_and_return_conditional_losses, dense_layer_call_fn, dense_layer_call_and_return_conditional_losses, transformer_encoder_layer_call_fn while saving (showing 5 of 2530). These functions will not be directly callable after loading.
[2023-01-26 02:38:25,673][tensorflow][INFO] - Assets written to: /home/moshelaufer/PycharmProjects/results/checkpoint/synth_autoencoder_tal/2/assets
[2023-01-26 02:50:53,956][tensorflow][WARNING] - Skipping full serialization of Keras layer <tensorflow.python.keras.layers.core.Activation object at 0x7fec38641730>, because it is not built.
[2023-01-26 02:50:54,541][tensorflow][WARNING] - Skipping full serialization of Keras layer <tensorflow.python.keras.layers.pooling.AveragePooling1D object at 0x7fec38f1e700>, because it is not built.
[2023-01-26 02:51:32,386][absl][WARNING] - Found untraced functions such as activation_layer_call_fn, activation_layer_call_and_return_conditional_losses, dense_layer_call_fn, dense_layer_call_and_return_conditional_losses, transformer_encoder_layer_call_fn while saving (showing 5 of 2530). These functions will not be directly callable after loading.
[2023-01-26 02:51:33,191][absl][WARNING] - Found untraced functions such as activation_layer_call_fn, activation_layer_call_and_return_conditional_losses, dense_layer_call_fn, dense_layer_call_and_return_conditional_losses, transformer_encoder_layer_call_fn while saving (showing 5 of 2530). These functions will not be directly callable after loading.
[2023-01-26 02:52:16,178][tensorflow][INFO] - Assets written to: /home/moshelaufer/PycharmProjects/results/checkpoint/synth_autoencoder_tal/2/assets
[2023-01-26 03:04:44,084][tensorflow][WARNING] - Skipping full serialization of Keras layer <tensorflow.python.keras.layers.core.Activation object at 0x7fec38641730>, because it is not built.
[2023-01-26 03:04:44,664][tensorflow][WARNING] - Skipping full serialization of Keras layer <tensorflow.python.keras.layers.pooling.AveragePooling1D object at 0x7fec38f1e700>, because it is not built.
[2023-01-26 03:05:21,834][absl][WARNING] - Found untraced functions such as activation_layer_call_fn, activation_layer_call_and_return_conditional_losses, dense_layer_call_fn, dense_layer_call_and_return_conditional_losses, transformer_encoder_layer_call_fn while saving (showing 5 of 2530). These functions will not be directly callable after loading.
[2023-01-26 03:05:22,706][absl][WARNING] - Found untraced functions such as activation_layer_call_fn, activation_layer_call_and_return_conditional_losses, dense_layer_call_fn, dense_layer_call_and_return_conditional_losses, transformer_encoder_layer_call_fn while saving (showing 5 of 2530). These functions will not be directly callable after loading.
[2023-01-26 03:06:07,782][tensorflow][INFO] - Assets written to: /home/moshelaufer/PycharmProjects/results/checkpoint/synth_autoencoder_tal/2/assets
[2023-01-26 03:18:37,242][tensorflow][WARNING] - Skipping full serialization of Keras layer <tensorflow.python.keras.layers.core.Activation object at 0x7fec38641730>, because it is not built.
[2023-01-26 03:18:37,833][tensorflow][WARNING] - Skipping full serialization of Keras layer <tensorflow.python.keras.layers.pooling.AveragePooling1D object at 0x7fec38f1e700>, because it is not built.
[2023-01-26 03:19:13,034][absl][WARNING] - Found untraced functions such as activation_layer_call_fn, activation_layer_call_and_return_conditional_losses, dense_layer_call_fn, dense_layer_call_and_return_conditional_losses, transformer_encoder_layer_call_fn while saving (showing 5 of 2530). These functions will not be directly callable after loading.
[2023-01-26 03:19:14,352][absl][WARNING] - Found untraced functions such as activation_layer_call_fn, activation_layer_call_and_return_conditional_losses, dense_layer_call_fn, dense_layer_call_and_return_conditional_losses, transformer_encoder_layer_call_fn while saving (showing 5 of 2530). These functions will not be directly callable after loading.
[2023-01-26 03:19:56,148][tensorflow][INFO] - Assets written to: /home/moshelaufer/PycharmProjects/results/checkpoint/synth_autoencoder_tal/2/assets
[2023-01-26 03:32:24,120][tensorflow][WARNING] - Skipping full serialization of Keras layer <tensorflow.python.keras.layers.core.Activation object at 0x7fec38641730>, because it is not built.
[2023-01-26 03:32:24,698][tensorflow][WARNING] - Skipping full serialization of Keras layer <tensorflow.python.keras.layers.pooling.AveragePooling1D object at 0x7fec38f1e700>, because it is not built.
[2023-01-26 03:33:00,460][absl][WARNING] - Found untraced functions such as activation_layer_call_fn, activation_layer_call_and_return_conditional_losses, dense_layer_call_fn, dense_layer_call_and_return_conditional_losses, transformer_encoder_layer_call_fn while saving (showing 5 of 2530). These functions will not be directly callable after loading.
[2023-01-26 03:33:01,285][absl][WARNING] - Found untraced functions such as activation_layer_call_fn, activation_layer_call_and_return_conditional_losses, dense_layer_call_fn, dense_layer_call_and_return_conditional_losses, transformer_encoder_layer_call_fn while saving (showing 5 of 2530). These functions will not be directly callable after loading.
[2023-01-26 03:33:44,520][tensorflow][INFO] - Assets written to: /home/moshelaufer/PycharmProjects/results/checkpoint/synth_autoencoder_tal/2/assets
[2023-01-26 04:10:58,725][tensorflow][WARNING] - Skipping full serialization of Keras layer <tensorflow.python.keras.layers.core.Activation object at 0x7fec38641730>, because it is not built.
[2023-01-26 04:10:59,309][tensorflow][WARNING] - Skipping full serialization of Keras layer <tensorflow.python.keras.layers.pooling.AveragePooling1D object at 0x7fec38f1e700>, because it is not built.
[2023-01-26 04:11:37,051][absl][WARNING] - Found untraced functions such as activation_layer_call_fn, activation_layer_call_and_return_conditional_losses, dense_layer_call_fn, dense_layer_call_and_return_conditional_losses, transformer_encoder_layer_call_fn while saving (showing 5 of 2530). These functions will not be directly callable after loading.
[2023-01-26 04:11:37,847][absl][WARNING] - Found untraced functions such as activation_layer_call_fn, activation_layer_call_and_return_conditional_losses, dense_layer_call_fn, dense_layer_call_and_return_conditional_losses, transformer_encoder_layer_call_fn while saving (showing 5 of 2530). These functions will not be directly callable after loading.
[2023-01-26 04:12:20,757][tensorflow][INFO] - Assets written to: /home/moshelaufer/PycharmProjects/results/checkpoint/synth_autoencoder_tal/2/assets
[2023-01-26 04:24:48,243][tensorflow][WARNING] - Skipping full serialization of Keras layer <tensorflow.python.keras.layers.core.Activation object at 0x7fec38641730>, because it is not built.
[2023-01-26 04:24:48,827][tensorflow][WARNING] - Skipping full serialization of Keras layer <tensorflow.python.keras.layers.pooling.AveragePooling1D object at 0x7fec38f1e700>, because it is not built.
[2023-01-26 04:25:25,614][absl][WARNING] - Found untraced functions such as activation_layer_call_fn, activation_layer_call_and_return_conditional_losses, dense_layer_call_fn, dense_layer_call_and_return_conditional_losses, transformer_encoder_layer_call_fn while saving (showing 5 of 2530). These functions will not be directly callable after loading.
[2023-01-26 04:25:26,471][absl][WARNING] - Found untraced functions such as activation_layer_call_fn, activation_layer_call_and_return_conditional_losses, dense_layer_call_fn, dense_layer_call_and_return_conditional_losses, transformer_encoder_layer_call_fn while saving (showing 5 of 2530). These functions will not be directly callable after loading.
[2023-01-26 04:26:11,270][tensorflow][INFO] - Assets written to: /home/moshelaufer/PycharmProjects/results/checkpoint/synth_autoencoder_tal/2/assets
[2023-01-26 04:38:40,449][tensorflow][WARNING] - Skipping full serialization of Keras layer <tensorflow.python.keras.layers.core.Activation object at 0x7fec38641730>, because it is not built.
[2023-01-26 04:38:41,041][tensorflow][WARNING] - Skipping full serialization of Keras layer <tensorflow.python.keras.layers.pooling.AveragePooling1D object at 0x7fec38f1e700>, because it is not built.
[2023-01-26 04:39:16,058][absl][WARNING] - Found untraced functions such as activation_layer_call_fn, activation_layer_call_and_return_conditional_losses, dense_layer_call_fn, dense_layer_call_and_return_conditional_losses, transformer_encoder_layer_call_fn while saving (showing 5 of 2530). These functions will not be directly callable after loading.
[2023-01-26 04:39:16,840][absl][WARNING] - Found untraced functions such as activation_layer_call_fn, activation_layer_call_and_return_conditional_losses, dense_layer_call_fn, dense_layer_call_and_return_conditional_losses, transformer_encoder_layer_call_fn while saving (showing 5 of 2530). These functions will not be directly callable after loading.
[2023-01-26 04:40:00,807][tensorflow][INFO] - Assets written to: /home/moshelaufer/PycharmProjects/results/checkpoint/synth_autoencoder_tal/2/assets
[2023-01-26 04:52:29,315][tensorflow][WARNING] - Skipping full serialization of Keras layer <tensorflow.python.keras.layers.core.Activation object at 0x7fec38641730>, because it is not built.
[2023-01-26 04:52:29,901][tensorflow][WARNING] - Skipping full serialization of Keras layer <tensorflow.python.keras.layers.pooling.AveragePooling1D object at 0x7fec38f1e700>, because it is not built.
[2023-01-26 04:53:04,978][absl][WARNING] - Found untraced functions such as activation_layer_call_fn, activation_layer_call_and_return_conditional_losses, dense_layer_call_fn, dense_layer_call_and_return_conditional_losses, transformer_encoder_layer_call_fn while saving (showing 5 of 2530). These functions will not be directly callable after loading.
[2023-01-26 04:53:06,333][absl][WARNING] - Found untraced functions such as activation_layer_call_fn, activation_layer_call_and_return_conditional_losses, dense_layer_call_fn, dense_layer_call_and_return_conditional_losses, transformer_encoder_layer_call_fn while saving (showing 5 of 2530). These functions will not be directly callable after loading.
[2023-01-26 04:53:50,505][tensorflow][INFO] - Assets written to: /home/moshelaufer/PycharmProjects/results/checkpoint/synth_autoencoder_tal/2/assets
[2023-01-26 21:37:53,155][tensorflow][WARNING] - Skipping full serialization of Keras layer <tensorflow.python.keras.layers.core.Activation object at 0x7fec38641730>, because it is not built.
[2023-01-26 21:37:53,737][tensorflow][WARNING] - Skipping full serialization of Keras layer <tensorflow.python.keras.layers.pooling.AveragePooling1D object at 0x7fec38f1e700>, because it is not built.
[2023-01-26 21:38:30,447][absl][WARNING] - Found untraced functions such as activation_layer_call_fn, activation_layer_call_and_return_conditional_losses, dense_layer_call_fn, dense_layer_call_and_return_conditional_losses, transformer_encoder_layer_call_fn while saving (showing 5 of 2530). These functions will not be directly callable after loading.
[2023-01-26 21:38:31,251][absl][WARNING] - Found untraced functions such as activation_layer_call_fn, activation_layer_call_and_return_conditional_losses, dense_layer_call_fn, dense_layer_call_and_return_conditional_losses, transformer_encoder_layer_call_fn while saving (showing 5 of 2530). These functions will not be directly callable after loading.
[2023-01-26 21:39:16,611][tensorflow][INFO] - Assets written to: /home/moshelaufer/PycharmProjects/results/checkpoint/synth_autoencoder_tal/2/assets
