[2023-01-31 08:40:46,793][tensorflow][WARNING] - AutoGraph could not transform <bound method GroupNormalization.call of <tensorflow_addons.layers.normalizations.GroupNormalization object at 0x7f9f8b994640>> and will run it as-is.
Please report this to the TensorFlow team. When filing the bug, set the verbosity to 10 (on Linux, `export AUTOGRAPH_VERBOSITY=10`) and attach the full output.
Cause: module 'gast' has no attribute 'Index'
To silence this warning, decorate the function with @tf.autograph.experimental.do_not_convert
[2023-01-31 08:40:53,446][tensorflow][WARNING] - AutoGraph could not transform <bound method Processor.mask of <tensorflow.python.eager.function.TfMethodTarget object at 0x7f9f7019f190>> and will run it as-is.
Please report this to the TensorFlow team. When filing the bug, set the verbosity to 10 (on Linux, `export AUTOGRAPH_VERBOSITY=10`) and attach the full output.
Cause: module 'gast' has no attribute 'Index'
To silence this warning, decorate the function with @tf.autograph.experimental.do_not_convert
[2023-01-31 08:40:54,348][tensorflow][WARNING] - Model was constructed with shape (None, 65, 1) for input KerasTensor(type_spec=TensorSpec(shape=(None, 65, 1), dtype=tf.float32, name='input_2'), name='input_2', description="created by layer 'input_2'"), but it was called on an input with incompatible shape (None, 65, 65).
[2023-01-31 08:40:54,348][tensorflow][WARNING] - Model was constructed with shape (None, 65, 1) for input KerasTensor(type_spec=TensorSpec(shape=(None, 65, 1), dtype=tf.float32, name='input_3'), name='input_3', description="created by layer 'input_3'"), but it was called on an input with incompatible shape (None, 65, 65).
[2023-01-31 08:40:57,438][tensorflow][WARNING] - AutoGraph could not transform <bound method CELoss.call of <losses.cross_entropy_loss_2.CELoss object at 0x7f9f941fd9a0>> and will run it as-is.
Please report this to the TensorFlow team. When filing the bug, set the verbosity to 10 (on Linux, `export AUTOGRAPH_VERBOSITY=10`) and attach the full output.
Cause: module 'gast' has no attribute 'Index'
To silence this warning, decorate the function with @tf.autograph.experimental.do_not_convert
[2023-01-31 08:41:08,938][tensorflow][WARNING] - Model was constructed with shape (None, 65, 1) for input KerasTensor(type_spec=TensorSpec(shape=(None, 65, 1), dtype=tf.float32, name='input_2'), name='input_2', description="created by layer 'input_2'"), but it was called on an input with incompatible shape (None, 65, 65).
[2023-01-31 08:41:08,938][tensorflow][WARNING] - Model was constructed with shape (None, 65, 1) for input KerasTensor(type_spec=TensorSpec(shape=(None, 65, 1), dtype=tf.float32, name='input_3'), name='input_3', description="created by layer 'input_3'"), but it was called on an input with incompatible shape (None, 65, 65).
[2023-01-31 08:58:36,522][tensorflow][WARNING] - Model was constructed with shape (None, 65, 1) for input KerasTensor(type_spec=TensorSpec(shape=(None, 65, 1), dtype=tf.float32, name='input_2'), name='input_2', description="created by layer 'input_2'"), but it was called on an input with incompatible shape (None, 65, 65).
[2023-01-31 08:58:36,523][tensorflow][WARNING] - Model was constructed with shape (None, 65, 1) for input KerasTensor(type_spec=TensorSpec(shape=(None, 65, 1), dtype=tf.float32, name='input_3'), name='input_3', description="created by layer 'input_3'"), but it was called on an input with incompatible shape (None, 65, 65).
[2023-01-31 11:33:28,705][tensorflow][WARNING] - Skipping full serialization of Keras layer <tensorflow.python.keras.layers.core.Activation object at 0x7f9f8b91bb50>, because it is not built.
[2023-01-31 11:33:29,292][tensorflow][WARNING] - Skipping full serialization of Keras layer <tensorflow.python.keras.layers.pooling.AveragePooling1D object at 0x7f9f8b972280>, because it is not built.
[2023-01-31 11:34:06,064][absl][WARNING] - Found untraced functions such as activation_layer_call_fn, activation_layer_call_and_return_conditional_losses, dense_layer_call_fn, dense_layer_call_and_return_conditional_losses, transformer_encoder_layer_call_fn while saving (showing 5 of 2530). These functions will not be directly callable after loading.
[2023-01-31 11:34:07,358][absl][WARNING] - Found untraced functions such as activation_layer_call_fn, activation_layer_call_and_return_conditional_losses, dense_layer_call_fn, dense_layer_call_and_return_conditional_losses, transformer_encoder_layer_call_fn while saving (showing 5 of 2530). These functions will not be directly callable after loading.
[2023-01-31 11:35:07,668][tensorflow][INFO] - Assets written to: /home/moshelaufer/PycharmProjects/results/checkpoint/synth_autoencoder_tal/6/assets
[2023-01-31 14:23:31,340][tensorflow][WARNING] - Skipping full serialization of Keras layer <tensorflow.python.keras.layers.core.Activation object at 0x7f9f8b91bb50>, because it is not built.
[2023-01-31 14:23:31,924][tensorflow][WARNING] - Skipping full serialization of Keras layer <tensorflow.python.keras.layers.pooling.AveragePooling1D object at 0x7f9f8b972280>, because it is not built.
[2023-01-31 14:24:08,474][absl][WARNING] - Found untraced functions such as activation_layer_call_fn, activation_layer_call_and_return_conditional_losses, dense_layer_call_fn, dense_layer_call_and_return_conditional_losses, transformer_encoder_layer_call_fn while saving (showing 5 of 2530). These functions will not be directly callable after loading.
[2023-01-31 14:24:09,265][absl][WARNING] - Found untraced functions such as activation_layer_call_fn, activation_layer_call_and_return_conditional_losses, dense_layer_call_fn, dense_layer_call_and_return_conditional_losses, transformer_encoder_layer_call_fn while saving (showing 5 of 2530). These functions will not be directly callable after loading.
[2023-01-31 14:25:04,230][tensorflow][INFO] - Assets written to: /home/moshelaufer/PycharmProjects/results/checkpoint/synth_autoencoder_tal/6/assets
[2023-01-31 17:15:08,352][tensorflow][WARNING] - Skipping full serialization of Keras layer <tensorflow.python.keras.layers.core.Activation object at 0x7f9f8b91bb50>, because it is not built.
[2023-01-31 17:15:08,922][tensorflow][WARNING] - Skipping full serialization of Keras layer <tensorflow.python.keras.layers.pooling.AveragePooling1D object at 0x7f9f8b972280>, because it is not built.
[2023-01-31 17:15:45,086][absl][WARNING] - Found untraced functions such as activation_layer_call_fn, activation_layer_call_and_return_conditional_losses, dense_layer_call_fn, dense_layer_call_and_return_conditional_losses, transformer_encoder_layer_call_fn while saving (showing 5 of 2530). These functions will not be directly callable after loading.
[2023-01-31 17:15:45,936][absl][WARNING] - Found untraced functions such as activation_layer_call_fn, activation_layer_call_and_return_conditional_losses, dense_layer_call_fn, dense_layer_call_and_return_conditional_losses, transformer_encoder_layer_call_fn while saving (showing 5 of 2530). These functions will not be directly callable after loading.
[2023-01-31 17:16:40,999][tensorflow][INFO] - Assets written to: /home/moshelaufer/PycharmProjects/results/checkpoint/synth_autoencoder_tal/6/assets
[2023-01-31 20:05:07,851][tensorflow][WARNING] - Skipping full serialization of Keras layer <tensorflow.python.keras.layers.core.Activation object at 0x7f9f8b91bb50>, because it is not built.
[2023-01-31 20:05:08,427][tensorflow][WARNING] - Skipping full serialization of Keras layer <tensorflow.python.keras.layers.pooling.AveragePooling1D object at 0x7f9f8b972280>, because it is not built.
[2023-01-31 20:05:44,439][absl][WARNING] - Found untraced functions such as activation_layer_call_fn, activation_layer_call_and_return_conditional_losses, dense_layer_call_fn, dense_layer_call_and_return_conditional_losses, transformer_encoder_layer_call_fn while saving (showing 5 of 2530). These functions will not be directly callable after loading.
[2023-01-31 20:05:45,237][absl][WARNING] - Found untraced functions such as activation_layer_call_fn, activation_layer_call_and_return_conditional_losses, dense_layer_call_fn, dense_layer_call_and_return_conditional_losses, transformer_encoder_layer_call_fn while saving (showing 5 of 2530). These functions will not be directly callable after loading.
[2023-01-31 20:07:15,218][tensorflow][INFO] - Assets written to: /home/moshelaufer/PycharmProjects/results/checkpoint/synth_autoencoder_tal/6/assets
[2023-01-31 22:55:45,295][tensorflow][WARNING] - Skipping full serialization of Keras layer <tensorflow.python.keras.layers.core.Activation object at 0x7f9f8b91bb50>, because it is not built.
[2023-01-31 22:55:45,881][tensorflow][WARNING] - Skipping full serialization of Keras layer <tensorflow.python.keras.layers.pooling.AveragePooling1D object at 0x7f9f8b972280>, because it is not built.
[2023-01-31 22:56:22,952][absl][WARNING] - Found untraced functions such as activation_layer_call_fn, activation_layer_call_and_return_conditional_losses, dense_layer_call_fn, dense_layer_call_and_return_conditional_losses, transformer_encoder_layer_call_fn while saving (showing 5 of 2530). These functions will not be directly callable after loading.
[2023-01-31 22:56:23,773][absl][WARNING] - Found untraced functions such as activation_layer_call_fn, activation_layer_call_and_return_conditional_losses, dense_layer_call_fn, dense_layer_call_and_return_conditional_losses, transformer_encoder_layer_call_fn while saving (showing 5 of 2530). These functions will not be directly callable after loading.
[2023-01-31 22:57:16,371][tensorflow][INFO] - Assets written to: /home/moshelaufer/PycharmProjects/results/checkpoint/synth_autoencoder_tal/6/assets
[2023-02-01 01:47:17,951][tensorflow][WARNING] - Skipping full serialization of Keras layer <tensorflow.python.keras.layers.core.Activation object at 0x7f9f8b91bb50>, because it is not built.
[2023-02-01 01:47:18,521][tensorflow][WARNING] - Skipping full serialization of Keras layer <tensorflow.python.keras.layers.pooling.AveragePooling1D object at 0x7f9f8b972280>, because it is not built.
[2023-02-01 01:47:54,509][absl][WARNING] - Found untraced functions such as activation_layer_call_fn, activation_layer_call_and_return_conditional_losses, dense_layer_call_fn, dense_layer_call_and_return_conditional_losses, transformer_encoder_layer_call_fn while saving (showing 5 of 2530). These functions will not be directly callable after loading.
[2023-02-01 01:47:55,287][absl][WARNING] - Found untraced functions such as activation_layer_call_fn, activation_layer_call_and_return_conditional_losses, dense_layer_call_fn, dense_layer_call_and_return_conditional_losses, transformer_encoder_layer_call_fn while saving (showing 5 of 2530). These functions will not be directly callable after loading.
[2023-02-01 01:48:53,498][tensorflow][INFO] - Assets written to: /home/moshelaufer/PycharmProjects/results/checkpoint/synth_autoencoder_tal/6/assets
[2023-02-01 04:37:14,301][tensorflow][WARNING] - Skipping full serialization of Keras layer <tensorflow.python.keras.layers.core.Activation object at 0x7f9f8b91bb50>, because it is not built.
[2023-02-01 04:37:14,873][tensorflow][WARNING] - Skipping full serialization of Keras layer <tensorflow.python.keras.layers.pooling.AveragePooling1D object at 0x7f9f8b972280>, because it is not built.
[2023-02-01 04:37:51,020][absl][WARNING] - Found untraced functions such as activation_layer_call_fn, activation_layer_call_and_return_conditional_losses, dense_layer_call_fn, dense_layer_call_and_return_conditional_losses, transformer_encoder_layer_call_fn while saving (showing 5 of 2530). These functions will not be directly callable after loading.
[2023-02-01 04:37:51,845][absl][WARNING] - Found untraced functions such as activation_layer_call_fn, activation_layer_call_and_return_conditional_losses, dense_layer_call_fn, dense_layer_call_and_return_conditional_losses, transformer_encoder_layer_call_fn while saving (showing 5 of 2530). These functions will not be directly callable after loading.
[2023-02-01 04:38:52,340][tensorflow][INFO] - Assets written to: /home/moshelaufer/PycharmProjects/results/checkpoint/synth_autoencoder_tal/6/assets
[2023-02-01 07:27:13,300][tensorflow][WARNING] - Skipping full serialization of Keras layer <tensorflow.python.keras.layers.core.Activation object at 0x7f9f8b91bb50>, because it is not built.
[2023-02-01 07:27:13,895][tensorflow][WARNING] - Skipping full serialization of Keras layer <tensorflow.python.keras.layers.pooling.AveragePooling1D object at 0x7f9f8b972280>, because it is not built.
[2023-02-01 07:27:51,840][absl][WARNING] - Found untraced functions such as activation_layer_call_fn, activation_layer_call_and_return_conditional_losses, dense_layer_call_fn, dense_layer_call_and_return_conditional_losses, transformer_encoder_layer_call_fn while saving (showing 5 of 2530). These functions will not be directly callable after loading.
[2023-02-01 07:27:52,626][absl][WARNING] - Found untraced functions such as activation_layer_call_fn, activation_layer_call_and_return_conditional_losses, dense_layer_call_fn, dense_layer_call_and_return_conditional_losses, transformer_encoder_layer_call_fn while saving (showing 5 of 2530). These functions will not be directly callable after loading.
[2023-02-01 07:28:52,312][tensorflow][INFO] - Assets written to: /home/moshelaufer/PycharmProjects/results/checkpoint/synth_autoencoder_tal/6/assets
[2023-02-01 10:18:48,767][tensorflow][WARNING] - Skipping full serialization of Keras layer <tensorflow.python.keras.layers.core.Activation object at 0x7f9f8b91bb50>, because it is not built.
[2023-02-01 10:18:49,341][tensorflow][WARNING] - Skipping full serialization of Keras layer <tensorflow.python.keras.layers.pooling.AveragePooling1D object at 0x7f9f8b972280>, because it is not built.
[2023-02-01 10:19:25,428][absl][WARNING] - Found untraced functions such as activation_layer_call_fn, activation_layer_call_and_return_conditional_losses, dense_layer_call_fn, dense_layer_call_and_return_conditional_losses, transformer_encoder_layer_call_fn while saving (showing 5 of 2530). These functions will not be directly callable after loading.
[2023-02-01 10:19:26,217][absl][WARNING] - Found untraced functions such as activation_layer_call_fn, activation_layer_call_and_return_conditional_losses, dense_layer_call_fn, dense_layer_call_and_return_conditional_losses, transformer_encoder_layer_call_fn while saving (showing 5 of 2530). These functions will not be directly callable after loading.
[2023-02-01 10:20:22,828][tensorflow][INFO] - Assets written to: /home/moshelaufer/PycharmProjects/results/checkpoint/synth_autoencoder_tal/6/assets
[2023-02-01 13:08:48,753][tensorflow][WARNING] - Skipping full serialization of Keras layer <tensorflow.python.keras.layers.core.Activation object at 0x7f9f8b91bb50>, because it is not built.
[2023-02-01 13:08:49,325][tensorflow][WARNING] - Skipping full serialization of Keras layer <tensorflow.python.keras.layers.pooling.AveragePooling1D object at 0x7f9f8b972280>, because it is not built.
[2023-02-01 13:09:25,251][absl][WARNING] - Found untraced functions such as activation_layer_call_fn, activation_layer_call_and_return_conditional_losses, dense_layer_call_fn, dense_layer_call_and_return_conditional_losses, transformer_encoder_layer_call_fn while saving (showing 5 of 2530). These functions will not be directly callable after loading.
[2023-02-01 13:09:26,036][absl][WARNING] - Found untraced functions such as activation_layer_call_fn, activation_layer_call_and_return_conditional_losses, dense_layer_call_fn, dense_layer_call_and_return_conditional_losses, transformer_encoder_layer_call_fn while saving (showing 5 of 2530). These functions will not be directly callable after loading.
[2023-02-01 13:10:20,074][tensorflow][INFO] - Assets written to: /home/moshelaufer/PycharmProjects/results/checkpoint/synth_autoencoder_tal/6/assets
[2023-02-01 16:00:22,550][tensorflow][WARNING] - Skipping full serialization of Keras layer <tensorflow.python.keras.layers.core.Activation object at 0x7f9f8b91bb50>, because it is not built.
[2023-02-01 16:00:23,148][tensorflow][WARNING] - Skipping full serialization of Keras layer <tensorflow.python.keras.layers.pooling.AveragePooling1D object at 0x7f9f8b972280>, because it is not built.
[2023-02-01 16:00:57,919][absl][WARNING] - Found untraced functions such as activation_layer_call_fn, activation_layer_call_and_return_conditional_losses, dense_layer_call_fn, dense_layer_call_and_return_conditional_losses, transformer_encoder_layer_call_fn while saving (showing 5 of 2530). These functions will not be directly callable after loading.
[2023-02-01 16:00:58,729][absl][WARNING] - Found untraced functions such as activation_layer_call_fn, activation_layer_call_and_return_conditional_losses, dense_layer_call_fn, dense_layer_call_and_return_conditional_losses, transformer_encoder_layer_call_fn while saving (showing 5 of 2530). These functions will not be directly callable after loading.
[2023-02-01 16:01:57,863][tensorflow][INFO] - Assets written to: /home/moshelaufer/PycharmProjects/results/checkpoint/synth_autoencoder_tal/6/assets
[2023-02-01 18:50:22,190][tensorflow][WARNING] - Skipping full serialization of Keras layer <tensorflow.python.keras.layers.core.Activation object at 0x7f9f8b91bb50>, because it is not built.
[2023-02-01 18:50:22,773][tensorflow][WARNING] - Skipping full serialization of Keras layer <tensorflow.python.keras.layers.pooling.AveragePooling1D object at 0x7f9f8b972280>, because it is not built.
[2023-02-01 18:50:58,470][absl][WARNING] - Found untraced functions such as activation_layer_call_fn, activation_layer_call_and_return_conditional_losses, dense_layer_call_fn, dense_layer_call_and_return_conditional_losses, transformer_encoder_layer_call_fn while saving (showing 5 of 2530). These functions will not be directly callable after loading.
[2023-02-01 18:50:59,298][absl][WARNING] - Found untraced functions such as activation_layer_call_fn, activation_layer_call_and_return_conditional_losses, dense_layer_call_fn, dense_layer_call_and_return_conditional_losses, transformer_encoder_layer_call_fn while saving (showing 5 of 2530). These functions will not be directly callable after loading.
[2023-02-01 18:52:10,271][tensorflow][INFO] - Assets written to: /home/moshelaufer/PycharmProjects/results/checkpoint/synth_autoencoder_tal/6/assets
[2023-02-01 21:40:34,181][tensorflow][WARNING] - Skipping full serialization of Keras layer <tensorflow.python.keras.layers.core.Activation object at 0x7f9f8b91bb50>, because it is not built.
[2023-02-01 21:40:34,767][tensorflow][WARNING] - Skipping full serialization of Keras layer <tensorflow.python.keras.layers.pooling.AveragePooling1D object at 0x7f9f8b972280>, because it is not built.
