[2023-03-18 19:12:36,413][tensorflow][WARNING] - AutoGraph could not transform <bound method GroupNormalization.call of <tensorflow_addons.layers.normalizations.GroupNormalization object at 0x7fbb5c6eebb0>> and will run it as-is.
Please report this to the TensorFlow team. When filing the bug, set the verbosity to 10 (on Linux, `export AUTOGRAPH_VERBOSITY=10`) and attach the full output.
Cause: module 'gast' has no attribute 'Index'
To silence this warning, decorate the function with @tf.autograph.experimental.do_not_convert
[2023-03-18 19:12:42,192][tensorflow][WARNING] - AutoGraph could not transform <bound method Processor.mask of <tensorflow.python.eager.function.TfMethodTarget object at 0x7fba5c6a8cd0>> and will run it as-is.
Please report this to the TensorFlow team. When filing the bug, set the verbosity to 10 (on Linux, `export AUTOGRAPH_VERBOSITY=10`) and attach the full output.
Cause: module 'gast' has no attribute 'Index'
To silence this warning, decorate the function with @tf.autograph.experimental.do_not_convert
[2023-03-18 19:12:42,902][tensorflow][WARNING] - Model was constructed with shape (None, 65, 1) for input KerasTensor(type_spec=TensorSpec(shape=(None, 65, 1), dtype=tf.float32, name='input_2'), name='input_2', description="created by layer 'input_2'"), but it was called on an input with incompatible shape (None, 65, 65).
[2023-03-18 19:12:45,996][tensorflow][WARNING] - AutoGraph could not transform <bound method CELoss.call of <Projects_tensorflow.losses.cross_entropy_loss_2.CELoss object at 0x7fbb6e3e0970>> and will run it as-is.
Please report this to the TensorFlow team. When filing the bug, set the verbosity to 10 (on Linux, `export AUTOGRAPH_VERBOSITY=10`) and attach the full output.
Cause: module 'gast' has no attribute 'Index'
To silence this warning, decorate the function with @tf.autograph.experimental.do_not_convert
[2023-03-18 19:12:56,304][tensorflow][WARNING] - Model was constructed with shape (None, 65, 1) for input KerasTensor(type_spec=TensorSpec(shape=(None, 65, 1), dtype=tf.float32, name='input_2'), name='input_2', description="created by layer 'input_2'"), but it was called on an input with incompatible shape (None, 65, 65).
[2023-03-18 19:38:58,683][tensorflow][WARNING] - Model was constructed with shape (None, 65, 1) for input KerasTensor(type_spec=TensorSpec(shape=(None, 65, 1), dtype=tf.float32, name='input_2'), name='input_2', description="created by layer 'input_2'"), but it was called on an input with incompatible shape (None, 65, 65).
[2023-03-18 20:06:25,690][tensorflow][WARNING] - Skipping full serialization of Keras layer <tensorflow.python.keras.layers.core.Activation object at 0x7fbb6810b910>, because it is not built.
[2023-03-18 20:06:26,275][tensorflow][WARNING] - Skipping full serialization of Keras layer <tensorflow.python.keras.layers.pooling.AveragePooling1D object at 0x7fbb6810bac0>, because it is not built.
[2023-03-18 20:07:02,316][absl][WARNING] - Found untraced functions such as activation_layer_call_and_return_conditional_losses, activation_layer_call_fn, dense_layer_call_and_return_conditional_losses, dense_layer_call_fn, transformer_encoder_layer_call_and_return_conditional_losses while saving (showing 5 of 2530). These functions will not be directly callable after loading.
[2023-03-18 20:07:03,087][absl][WARNING] - Found untraced functions such as activation_layer_call_and_return_conditional_losses, activation_layer_call_fn, dense_layer_call_and_return_conditional_losses, dense_layer_call_fn, transformer_encoder_layer_call_and_return_conditional_losses while saving (showing 5 of 2530). These functions will not be directly callable after loading.
[2023-03-18 20:08:17,142][tensorflow][INFO] - Assets written to: /home/moshelaufer/PycharmProjects/results/checkpoint/synth_autoencoder_shlomi/5/assets
[2023-03-18 21:01:22,944][tensorflow][WARNING] - Skipping full serialization of Keras layer <tensorflow.python.keras.layers.core.Activation object at 0x7fbb6810b910>, because it is not built.
[2023-03-18 21:01:23,928][tensorflow][WARNING] - Skipping full serialization of Keras layer <tensorflow.python.keras.layers.pooling.AveragePooling1D object at 0x7fbb6810bac0>, because it is not built.
[2023-03-18 21:01:59,749][absl][WARNING] - Found untraced functions such as activation_layer_call_and_return_conditional_losses, activation_layer_call_fn, dense_layer_call_and_return_conditional_losses, dense_layer_call_fn, transformer_encoder_layer_call_and_return_conditional_losses while saving (showing 5 of 2530). These functions will not be directly callable after loading.
[2023-03-18 21:02:00,567][absl][WARNING] - Found untraced functions such as activation_layer_call_and_return_conditional_losses, activation_layer_call_fn, dense_layer_call_and_return_conditional_losses, dense_layer_call_fn, transformer_encoder_layer_call_and_return_conditional_losses while saving (showing 5 of 2530). These functions will not be directly callable after loading.
[2023-03-18 21:03:09,673][tensorflow][INFO] - Assets written to: /home/moshelaufer/PycharmProjects/results/checkpoint/synth_autoencoder_shlomi/5/assets
[2023-03-18 21:55:40,599][tensorflow][WARNING] - Skipping full serialization of Keras layer <tensorflow.python.keras.layers.core.Activation object at 0x7fbb6810b910>, because it is not built.
[2023-03-18 21:55:41,181][tensorflow][WARNING] - Skipping full serialization of Keras layer <tensorflow.python.keras.layers.pooling.AveragePooling1D object at 0x7fbb6810bac0>, because it is not built.
[2023-03-18 21:56:18,212][absl][WARNING] - Found untraced functions such as activation_layer_call_and_return_conditional_losses, activation_layer_call_fn, dense_layer_call_and_return_conditional_losses, dense_layer_call_fn, transformer_encoder_layer_call_and_return_conditional_losses while saving (showing 5 of 2530). These functions will not be directly callable after loading.
[2023-03-18 21:56:19,006][absl][WARNING] - Found untraced functions such as activation_layer_call_and_return_conditional_losses, activation_layer_call_fn, dense_layer_call_and_return_conditional_losses, dense_layer_call_fn, transformer_encoder_layer_call_and_return_conditional_losses while saving (showing 5 of 2530). These functions will not be directly callable after loading.
[2023-03-18 21:57:32,588][tensorflow][INFO] - Assets written to: /home/moshelaufer/PycharmProjects/results/checkpoint/synth_autoencoder_shlomi/5/assets
[2023-03-18 22:50:02,077][tensorflow][WARNING] - Skipping full serialization of Keras layer <tensorflow.python.keras.layers.core.Activation object at 0x7fbb6810b910>, because it is not built.
[2023-03-18 22:50:02,661][tensorflow][WARNING] - Skipping full serialization of Keras layer <tensorflow.python.keras.layers.pooling.AveragePooling1D object at 0x7fbb6810bac0>, because it is not built.
[2023-03-18 22:50:40,100][absl][WARNING] - Found untraced functions such as activation_layer_call_and_return_conditional_losses, activation_layer_call_fn, dense_layer_call_and_return_conditional_losses, dense_layer_call_fn, transformer_encoder_layer_call_and_return_conditional_losses while saving (showing 5 of 2530). These functions will not be directly callable after loading.
[2023-03-18 22:50:40,900][absl][WARNING] - Found untraced functions such as activation_layer_call_and_return_conditional_losses, activation_layer_call_fn, dense_layer_call_and_return_conditional_losses, dense_layer_call_fn, transformer_encoder_layer_call_and_return_conditional_losses while saving (showing 5 of 2530). These functions will not be directly callable after loading.
[2023-03-18 22:51:58,458][tensorflow][INFO] - Assets written to: /home/moshelaufer/PycharmProjects/results/checkpoint/synth_autoencoder_shlomi/5/assets
[2023-03-18 23:44:28,209][tensorflow][WARNING] - Skipping full serialization of Keras layer <tensorflow.python.keras.layers.core.Activation object at 0x7fbb6810b910>, because it is not built.
[2023-03-18 23:44:28,779][tensorflow][WARNING] - Skipping full serialization of Keras layer <tensorflow.python.keras.layers.pooling.AveragePooling1D object at 0x7fbb6810bac0>, because it is not built.
[2023-03-18 23:45:05,282][absl][WARNING] - Found untraced functions such as activation_layer_call_and_return_conditional_losses, activation_layer_call_fn, dense_layer_call_and_return_conditional_losses, dense_layer_call_fn, transformer_encoder_layer_call_and_return_conditional_losses while saving (showing 5 of 2530). These functions will not be directly callable after loading.
[2023-03-18 23:45:06,068][absl][WARNING] - Found untraced functions such as activation_layer_call_and_return_conditional_losses, activation_layer_call_fn, dense_layer_call_and_return_conditional_losses, dense_layer_call_fn, transformer_encoder_layer_call_and_return_conditional_losses while saving (showing 5 of 2530). These functions will not be directly callable after loading.
[2023-03-18 23:46:14,380][tensorflow][INFO] - Assets written to: /home/moshelaufer/PycharmProjects/results/checkpoint/synth_autoencoder_shlomi/5/assets
[2023-03-19 00:38:45,728][tensorflow][WARNING] - Skipping full serialization of Keras layer <tensorflow.python.keras.layers.core.Activation object at 0x7fbb6810b910>, because it is not built.
[2023-03-19 00:38:46,301][tensorflow][WARNING] - Skipping full serialization of Keras layer <tensorflow.python.keras.layers.pooling.AveragePooling1D object at 0x7fbb6810bac0>, because it is not built.
[2023-03-19 00:39:21,861][absl][WARNING] - Found untraced functions such as activation_layer_call_and_return_conditional_losses, activation_layer_call_fn, dense_layer_call_and_return_conditional_losses, dense_layer_call_fn, transformer_encoder_layer_call_and_return_conditional_losses while saving (showing 5 of 2530). These functions will not be directly callable after loading.
[2023-03-19 00:39:22,647][absl][WARNING] - Found untraced functions such as activation_layer_call_and_return_conditional_losses, activation_layer_call_fn, dense_layer_call_and_return_conditional_losses, dense_layer_call_fn, transformer_encoder_layer_call_and_return_conditional_losses while saving (showing 5 of 2530). These functions will not be directly callable after loading.
[2023-03-19 00:40:40,305][tensorflow][INFO] - Assets written to: /home/moshelaufer/PycharmProjects/results/checkpoint/synth_autoencoder_shlomi/5/assets
[2023-03-19 01:33:10,080][tensorflow][WARNING] - Skipping full serialization of Keras layer <tensorflow.python.keras.layers.core.Activation object at 0x7fbb6810b910>, because it is not built.
[2023-03-19 01:33:10,644][tensorflow][WARNING] - Skipping full serialization of Keras layer <tensorflow.python.keras.layers.pooling.AveragePooling1D object at 0x7fbb6810bac0>, because it is not built.
[2023-03-19 01:33:46,913][absl][WARNING] - Found untraced functions such as activation_layer_call_and_return_conditional_losses, activation_layer_call_fn, dense_layer_call_and_return_conditional_losses, dense_layer_call_fn, transformer_encoder_layer_call_and_return_conditional_losses while saving (showing 5 of 2530). These functions will not be directly callable after loading.
[2023-03-19 01:33:47,711][absl][WARNING] - Found untraced functions such as activation_layer_call_and_return_conditional_losses, activation_layer_call_fn, dense_layer_call_and_return_conditional_losses, dense_layer_call_fn, transformer_encoder_layer_call_and_return_conditional_losses while saving (showing 5 of 2530). These functions will not be directly callable after loading.
[2023-03-19 01:35:03,250][tensorflow][INFO] - Assets written to: /home/moshelaufer/PycharmProjects/results/checkpoint/synth_autoencoder_shlomi/5/assets
[2023-03-19 02:27:33,720][tensorflow][WARNING] - Skipping full serialization of Keras layer <tensorflow.python.keras.layers.core.Activation object at 0x7fbb6810b910>, because it is not built.
[2023-03-19 02:27:34,294][tensorflow][WARNING] - Skipping full serialization of Keras layer <tensorflow.python.keras.layers.pooling.AveragePooling1D object at 0x7fbb6810bac0>, because it is not built.
[2023-03-19 02:28:10,223][absl][WARNING] - Found untraced functions such as activation_layer_call_and_return_conditional_losses, activation_layer_call_fn, dense_layer_call_and_return_conditional_losses, dense_layer_call_fn, transformer_encoder_layer_call_and_return_conditional_losses while saving (showing 5 of 2530). These functions will not be directly callable after loading.
[2023-03-19 02:28:11,046][absl][WARNING] - Found untraced functions such as activation_layer_call_and_return_conditional_losses, activation_layer_call_fn, dense_layer_call_and_return_conditional_losses, dense_layer_call_fn, transformer_encoder_layer_call_and_return_conditional_losses while saving (showing 5 of 2530). These functions will not be directly callable after loading.
[2023-03-19 02:29:26,728][tensorflow][INFO] - Assets written to: /home/moshelaufer/PycharmProjects/results/checkpoint/synth_autoencoder_shlomi/5/assets
[2023-03-19 03:21:58,231][tensorflow][WARNING] - Skipping full serialization of Keras layer <tensorflow.python.keras.layers.core.Activation object at 0x7fbb6810b910>, because it is not built.
[2023-03-19 03:21:58,844][tensorflow][WARNING] - Skipping full serialization of Keras layer <tensorflow.python.keras.layers.pooling.AveragePooling1D object at 0x7fbb6810bac0>, because it is not built.
[2023-03-19 03:22:34,973][absl][WARNING] - Found untraced functions such as activation_layer_call_and_return_conditional_losses, activation_layer_call_fn, dense_layer_call_and_return_conditional_losses, dense_layer_call_fn, transformer_encoder_layer_call_and_return_conditional_losses while saving (showing 5 of 2530). These functions will not be directly callable after loading.
[2023-03-19 03:22:36,311][absl][WARNING] - Found untraced functions such as activation_layer_call_and_return_conditional_losses, activation_layer_call_fn, dense_layer_call_and_return_conditional_losses, dense_layer_call_fn, transformer_encoder_layer_call_and_return_conditional_losses while saving (showing 5 of 2530). These functions will not be directly callable after loading.
[2023-03-19 03:23:52,937][tensorflow][INFO] - Assets written to: /home/moshelaufer/PycharmProjects/results/checkpoint/synth_autoencoder_shlomi/5/assets
[2023-03-19 04:16:24,880][tensorflow][WARNING] - Skipping full serialization of Keras layer <tensorflow.python.keras.layers.core.Activation object at 0x7fbb6810b910>, because it is not built.
[2023-03-19 04:16:25,457][tensorflow][WARNING] - Skipping full serialization of Keras layer <tensorflow.python.keras.layers.pooling.AveragePooling1D object at 0x7fbb6810bac0>, because it is not built.
[2023-03-19 04:17:01,131][absl][WARNING] - Found untraced functions such as activation_layer_call_and_return_conditional_losses, activation_layer_call_fn, dense_layer_call_and_return_conditional_losses, dense_layer_call_fn, transformer_encoder_layer_call_and_return_conditional_losses while saving (showing 5 of 2530). These functions will not be directly callable after loading.
[2023-03-19 04:17:01,904][absl][WARNING] - Found untraced functions such as activation_layer_call_and_return_conditional_losses, activation_layer_call_fn, dense_layer_call_and_return_conditional_losses, dense_layer_call_fn, transformer_encoder_layer_call_and_return_conditional_losses while saving (showing 5 of 2530). These functions will not be directly callable after loading.
[2023-03-19 04:18:20,185][tensorflow][INFO] - Assets written to: /home/moshelaufer/PycharmProjects/results/checkpoint/synth_autoencoder_shlomi/5/assets
[2023-03-19 05:10:51,310][tensorflow][WARNING] - Skipping full serialization of Keras layer <tensorflow.python.keras.layers.core.Activation object at 0x7fbb6810b910>, because it is not built.
[2023-03-19 05:10:51,878][tensorflow][WARNING] - Skipping full serialization of Keras layer <tensorflow.python.keras.layers.pooling.AveragePooling1D object at 0x7fbb6810bac0>, because it is not built.
[2023-03-19 05:11:27,862][absl][WARNING] - Found untraced functions such as activation_layer_call_and_return_conditional_losses, activation_layer_call_fn, dense_layer_call_and_return_conditional_losses, dense_layer_call_fn, transformer_encoder_layer_call_and_return_conditional_losses while saving (showing 5 of 2530). These functions will not be directly callable after loading.
[2023-03-19 05:11:29,171][absl][WARNING] - Found untraced functions such as activation_layer_call_and_return_conditional_losses, activation_layer_call_fn, dense_layer_call_and_return_conditional_losses, dense_layer_call_fn, transformer_encoder_layer_call_and_return_conditional_losses while saving (showing 5 of 2530). These functions will not be directly callable after loading.
[2023-03-19 05:12:45,198][tensorflow][INFO] - Assets written to: /home/moshelaufer/PycharmProjects/results/checkpoint/synth_autoencoder_shlomi/5/assets
[2023-03-19 06:05:17,549][tensorflow][WARNING] - Skipping full serialization of Keras layer <tensorflow.python.keras.layers.core.Activation object at 0x7fbb6810b910>, because it is not built.
[2023-03-19 06:05:18,157][tensorflow][WARNING] - Skipping full serialization of Keras layer <tensorflow.python.keras.layers.pooling.AveragePooling1D object at 0x7fbb6810bac0>, because it is not built.
[2023-03-19 06:05:54,020][absl][WARNING] - Found untraced functions such as activation_layer_call_and_return_conditional_losses, activation_layer_call_fn, dense_layer_call_and_return_conditional_losses, dense_layer_call_fn, transformer_encoder_layer_call_and_return_conditional_losses while saving (showing 5 of 2530). These functions will not be directly callable after loading.
[2023-03-19 06:05:54,825][absl][WARNING] - Found untraced functions such as activation_layer_call_and_return_conditional_losses, activation_layer_call_fn, dense_layer_call_and_return_conditional_losses, dense_layer_call_fn, transformer_encoder_layer_call_and_return_conditional_losses while saving (showing 5 of 2530). These functions will not be directly callable after loading.
[2023-03-19 06:07:12,752][tensorflow][INFO] - Assets written to: /home/moshelaufer/PycharmProjects/results/checkpoint/synth_autoencoder_shlomi/5/assets
[2023-03-19 06:59:44,714][tensorflow][WARNING] - Skipping full serialization of Keras layer <tensorflow.python.keras.layers.core.Activation object at 0x7fbb6810b910>, because it is not built.
[2023-03-19 06:59:45,280][tensorflow][WARNING] - Skipping full serialization of Keras layer <tensorflow.python.keras.layers.pooling.AveragePooling1D object at 0x7fbb6810bac0>, because it is not built.
[2023-03-19 07:00:20,719][absl][WARNING] - Found untraced functions such as activation_layer_call_and_return_conditional_losses, activation_layer_call_fn, dense_layer_call_and_return_conditional_losses, dense_layer_call_fn, transformer_encoder_layer_call_and_return_conditional_losses while saving (showing 5 of 2530). These functions will not be directly callable after loading.
[2023-03-19 07:00:21,520][absl][WARNING] - Found untraced functions such as activation_layer_call_and_return_conditional_losses, activation_layer_call_fn, dense_layer_call_and_return_conditional_losses, dense_layer_call_fn, transformer_encoder_layer_call_and_return_conditional_losses while saving (showing 5 of 2530). These functions will not be directly callable after loading.
[2023-03-19 07:01:39,842][tensorflow][INFO] - Assets written to: /home/moshelaufer/PycharmProjects/results/checkpoint/synth_autoencoder_shlomi/5/assets
[2023-03-19 07:54:10,761][tensorflow][WARNING] - Skipping full serialization of Keras layer <tensorflow.python.keras.layers.core.Activation object at 0x7fbb6810b910>, because it is not built.
[2023-03-19 07:54:11,326][tensorflow][WARNING] - Skipping full serialization of Keras layer <tensorflow.python.keras.layers.pooling.AveragePooling1D object at 0x7fbb6810bac0>, because it is not built.
[2023-03-19 07:54:47,518][absl][WARNING] - Found untraced functions such as activation_layer_call_and_return_conditional_losses, activation_layer_call_fn, dense_layer_call_and_return_conditional_losses, dense_layer_call_fn, transformer_encoder_layer_call_and_return_conditional_losses while saving (showing 5 of 2530). These functions will not be directly callable after loading.
[2023-03-19 07:54:48,309][absl][WARNING] - Found untraced functions such as activation_layer_call_and_return_conditional_losses, activation_layer_call_fn, dense_layer_call_and_return_conditional_losses, dense_layer_call_fn, transformer_encoder_layer_call_and_return_conditional_losses while saving (showing 5 of 2530). These functions will not be directly callable after loading.
[2023-03-19 07:56:06,512][tensorflow][INFO] - Assets written to: /home/moshelaufer/PycharmProjects/results/checkpoint/synth_autoencoder_shlomi/5/assets
[2023-03-19 08:48:38,258][tensorflow][WARNING] - Skipping full serialization of Keras layer <tensorflow.python.keras.layers.core.Activation object at 0x7fbb6810b910>, because it is not built.
[2023-03-19 08:48:38,841][tensorflow][WARNING] - Skipping full serialization of Keras layer <tensorflow.python.keras.layers.pooling.AveragePooling1D object at 0x7fbb6810bac0>, because it is not built.
[2023-03-19 08:49:15,214][absl][WARNING] - Found untraced functions such as activation_layer_call_and_return_conditional_losses, activation_layer_call_fn, dense_layer_call_and_return_conditional_losses, dense_layer_call_fn, transformer_encoder_layer_call_and_return_conditional_losses while saving (showing 5 of 2530). These functions will not be directly callable after loading.
[2023-03-19 08:49:16,542][absl][WARNING] - Found untraced functions such as activation_layer_call_and_return_conditional_losses, activation_layer_call_fn, dense_layer_call_and_return_conditional_losses, dense_layer_call_fn, transformer_encoder_layer_call_and_return_conditional_losses while saving (showing 5 of 2530). These functions will not be directly callable after loading.
[2023-03-19 08:50:32,780][tensorflow][INFO] - Assets written to: /home/moshelaufer/PycharmProjects/results/checkpoint/synth_autoencoder_shlomi/5/assets
[2023-03-19 09:43:05,354][tensorflow][WARNING] - Skipping full serialization of Keras layer <tensorflow.python.keras.layers.core.Activation object at 0x7fbb6810b910>, because it is not built.
[2023-03-19 09:43:05,960][tensorflow][WARNING] - Skipping full serialization of Keras layer <tensorflow.python.keras.layers.pooling.AveragePooling1D object at 0x7fbb6810bac0>, because it is not built.
[2023-03-19 09:43:42,154][absl][WARNING] - Found untraced functions such as activation_layer_call_and_return_conditional_losses, activation_layer_call_fn, dense_layer_call_and_return_conditional_losses, dense_layer_call_fn, transformer_encoder_layer_call_and_return_conditional_losses while saving (showing 5 of 2530). These functions will not be directly callable after loading.
[2023-03-19 09:43:42,948][absl][WARNING] - Found untraced functions such as activation_layer_call_and_return_conditional_losses, activation_layer_call_fn, dense_layer_call_and_return_conditional_losses, dense_layer_call_fn, transformer_encoder_layer_call_and_return_conditional_losses while saving (showing 5 of 2530). These functions will not be directly callable after loading.
[2023-03-19 09:44:57,784][tensorflow][INFO] - Assets written to: /home/moshelaufer/PycharmProjects/results/checkpoint/synth_autoencoder_shlomi/5/assets
[2023-03-19 10:37:30,152][tensorflow][WARNING] - Skipping full serialization of Keras layer <tensorflow.python.keras.layers.core.Activation object at 0x7fbb6810b910>, because it is not built.
[2023-03-19 10:37:30,722][tensorflow][WARNING] - Skipping full serialization of Keras layer <tensorflow.python.keras.layers.pooling.AveragePooling1D object at 0x7fbb6810bac0>, because it is not built.
[2023-03-19 10:38:06,556][absl][WARNING] - Found untraced functions such as activation_layer_call_and_return_conditional_losses, activation_layer_call_fn, dense_layer_call_and_return_conditional_losses, dense_layer_call_fn, transformer_encoder_layer_call_and_return_conditional_losses while saving (showing 5 of 2530). These functions will not be directly callable after loading.
[2023-03-19 10:38:07,343][absl][WARNING] - Found untraced functions such as activation_layer_call_and_return_conditional_losses, activation_layer_call_fn, dense_layer_call_and_return_conditional_losses, dense_layer_call_fn, transformer_encoder_layer_call_and_return_conditional_losses while saving (showing 5 of 2530). These functions will not be directly callable after loading.
[2023-03-19 10:39:25,033][tensorflow][INFO] - Assets written to: /home/moshelaufer/PycharmProjects/results/checkpoint/synth_autoencoder_shlomi/5/assets
[2023-03-19 11:31:58,205][tensorflow][WARNING] - Skipping full serialization of Keras layer <tensorflow.python.keras.layers.core.Activation object at 0x7fbb6810b910>, because it is not built.
[2023-03-19 11:31:58,775][tensorflow][WARNING] - Skipping full serialization of Keras layer <tensorflow.python.keras.layers.pooling.AveragePooling1D object at 0x7fbb6810bac0>, because it is not built.
[2023-03-19 11:32:35,224][absl][WARNING] - Found untraced functions such as activation_layer_call_and_return_conditional_losses, activation_layer_call_fn, dense_layer_call_and_return_conditional_losses, dense_layer_call_fn, transformer_encoder_layer_call_and_return_conditional_losses while saving (showing 5 of 2530). These functions will not be directly callable after loading.
[2023-03-19 11:32:36,004][absl][WARNING] - Found untraced functions such as activation_layer_call_and_return_conditional_losses, activation_layer_call_fn, dense_layer_call_and_return_conditional_losses, dense_layer_call_fn, transformer_encoder_layer_call_and_return_conditional_losses while saving (showing 5 of 2530). These functions will not be directly callable after loading.
[2023-03-19 11:33:54,919][tensorflow][INFO] - Assets written to: /home/moshelaufer/PycharmProjects/results/checkpoint/synth_autoencoder_shlomi/5/assets
[2023-03-19 12:26:26,689][tensorflow][WARNING] - Skipping full serialization of Keras layer <tensorflow.python.keras.layers.core.Activation object at 0x7fbb6810b910>, because it is not built.
[2023-03-19 12:26:27,259][tensorflow][WARNING] - Skipping full serialization of Keras layer <tensorflow.python.keras.layers.pooling.AveragePooling1D object at 0x7fbb6810bac0>, because it is not built.
[2023-03-19 12:27:03,209][absl][WARNING] - Found untraced functions such as activation_layer_call_and_return_conditional_losses, activation_layer_call_fn, dense_layer_call_and_return_conditional_losses, dense_layer_call_fn, transformer_encoder_layer_call_and_return_conditional_losses while saving (showing 5 of 2530). These functions will not be directly callable after loading.
[2023-03-19 12:27:03,989][absl][WARNING] - Found untraced functions such as activation_layer_call_and_return_conditional_losses, activation_layer_call_fn, dense_layer_call_and_return_conditional_losses, dense_layer_call_fn, transformer_encoder_layer_call_and_return_conditional_losses while saving (showing 5 of 2530). These functions will not be directly callable after loading.
[2023-03-19 12:28:19,547][tensorflow][INFO] - Assets written to: /home/moshelaufer/PycharmProjects/results/checkpoint/synth_autoencoder_shlomi/5/assets
[2023-03-19 13:20:51,794][tensorflow][WARNING] - Skipping full serialization of Keras layer <tensorflow.python.keras.layers.core.Activation object at 0x7fbb6810b910>, because it is not built.
[2023-03-19 13:20:52,399][tensorflow][WARNING] - Skipping full serialization of Keras layer <tensorflow.python.keras.layers.pooling.AveragePooling1D object at 0x7fbb6810bac0>, because it is not built.
[2023-03-19 13:21:28,432][absl][WARNING] - Found untraced functions such as activation_layer_call_and_return_conditional_losses, activation_layer_call_fn, dense_layer_call_and_return_conditional_losses, dense_layer_call_fn, transformer_encoder_layer_call_and_return_conditional_losses while saving (showing 5 of 2530). These functions will not be directly callable after loading.
[2023-03-19 13:21:29,758][absl][WARNING] - Found untraced functions such as activation_layer_call_and_return_conditional_losses, activation_layer_call_fn, dense_layer_call_and_return_conditional_losses, dense_layer_call_fn, transformer_encoder_layer_call_and_return_conditional_losses while saving (showing 5 of 2530). These functions will not be directly callable after loading.
[2023-03-19 13:22:46,419][tensorflow][INFO] - Assets written to: /home/moshelaufer/PycharmProjects/results/checkpoint/synth_autoencoder_shlomi/5/assets
[2023-03-19 14:15:18,246][tensorflow][WARNING] - Skipping full serialization of Keras layer <tensorflow.python.keras.layers.core.Activation object at 0x7fbb6810b910>, because it is not built.
[2023-03-19 14:15:18,834][tensorflow][WARNING] - Skipping full serialization of Keras layer <tensorflow.python.keras.layers.pooling.AveragePooling1D object at 0x7fbb6810bac0>, because it is not built.
[2023-03-19 14:15:54,840][absl][WARNING] - Found untraced functions such as activation_layer_call_and_return_conditional_losses, activation_layer_call_fn, dense_layer_call_and_return_conditional_losses, dense_layer_call_fn, transformer_encoder_layer_call_and_return_conditional_losses while saving (showing 5 of 2530). These functions will not be directly callable after loading.
[2023-03-19 14:15:55,635][absl][WARNING] - Found untraced functions such as activation_layer_call_and_return_conditional_losses, activation_layer_call_fn, dense_layer_call_and_return_conditional_losses, dense_layer_call_fn, transformer_encoder_layer_call_and_return_conditional_losses while saving (showing 5 of 2530). These functions will not be directly callable after loading.
[2023-03-19 14:17:13,340][tensorflow][INFO] - Assets written to: /home/moshelaufer/PycharmProjects/results/checkpoint/synth_autoencoder_shlomi/5/assets
[2023-03-19 15:09:44,713][tensorflow][WARNING] - Skipping full serialization of Keras layer <tensorflow.python.keras.layers.core.Activation object at 0x7fbb6810b910>, because it is not built.
[2023-03-19 15:09:45,281][tensorflow][WARNING] - Skipping full serialization of Keras layer <tensorflow.python.keras.layers.pooling.AveragePooling1D object at 0x7fbb6810bac0>, because it is not built.
[2023-03-19 15:10:21,245][absl][WARNING] - Found untraced functions such as activation_layer_call_and_return_conditional_losses, activation_layer_call_fn, dense_layer_call_and_return_conditional_losses, dense_layer_call_fn, transformer_encoder_layer_call_and_return_conditional_losses while saving (showing 5 of 2530). These functions will not be directly callable after loading.
[2023-03-19 15:10:22,024][absl][WARNING] - Found untraced functions such as activation_layer_call_and_return_conditional_losses, activation_layer_call_fn, dense_layer_call_and_return_conditional_losses, dense_layer_call_fn, transformer_encoder_layer_call_and_return_conditional_losses while saving (showing 5 of 2530). These functions will not be directly callable after loading.
[2023-03-19 15:11:38,440][tensorflow][INFO] - Assets written to: /home/moshelaufer/PycharmProjects/results/checkpoint/synth_autoencoder_shlomi/5/assets
[2023-03-19 16:04:10,108][tensorflow][WARNING] - Skipping full serialization of Keras layer <tensorflow.python.keras.layers.core.Activation object at 0x7fbb6810b910>, because it is not built.
[2023-03-19 16:04:10,707][tensorflow][WARNING] - Skipping full serialization of Keras layer <tensorflow.python.keras.layers.pooling.AveragePooling1D object at 0x7fbb6810bac0>, because it is not built.
[2023-03-19 16:04:46,580][absl][WARNING] - Found untraced functions such as activation_layer_call_and_return_conditional_losses, activation_layer_call_fn, dense_layer_call_and_return_conditional_losses, dense_layer_call_fn, transformer_encoder_layer_call_and_return_conditional_losses while saving (showing 5 of 2530). These functions will not be directly callable after loading.
[2023-03-19 16:04:47,365][absl][WARNING] - Found untraced functions such as activation_layer_call_and_return_conditional_losses, activation_layer_call_fn, dense_layer_call_and_return_conditional_losses, dense_layer_call_fn, transformer_encoder_layer_call_and_return_conditional_losses while saving (showing 5 of 2530). These functions will not be directly callable after loading.
[2023-03-19 16:06:05,066][tensorflow][INFO] - Assets written to: /home/moshelaufer/PycharmProjects/results/checkpoint/synth_autoencoder_shlomi/5/assets
[2023-03-19 16:58:36,849][tensorflow][WARNING] - Skipping full serialization of Keras layer <tensorflow.python.keras.layers.core.Activation object at 0x7fbb6810b910>, because it is not built.
[2023-03-19 16:58:37,439][tensorflow][WARNING] - Skipping full serialization of Keras layer <tensorflow.python.keras.layers.pooling.AveragePooling1D object at 0x7fbb6810bac0>, because it is not built.
[2023-03-19 16:59:14,213][absl][WARNING] - Found untraced functions such as activation_layer_call_and_return_conditional_losses, activation_layer_call_fn, dense_layer_call_and_return_conditional_losses, dense_layer_call_fn, transformer_encoder_layer_call_and_return_conditional_losses while saving (showing 5 of 2530). These functions will not be directly callable after loading.
[2023-03-19 16:59:15,075][absl][WARNING] - Found untraced functions such as activation_layer_call_and_return_conditional_losses, activation_layer_call_fn, dense_layer_call_and_return_conditional_losses, dense_layer_call_fn, transformer_encoder_layer_call_and_return_conditional_losses while saving (showing 5 of 2530). These functions will not be directly callable after loading.
[2023-03-19 17:00:34,987][tensorflow][INFO] - Assets written to: /home/moshelaufer/PycharmProjects/results/checkpoint/synth_autoencoder_shlomi/5/assets
[2023-03-19 17:53:08,242][tensorflow][WARNING] - Skipping full serialization of Keras layer <tensorflow.python.keras.layers.core.Activation object at 0x7fbb6810b910>, because it is not built.
[2023-03-19 17:53:08,829][tensorflow][WARNING] - Skipping full serialization of Keras layer <tensorflow.python.keras.layers.pooling.AveragePooling1D object at 0x7fbb6810bac0>, because it is not built.
[2023-03-19 17:53:45,839][absl][WARNING] - Found untraced functions such as activation_layer_call_and_return_conditional_losses, activation_layer_call_fn, dense_layer_call_and_return_conditional_losses, dense_layer_call_fn, transformer_encoder_layer_call_and_return_conditional_losses while saving (showing 5 of 2530). These functions will not be directly callable after loading.
[2023-03-19 17:53:47,198][absl][WARNING] - Found untraced functions such as activation_layer_call_and_return_conditional_losses, activation_layer_call_fn, dense_layer_call_and_return_conditional_losses, dense_layer_call_fn, transformer_encoder_layer_call_and_return_conditional_losses while saving (showing 5 of 2530). These functions will not be directly callable after loading.
[2023-03-19 17:55:04,033][tensorflow][INFO] - Assets written to: /home/moshelaufer/PycharmProjects/results/checkpoint/synth_autoencoder_shlomi/5/assets
[2023-03-19 19:40:07,410][tensorflow][WARNING] - Skipping full serialization of Keras layer <tensorflow.python.keras.layers.core.Activation object at 0x7fbb6810b910>, because it is not built.
[2023-03-19 19:40:08,002][tensorflow][WARNING] - Skipping full serialization of Keras layer <tensorflow.python.keras.layers.pooling.AveragePooling1D object at 0x7fbb6810bac0>, because it is not built.
[2023-03-19 19:40:43,814][absl][WARNING] - Found untraced functions such as activation_layer_call_and_return_conditional_losses, activation_layer_call_fn, dense_layer_call_and_return_conditional_losses, dense_layer_call_fn, transformer_encoder_layer_call_and_return_conditional_losses while saving (showing 5 of 2530). These functions will not be directly callable after loading.
[2023-03-19 19:40:44,636][absl][WARNING] - Found untraced functions such as activation_layer_call_and_return_conditional_losses, activation_layer_call_fn, dense_layer_call_and_return_conditional_losses, dense_layer_call_fn, transformer_encoder_layer_call_and_return_conditional_losses while saving (showing 5 of 2530). These functions will not be directly callable after loading.
[2023-03-19 19:42:03,390][tensorflow][INFO] - Assets written to: /home/moshelaufer/PycharmProjects/results/checkpoint/synth_autoencoder_shlomi/5/assets
[2023-03-19 20:34:34,965][tensorflow][WARNING] - Skipping full serialization of Keras layer <tensorflow.python.keras.layers.core.Activation object at 0x7fbb6810b910>, because it is not built.
[2023-03-19 20:34:35,553][tensorflow][WARNING] - Skipping full serialization of Keras layer <tensorflow.python.keras.layers.pooling.AveragePooling1D object at 0x7fbb6810bac0>, because it is not built.
[2023-03-19 20:35:12,375][absl][WARNING] - Found untraced functions such as activation_layer_call_and_return_conditional_losses, activation_layer_call_fn, dense_layer_call_and_return_conditional_losses, dense_layer_call_fn, transformer_encoder_layer_call_and_return_conditional_losses while saving (showing 5 of 2530). These functions will not be directly callable after loading.
[2023-03-19 20:35:13,168][absl][WARNING] - Found untraced functions such as activation_layer_call_and_return_conditional_losses, activation_layer_call_fn, dense_layer_call_and_return_conditional_losses, dense_layer_call_fn, transformer_encoder_layer_call_and_return_conditional_losses while saving (showing 5 of 2530). These functions will not be directly callable after loading.
[2023-03-19 20:36:55,655][tensorflow][INFO] - Assets written to: /home/moshelaufer/PycharmProjects/results/checkpoint/synth_autoencoder_shlomi/5/assets
[2023-03-19 21:29:29,578][tensorflow][WARNING] - Skipping full serialization of Keras layer <tensorflow.python.keras.layers.core.Activation object at 0x7fbb6810b910>, because it is not built.
[2023-03-19 21:29:30,196][tensorflow][WARNING] - Skipping full serialization of Keras layer <tensorflow.python.keras.layers.pooling.AveragePooling1D object at 0x7fbb6810bac0>, because it is not built.
[2023-03-19 21:30:06,373][absl][WARNING] - Found untraced functions such as activation_layer_call_and_return_conditional_losses, activation_layer_call_fn, dense_layer_call_and_return_conditional_losses, dense_layer_call_fn, transformer_encoder_layer_call_and_return_conditional_losses while saving (showing 5 of 2530). These functions will not be directly callable after loading.
[2023-03-19 21:30:07,201][absl][WARNING] - Found untraced functions such as activation_layer_call_and_return_conditional_losses, activation_layer_call_fn, dense_layer_call_and_return_conditional_losses, dense_layer_call_fn, transformer_encoder_layer_call_and_return_conditional_losses while saving (showing 5 of 2530). These functions will not be directly callable after loading.
[2023-03-19 21:31:28,599][tensorflow][INFO] - Assets written to: /home/moshelaufer/PycharmProjects/results/checkpoint/synth_autoencoder_shlomi/5/assets
[2023-03-19 22:24:01,544][tensorflow][WARNING] - Skipping full serialization of Keras layer <tensorflow.python.keras.layers.core.Activation object at 0x7fbb6810b910>, because it is not built.
[2023-03-19 22:24:02,186][tensorflow][WARNING] - Skipping full serialization of Keras layer <tensorflow.python.keras.layers.pooling.AveragePooling1D object at 0x7fbb6810bac0>, because it is not built.
[2023-03-19 22:24:37,959][absl][WARNING] - Found untraced functions such as activation_layer_call_and_return_conditional_losses, activation_layer_call_fn, dense_layer_call_and_return_conditional_losses, dense_layer_call_fn, transformer_encoder_layer_call_and_return_conditional_losses while saving (showing 5 of 2530). These functions will not be directly callable after loading.
[2023-03-19 22:24:38,758][absl][WARNING] - Found untraced functions such as activation_layer_call_and_return_conditional_losses, activation_layer_call_fn, dense_layer_call_and_return_conditional_losses, dense_layer_call_fn, transformer_encoder_layer_call_and_return_conditional_losses while saving (showing 5 of 2530). These functions will not be directly callable after loading.
[2023-03-19 22:25:54,855][tensorflow][INFO] - Assets written to: /home/moshelaufer/PycharmProjects/results/checkpoint/synth_autoencoder_shlomi/5/assets
[2023-03-19 23:18:29,563][tensorflow][WARNING] - Skipping full serialization of Keras layer <tensorflow.python.keras.layers.core.Activation object at 0x7fbb6810b910>, because it is not built.
[2023-03-19 23:18:30,149][tensorflow][WARNING] - Skipping full serialization of Keras layer <tensorflow.python.keras.layers.pooling.AveragePooling1D object at 0x7fbb6810bac0>, because it is not built.
[2023-03-19 23:19:06,571][absl][WARNING] - Found untraced functions such as activation_layer_call_and_return_conditional_losses, activation_layer_call_fn, dense_layer_call_and_return_conditional_losses, dense_layer_call_fn, transformer_encoder_layer_call_and_return_conditional_losses while saving (showing 5 of 2530). These functions will not be directly callable after loading.
[2023-03-19 23:19:07,386][absl][WARNING] - Found untraced functions such as activation_layer_call_and_return_conditional_losses, activation_layer_call_fn, dense_layer_call_and_return_conditional_losses, dense_layer_call_fn, transformer_encoder_layer_call_and_return_conditional_losses while saving (showing 5 of 2530). These functions will not be directly callable after loading.
[2023-03-19 23:20:23,922][tensorflow][INFO] - Assets written to: /home/moshelaufer/PycharmProjects/results/checkpoint/synth_autoencoder_shlomi/5/assets
[2023-03-20 00:12:55,234][tensorflow][WARNING] - Skipping full serialization of Keras layer <tensorflow.python.keras.layers.core.Activation object at 0x7fbb6810b910>, because it is not built.
[2023-03-20 00:12:55,800][tensorflow][WARNING] - Skipping full serialization of Keras layer <tensorflow.python.keras.layers.pooling.AveragePooling1D object at 0x7fbb6810bac0>, because it is not built.
[2023-03-20 00:13:32,472][absl][WARNING] - Found untraced functions such as activation_layer_call_and_return_conditional_losses, activation_layer_call_fn, dense_layer_call_and_return_conditional_losses, dense_layer_call_fn, transformer_encoder_layer_call_and_return_conditional_losses while saving (showing 5 of 2530). These functions will not be directly callable after loading.
[2023-03-20 00:13:33,333][absl][WARNING] - Found untraced functions such as activation_layer_call_and_return_conditional_losses, activation_layer_call_fn, dense_layer_call_and_return_conditional_losses, dense_layer_call_fn, transformer_encoder_layer_call_and_return_conditional_losses while saving (showing 5 of 2530). These functions will not be directly callable after loading.
[2023-03-20 00:14:46,084][tensorflow][INFO] - Assets written to: /home/moshelaufer/PycharmProjects/results/checkpoint/synth_autoencoder_shlomi/5/assets
[2023-03-20 01:59:45,053][tensorflow][WARNING] - Skipping full serialization of Keras layer <tensorflow.python.keras.layers.core.Activation object at 0x7fbb6810b910>, because it is not built.
[2023-03-20 01:59:45,646][tensorflow][WARNING] - Skipping full serialization of Keras layer <tensorflow.python.keras.layers.pooling.AveragePooling1D object at 0x7fbb6810bac0>, because it is not built.
[2023-03-20 02:00:22,848][absl][WARNING] - Found untraced functions such as activation_layer_call_and_return_conditional_losses, activation_layer_call_fn, dense_layer_call_and_return_conditional_losses, dense_layer_call_fn, transformer_encoder_layer_call_and_return_conditional_losses while saving (showing 5 of 2530). These functions will not be directly callable after loading.
[2023-03-20 02:00:24,210][absl][WARNING] - Found untraced functions such as activation_layer_call_and_return_conditional_losses, activation_layer_call_fn, dense_layer_call_and_return_conditional_losses, dense_layer_call_fn, transformer_encoder_layer_call_and_return_conditional_losses while saving (showing 5 of 2530). These functions will not be directly callable after loading.
[2023-03-20 02:01:38,405][tensorflow][INFO] - Assets written to: /home/moshelaufer/PycharmProjects/results/checkpoint/synth_autoencoder_shlomi/5/assets
[2023-03-20 02:54:11,589][tensorflow][WARNING] - Skipping full serialization of Keras layer <tensorflow.python.keras.layers.core.Activation object at 0x7fbb6810b910>, because it is not built.
[2023-03-20 02:54:12,196][tensorflow][WARNING] - Skipping full serialization of Keras layer <tensorflow.python.keras.layers.pooling.AveragePooling1D object at 0x7fbb6810bac0>, because it is not built.
[2023-03-20 02:54:48,471][absl][WARNING] - Found untraced functions such as activation_layer_call_and_return_conditional_losses, activation_layer_call_fn, dense_layer_call_and_return_conditional_losses, dense_layer_call_fn, transformer_encoder_layer_call_and_return_conditional_losses while saving (showing 5 of 2530). These functions will not be directly callable after loading.
[2023-03-20 02:54:49,276][absl][WARNING] - Found untraced functions such as activation_layer_call_and_return_conditional_losses, activation_layer_call_fn, dense_layer_call_and_return_conditional_losses, dense_layer_call_fn, transformer_encoder_layer_call_and_return_conditional_losses while saving (showing 5 of 2530). These functions will not be directly callable after loading.
[2023-03-20 02:56:01,431][tensorflow][INFO] - Assets written to: /home/moshelaufer/PycharmProjects/results/checkpoint/synth_autoencoder_shlomi/5/assets
[2023-03-20 03:48:34,482][tensorflow][WARNING] - Skipping full serialization of Keras layer <tensorflow.python.keras.layers.core.Activation object at 0x7fbb6810b910>, because it is not built.
[2023-03-20 03:48:35,047][tensorflow][WARNING] - Skipping full serialization of Keras layer <tensorflow.python.keras.layers.pooling.AveragePooling1D object at 0x7fbb6810bac0>, because it is not built.
[2023-03-20 03:49:10,747][absl][WARNING] - Found untraced functions such as activation_layer_call_and_return_conditional_losses, activation_layer_call_fn, dense_layer_call_and_return_conditional_losses, dense_layer_call_fn, transformer_encoder_layer_call_and_return_conditional_losses while saving (showing 5 of 2530). These functions will not be directly callable after loading.
[2023-03-20 03:49:11,582][absl][WARNING] - Found untraced functions such as activation_layer_call_and_return_conditional_losses, activation_layer_call_fn, dense_layer_call_and_return_conditional_losses, dense_layer_call_fn, transformer_encoder_layer_call_and_return_conditional_losses while saving (showing 5 of 2530). These functions will not be directly callable after loading.
[2023-03-20 03:50:25,425][tensorflow][INFO] - Assets written to: /home/moshelaufer/PycharmProjects/results/checkpoint/synth_autoencoder_shlomi/5/assets
[2023-03-20 04:42:56,535][tensorflow][WARNING] - Skipping full serialization of Keras layer <tensorflow.python.keras.layers.core.Activation object at 0x7fbb6810b910>, because it is not built.
[2023-03-20 04:42:57,100][tensorflow][WARNING] - Skipping full serialization of Keras layer <tensorflow.python.keras.layers.pooling.AveragePooling1D object at 0x7fbb6810bac0>, because it is not built.
[2023-03-20 04:43:33,376][absl][WARNING] - Found untraced functions such as activation_layer_call_and_return_conditional_losses, activation_layer_call_fn, dense_layer_call_and_return_conditional_losses, dense_layer_call_fn, transformer_encoder_layer_call_and_return_conditional_losses while saving (showing 5 of 2530). These functions will not be directly callable after loading.
[2023-03-20 04:43:34,165][absl][WARNING] - Found untraced functions such as activation_layer_call_and_return_conditional_losses, activation_layer_call_fn, dense_layer_call_and_return_conditional_losses, dense_layer_call_fn, transformer_encoder_layer_call_and_return_conditional_losses while saving (showing 5 of 2530). These functions will not be directly callable after loading.
[2023-03-20 04:44:47,030][tensorflow][INFO] - Assets written to: /home/moshelaufer/PycharmProjects/results/checkpoint/synth_autoencoder_shlomi/5/assets
[2023-03-20 05:37:19,686][tensorflow][WARNING] - Skipping full serialization of Keras layer <tensorflow.python.keras.layers.core.Activation object at 0x7fbb6810b910>, because it is not built.
[2023-03-20 05:37:20,256][tensorflow][WARNING] - Skipping full serialization of Keras layer <tensorflow.python.keras.layers.pooling.AveragePooling1D object at 0x7fbb6810bac0>, because it is not built.
[2023-03-20 05:37:56,344][absl][WARNING] - Found untraced functions such as activation_layer_call_and_return_conditional_losses, activation_layer_call_fn, dense_layer_call_and_return_conditional_losses, dense_layer_call_fn, transformer_encoder_layer_call_and_return_conditional_losses while saving (showing 5 of 2530). These functions will not be directly callable after loading.
[2023-03-20 05:37:57,141][absl][WARNING] - Found untraced functions such as activation_layer_call_and_return_conditional_losses, activation_layer_call_fn, dense_layer_call_and_return_conditional_losses, dense_layer_call_fn, transformer_encoder_layer_call_and_return_conditional_losses while saving (showing 5 of 2530). These functions will not be directly callable after loading.
[2023-03-20 05:39:11,448][tensorflow][INFO] - Assets written to: /home/moshelaufer/PycharmProjects/results/checkpoint/synth_autoencoder_shlomi/5/assets
[2023-03-20 06:31:43,337][tensorflow][WARNING] - Skipping full serialization of Keras layer <tensorflow.python.keras.layers.core.Activation object at 0x7fbb6810b910>, because it is not built.
[2023-03-20 06:31:43,926][tensorflow][WARNING] - Skipping full serialization of Keras layer <tensorflow.python.keras.layers.pooling.AveragePooling1D object at 0x7fbb6810bac0>, because it is not built.
[2023-03-20 06:32:19,200][absl][WARNING] - Found untraced functions such as activation_layer_call_and_return_conditional_losses, activation_layer_call_fn, dense_layer_call_and_return_conditional_losses, dense_layer_call_fn, transformer_encoder_layer_call_and_return_conditional_losses while saving (showing 5 of 2530). These functions will not be directly callable after loading.
[2023-03-20 06:32:20,508][absl][WARNING] - Found untraced functions such as activation_layer_call_and_return_conditional_losses, activation_layer_call_fn, dense_layer_call_and_return_conditional_losses, dense_layer_call_fn, transformer_encoder_layer_call_and_return_conditional_losses while saving (showing 5 of 2530). These functions will not be directly callable after loading.
[2023-03-20 06:33:44,912][tensorflow][INFO] - Assets written to: /home/moshelaufer/PycharmProjects/results/checkpoint/synth_autoencoder_shlomi/5/assets
[2023-03-20 07:26:18,314][tensorflow][WARNING] - Skipping full serialization of Keras layer <tensorflow.python.keras.layers.core.Activation object at 0x7fbb6810b910>, because it is not built.
[2023-03-20 07:26:18,937][tensorflow][WARNING] - Skipping full serialization of Keras layer <tensorflow.python.keras.layers.pooling.AveragePooling1D object at 0x7fbb6810bac0>, because it is not built.
[2023-03-20 07:26:54,533][absl][WARNING] - Found untraced functions such as activation_layer_call_and_return_conditional_losses, activation_layer_call_fn, dense_layer_call_and_return_conditional_losses, dense_layer_call_fn, transformer_encoder_layer_call_and_return_conditional_losses while saving (showing 5 of 2530). These functions will not be directly callable after loading.
[2023-03-20 07:26:55,310][absl][WARNING] - Found untraced functions such as activation_layer_call_and_return_conditional_losses, activation_layer_call_fn, dense_layer_call_and_return_conditional_losses, dense_layer_call_fn, transformer_encoder_layer_call_and_return_conditional_losses while saving (showing 5 of 2530). These functions will not be directly callable after loading.
[2023-03-20 07:28:29,030][tensorflow][INFO] - Assets written to: /home/moshelaufer/PycharmProjects/results/checkpoint/synth_autoencoder_shlomi/5/assets
[2023-03-20 08:20:59,658][tensorflow][WARNING] - Skipping full serialization of Keras layer <tensorflow.python.keras.layers.core.Activation object at 0x7fbb6810b910>, because it is not built.
[2023-03-20 08:21:00,553][tensorflow][WARNING] - Skipping full serialization of Keras layer <tensorflow.python.keras.layers.pooling.AveragePooling1D object at 0x7fbb6810bac0>, because it is not built.
[2023-03-20 08:21:36,829][absl][WARNING] - Found untraced functions such as activation_layer_call_and_return_conditional_losses, activation_layer_call_fn, dense_layer_call_and_return_conditional_losses, dense_layer_call_fn, transformer_encoder_layer_call_and_return_conditional_losses while saving (showing 5 of 2530). These functions will not be directly callable after loading.
[2023-03-20 08:21:37,621][absl][WARNING] - Found untraced functions such as activation_layer_call_and_return_conditional_losses, activation_layer_call_fn, dense_layer_call_and_return_conditional_losses, dense_layer_call_fn, transformer_encoder_layer_call_and_return_conditional_losses while saving (showing 5 of 2530). These functions will not be directly callable after loading.
[2023-03-20 08:22:52,011][tensorflow][INFO] - Assets written to: /home/moshelaufer/PycharmProjects/results/checkpoint/synth_autoencoder_shlomi/5/assets
[2023-03-20 09:15:23,987][tensorflow][WARNING] - Skipping full serialization of Keras layer <tensorflow.python.keras.layers.core.Activation object at 0x7fbb6810b910>, because it is not built.
[2023-03-20 09:15:24,586][tensorflow][WARNING] - Skipping full serialization of Keras layer <tensorflow.python.keras.layers.pooling.AveragePooling1D object at 0x7fbb6810bac0>, because it is not built.
[2023-03-20 09:15:59,924][absl][WARNING] - Found untraced functions such as activation_layer_call_and_return_conditional_losses, activation_layer_call_fn, dense_layer_call_and_return_conditional_losses, dense_layer_call_fn, transformer_encoder_layer_call_and_return_conditional_losses while saving (showing 5 of 2530). These functions will not be directly callable after loading.
[2023-03-20 09:16:00,733][absl][WARNING] - Found untraced functions such as activation_layer_call_and_return_conditional_losses, activation_layer_call_fn, dense_layer_call_and_return_conditional_losses, dense_layer_call_fn, transformer_encoder_layer_call_and_return_conditional_losses while saving (showing 5 of 2530). These functions will not be directly callable after loading.
[2023-03-20 09:17:56,319][tensorflow][INFO] - Assets written to: /home/moshelaufer/PycharmProjects/results/checkpoint/synth_autoencoder_shlomi/5/assets
[2023-03-20 10:10:31,170][tensorflow][WARNING] - Skipping full serialization of Keras layer <tensorflow.python.keras.layers.core.Activation object at 0x7fbb6810b910>, because it is not built.
[2023-03-20 10:10:31,793][tensorflow][WARNING] - Skipping full serialization of Keras layer <tensorflow.python.keras.layers.pooling.AveragePooling1D object at 0x7fbb6810bac0>, because it is not built.
[2023-03-20 10:11:07,670][absl][WARNING] - Found untraced functions such as activation_layer_call_and_return_conditional_losses, activation_layer_call_fn, dense_layer_call_and_return_conditional_losses, dense_layer_call_fn, transformer_encoder_layer_call_and_return_conditional_losses while saving (showing 5 of 2530). These functions will not be directly callable after loading.
[2023-03-20 10:11:09,001][absl][WARNING] - Found untraced functions such as activation_layer_call_and_return_conditional_losses, activation_layer_call_fn, dense_layer_call_and_return_conditional_losses, dense_layer_call_fn, transformer_encoder_layer_call_and_return_conditional_losses while saving (showing 5 of 2530). These functions will not be directly callable after loading.
[2023-03-20 10:12:25,095][tensorflow][INFO] - Assets written to: /home/moshelaufer/PycharmProjects/results/checkpoint/synth_autoencoder_shlomi/5/assets
[2023-03-20 11:04:56,926][tensorflow][WARNING] - Skipping full serialization of Keras layer <tensorflow.python.keras.layers.core.Activation object at 0x7fbb6810b910>, because it is not built.
[2023-03-20 11:04:57,524][tensorflow][WARNING] - Skipping full serialization of Keras layer <tensorflow.python.keras.layers.pooling.AveragePooling1D object at 0x7fbb6810bac0>, because it is not built.
[2023-03-20 11:05:33,844][absl][WARNING] - Found untraced functions such as activation_layer_call_and_return_conditional_losses, activation_layer_call_fn, dense_layer_call_and_return_conditional_losses, dense_layer_call_fn, transformer_encoder_layer_call_and_return_conditional_losses while saving (showing 5 of 2530). These functions will not be directly callable after loading.
[2023-03-20 11:05:34,665][absl][WARNING] - Found untraced functions such as activation_layer_call_and_return_conditional_losses, activation_layer_call_fn, dense_layer_call_and_return_conditional_losses, dense_layer_call_fn, transformer_encoder_layer_call_and_return_conditional_losses while saving (showing 5 of 2530). These functions will not be directly callable after loading.
[2023-03-20 11:06:51,488][tensorflow][INFO] - Assets written to: /home/moshelaufer/PycharmProjects/results/checkpoint/synth_autoencoder_shlomi/5/assets
[2023-03-20 11:59:19,769][tensorflow][WARNING] - Skipping full serialization of Keras layer <tensorflow.python.keras.layers.core.Activation object at 0x7fbb6810b910>, because it is not built.
[2023-03-20 11:59:20,339][tensorflow][WARNING] - Skipping full serialization of Keras layer <tensorflow.python.keras.layers.pooling.AveragePooling1D object at 0x7fbb6810bac0>, because it is not built.
[2023-03-20 11:59:56,500][absl][WARNING] - Found untraced functions such as activation_layer_call_and_return_conditional_losses, activation_layer_call_fn, dense_layer_call_and_return_conditional_losses, dense_layer_call_fn, transformer_encoder_layer_call_and_return_conditional_losses while saving (showing 5 of 2530). These functions will not be directly callable after loading.
[2023-03-20 11:59:57,318][absl][WARNING] - Found untraced functions such as activation_layer_call_and_return_conditional_losses, activation_layer_call_fn, dense_layer_call_and_return_conditional_losses, dense_layer_call_fn, transformer_encoder_layer_call_and_return_conditional_losses while saving (showing 5 of 2530). These functions will not be directly callable after loading.
[2023-03-20 12:01:13,225][tensorflow][INFO] - Assets written to: /home/moshelaufer/PycharmProjects/results/checkpoint/synth_autoencoder_shlomi/5/assets
[2023-03-20 12:53:44,939][tensorflow][WARNING] - Skipping full serialization of Keras layer <tensorflow.python.keras.layers.core.Activation object at 0x7fbb6810b910>, because it is not built.
[2023-03-20 12:53:45,557][tensorflow][WARNING] - Skipping full serialization of Keras layer <tensorflow.python.keras.layers.pooling.AveragePooling1D object at 0x7fbb6810bac0>, because it is not built.
[2023-03-20 12:54:21,705][absl][WARNING] - Found untraced functions such as activation_layer_call_and_return_conditional_losses, activation_layer_call_fn, dense_layer_call_and_return_conditional_losses, dense_layer_call_fn, transformer_encoder_layer_call_and_return_conditional_losses while saving (showing 5 of 2530). These functions will not be directly callable after loading.
[2023-03-20 12:54:22,500][absl][WARNING] - Found untraced functions such as activation_layer_call_and_return_conditional_losses, activation_layer_call_fn, dense_layer_call_and_return_conditional_losses, dense_layer_call_fn, transformer_encoder_layer_call_and_return_conditional_losses while saving (showing 5 of 2530). These functions will not be directly callable after loading.
[2023-03-20 12:55:42,449][tensorflow][INFO] - Assets written to: /home/moshelaufer/PycharmProjects/results/checkpoint/synth_autoencoder_shlomi/5/assets
[2023-03-20 19:03:01,862][tensorflow][WARNING] - Skipping full serialization of Keras layer <tensorflow.python.keras.layers.core.Activation object at 0x7fbb6810b910>, because it is not built.
[2023-03-20 19:03:02,434][tensorflow][WARNING] - Skipping full serialization of Keras layer <tensorflow.python.keras.layers.pooling.AveragePooling1D object at 0x7fbb6810bac0>, because it is not built.
[2023-03-20 19:03:38,088][absl][WARNING] - Found untraced functions such as activation_layer_call_and_return_conditional_losses, activation_layer_call_fn, dense_layer_call_and_return_conditional_losses, dense_layer_call_fn, transformer_encoder_layer_call_and_return_conditional_losses while saving (showing 5 of 2530). These functions will not be directly callable after loading.
[2023-03-20 19:03:38,908][absl][WARNING] - Found untraced functions such as activation_layer_call_and_return_conditional_losses, activation_layer_call_fn, dense_layer_call_and_return_conditional_losses, dense_layer_call_fn, transformer_encoder_layer_call_and_return_conditional_losses while saving (showing 5 of 2530). These functions will not be directly callable after loading.
[2023-03-20 19:04:54,509][tensorflow][INFO] - Assets written to: /home/moshelaufer/PycharmProjects/results/checkpoint/synth_autoencoder_shlomi/5/assets
