[2023-02-08 07:23:05,901][tensorflow][WARNING] - AutoGraph could not transform <bound method GroupNormalization.call of <tensorflow_addons.layers.normalizations.GroupNormalization object at 0x7f0cb456e4f0>> and will run it as-is.
Please report this to the TensorFlow team. When filing the bug, set the verbosity to 10 (on Linux, `export AUTOGRAPH_VERBOSITY=10`) and attach the full output.
Cause: module 'gast' has no attribute 'Index'
To silence this warning, decorate the function with @tf.autograph.experimental.do_not_convert
[2023-02-08 07:23:12,972][tensorflow][WARNING] - AutoGraph could not transform <bound method Processor.mask of <tensorflow.python.eager.function.TfMethodTarget object at 0x7f0cb426d1f0>> and will run it as-is.
Please report this to the TensorFlow team. When filing the bug, set the verbosity to 10 (on Linux, `export AUTOGRAPH_VERBOSITY=10`) and attach the full output.
Cause: module 'gast' has no attribute 'Index'
To silence this warning, decorate the function with @tf.autograph.experimental.do_not_convert
[2023-02-08 07:23:13,850][tensorflow][WARNING] - Model was constructed with shape (None, 65, 1) for input KerasTensor(type_spec=TensorSpec(shape=(None, 65, 1), dtype=tf.float32, name='input_2'), name='input_2', description="created by layer 'input_2'"), but it was called on an input with incompatible shape (None, 65, 65).
[2023-02-08 07:23:16,930][tensorflow][WARNING] - AutoGraph could not transform <bound method CELoss.call of <losses.cross_entropy_loss_2.CELoss object at 0x7f0cb6f5c2e0>> and will run it as-is.
Please report this to the TensorFlow team. When filing the bug, set the verbosity to 10 (on Linux, `export AUTOGRAPH_VERBOSITY=10`) and attach the full output.
Cause: module 'gast' has no attribute 'Index'
To silence this warning, decorate the function with @tf.autograph.experimental.do_not_convert
[2023-02-08 07:23:28,739][tensorflow][WARNING] - Model was constructed with shape (None, 65, 1) for input KerasTensor(type_spec=TensorSpec(shape=(None, 65, 1), dtype=tf.float32, name='input_2'), name='input_2', description="created by layer 'input_2'"), but it was called on an input with incompatible shape (None, 65, 65).
[2023-02-08 07:48:56,651][tensorflow][WARNING] - Model was constructed with shape (None, 65, 1) for input KerasTensor(type_spec=TensorSpec(shape=(None, 65, 1), dtype=tf.float32, name='input_2'), name='input_2', description="created by layer 'input_2'"), but it was called on an input with incompatible shape (None, 65, 65).
[2023-02-08 09:07:59,019][tensorflow][WARNING] - Skipping full serialization of Keras layer <tensorflow.python.keras.layers.core.Activation object at 0x7f0cb66cfa30>, because it is not built.
[2023-02-08 09:07:59,635][tensorflow][WARNING] - Skipping full serialization of Keras layer <tensorflow.python.keras.layers.pooling.AveragePooling1D object at 0x7f0cb66c9460>, because it is not built.
[2023-02-08 09:08:37,458][absl][WARNING] - Found untraced functions such as activation_layer_call_and_return_conditional_losses, activation_layer_call_fn, dense_layer_call_and_return_conditional_losses, dense_layer_call_fn, transformer_encoder_layer_call_and_return_conditional_losses while saving (showing 5 of 2530). These functions will not be directly callable after loading.
[2023-02-08 09:08:38,263][absl][WARNING] - Found untraced functions such as activation_layer_call_and_return_conditional_losses, activation_layer_call_fn, dense_layer_call_and_return_conditional_losses, dense_layer_call_fn, transformer_encoder_layer_call_and_return_conditional_losses while saving (showing 5 of 2530). These functions will not be directly callable after loading.
[2023-02-08 09:09:25,321][tensorflow][INFO] - Assets written to: /home/moshelaufer/PycharmProjects/results/checkpoint/synth_autoencoder_tal/7/assets
[2023-02-08 10:51:57,401][tensorflow][WARNING] - Skipping full serialization of Keras layer <tensorflow.python.keras.layers.core.Activation object at 0x7f0cb66cfa30>, because it is not built.
[2023-02-08 10:51:58,018][tensorflow][WARNING] - Skipping full serialization of Keras layer <tensorflow.python.keras.layers.pooling.AveragePooling1D object at 0x7f0cb66c9460>, because it is not built.
[2023-02-08 10:52:34,849][absl][WARNING] - Found untraced functions such as activation_layer_call_and_return_conditional_losses, activation_layer_call_fn, dense_layer_call_and_return_conditional_losses, dense_layer_call_fn, transformer_encoder_layer_call_and_return_conditional_losses while saving (showing 5 of 2530). These functions will not be directly callable after loading.
[2023-02-08 10:52:36,223][absl][WARNING] - Found untraced functions such as activation_layer_call_and_return_conditional_losses, activation_layer_call_fn, dense_layer_call_and_return_conditional_losses, dense_layer_call_fn, transformer_encoder_layer_call_and_return_conditional_losses while saving (showing 5 of 2530). These functions will not be directly callable after loading.
[2023-02-08 10:53:20,242][tensorflow][INFO] - Assets written to: /home/moshelaufer/PycharmProjects/results/checkpoint/synth_autoencoder_tal/7/assets
[2023-02-08 12:35:43,920][tensorflow][WARNING] - Skipping full serialization of Keras layer <tensorflow.python.keras.layers.core.Activation object at 0x7f0cb66cfa30>, because it is not built.
[2023-02-08 12:35:44,525][tensorflow][WARNING] - Skipping full serialization of Keras layer <tensorflow.python.keras.layers.pooling.AveragePooling1D object at 0x7f0cb66c9460>, because it is not built.
[2023-02-08 12:36:21,893][absl][WARNING] - Found untraced functions such as activation_layer_call_and_return_conditional_losses, activation_layer_call_fn, dense_layer_call_and_return_conditional_losses, dense_layer_call_fn, transformer_encoder_layer_call_and_return_conditional_losses while saving (showing 5 of 2530). These functions will not be directly callable after loading.
[2023-02-08 12:36:22,701][absl][WARNING] - Found untraced functions such as activation_layer_call_and_return_conditional_losses, activation_layer_call_fn, dense_layer_call_and_return_conditional_losses, dense_layer_call_fn, transformer_encoder_layer_call_and_return_conditional_losses while saving (showing 5 of 2530). These functions will not be directly callable after loading.
[2023-02-08 12:37:09,364][tensorflow][INFO] - Assets written to: /home/moshelaufer/PycharmProjects/results/checkpoint/synth_autoencoder_tal/7/assets
[2023-02-08 14:19:28,744][tensorflow][WARNING] - Skipping full serialization of Keras layer <tensorflow.python.keras.layers.core.Activation object at 0x7f0cb66cfa30>, because it is not built.
[2023-02-08 14:19:29,343][tensorflow][WARNING] - Skipping full serialization of Keras layer <tensorflow.python.keras.layers.pooling.AveragePooling1D object at 0x7f0cb66c9460>, because it is not built.
[2023-02-08 14:20:07,717][absl][WARNING] - Found untraced functions such as activation_layer_call_and_return_conditional_losses, activation_layer_call_fn, dense_layer_call_and_return_conditional_losses, dense_layer_call_fn, transformer_encoder_layer_call_and_return_conditional_losses while saving (showing 5 of 2530). These functions will not be directly callable after loading.
[2023-02-08 14:20:08,525][absl][WARNING] - Found untraced functions such as activation_layer_call_and_return_conditional_losses, activation_layer_call_fn, dense_layer_call_and_return_conditional_losses, dense_layer_call_fn, transformer_encoder_layer_call_and_return_conditional_losses while saving (showing 5 of 2530). These functions will not be directly callable after loading.
[2023-02-08 14:20:52,490][tensorflow][INFO] - Assets written to: /home/moshelaufer/PycharmProjects/results/checkpoint/synth_autoencoder_tal/7/assets
[2023-02-08 16:03:08,811][tensorflow][WARNING] - Skipping full serialization of Keras layer <tensorflow.python.keras.layers.core.Activation object at 0x7f0cb66cfa30>, because it is not built.
[2023-02-08 16:03:09,388][tensorflow][WARNING] - Skipping full serialization of Keras layer <tensorflow.python.keras.layers.pooling.AveragePooling1D object at 0x7f0cb66c9460>, because it is not built.
[2023-02-08 16:03:45,997][absl][WARNING] - Found untraced functions such as activation_layer_call_and_return_conditional_losses, activation_layer_call_fn, dense_layer_call_and_return_conditional_losses, dense_layer_call_fn, transformer_encoder_layer_call_and_return_conditional_losses while saving (showing 5 of 2530). These functions will not be directly callable after loading.
[2023-02-08 16:03:46,779][absl][WARNING] - Found untraced functions such as activation_layer_call_and_return_conditional_losses, activation_layer_call_fn, dense_layer_call_and_return_conditional_losses, dense_layer_call_fn, transformer_encoder_layer_call_and_return_conditional_losses while saving (showing 5 of 2530). These functions will not be directly callable after loading.
[2023-02-08 16:04:29,927][tensorflow][INFO] - Assets written to: /home/moshelaufer/PycharmProjects/results/checkpoint/synth_autoencoder_tal/7/assets
[2023-02-08 17:46:47,732][tensorflow][WARNING] - Skipping full serialization of Keras layer <tensorflow.python.keras.layers.core.Activation object at 0x7f0cb66cfa30>, because it is not built.
[2023-02-08 17:46:48,334][tensorflow][WARNING] - Skipping full serialization of Keras layer <tensorflow.python.keras.layers.pooling.AveragePooling1D object at 0x7f0cb66c9460>, because it is not built.
[2023-02-08 17:47:24,590][absl][WARNING] - Found untraced functions such as activation_layer_call_and_return_conditional_losses, activation_layer_call_fn, dense_layer_call_and_return_conditional_losses, dense_layer_call_fn, transformer_encoder_layer_call_and_return_conditional_losses while saving (showing 5 of 2530). These functions will not be directly callable after loading.
[2023-02-08 17:47:25,387][absl][WARNING] - Found untraced functions such as activation_layer_call_and_return_conditional_losses, activation_layer_call_fn, dense_layer_call_and_return_conditional_losses, dense_layer_call_fn, transformer_encoder_layer_call_and_return_conditional_losses while saving (showing 5 of 2530). These functions will not be directly callable after loading.
[2023-02-08 17:48:08,334][tensorflow][INFO] - Assets written to: /home/moshelaufer/PycharmProjects/results/checkpoint/synth_autoencoder_tal/7/assets
[2023-02-08 19:30:21,927][tensorflow][WARNING] - Skipping full serialization of Keras layer <tensorflow.python.keras.layers.core.Activation object at 0x7f0cb66cfa30>, because it is not built.
[2023-02-08 19:30:22,518][tensorflow][WARNING] - Skipping full serialization of Keras layer <tensorflow.python.keras.layers.pooling.AveragePooling1D object at 0x7f0cb66c9460>, because it is not built.
[2023-02-08 19:30:59,507][absl][WARNING] - Found untraced functions such as activation_layer_call_and_return_conditional_losses, activation_layer_call_fn, dense_layer_call_and_return_conditional_losses, dense_layer_call_fn, transformer_encoder_layer_call_and_return_conditional_losses while saving (showing 5 of 2530). These functions will not be directly callable after loading.
[2023-02-08 19:31:00,291][absl][WARNING] - Found untraced functions such as activation_layer_call_and_return_conditional_losses, activation_layer_call_fn, dense_layer_call_and_return_conditional_losses, dense_layer_call_fn, transformer_encoder_layer_call_and_return_conditional_losses while saving (showing 5 of 2530). These functions will not be directly callable after loading.
[2023-02-08 19:31:43,581][tensorflow][INFO] - Assets written to: /home/moshelaufer/PycharmProjects/results/checkpoint/synth_autoencoder_tal/7/assets
[2023-02-08 21:14:08,495][tensorflow][WARNING] - Skipping full serialization of Keras layer <tensorflow.python.keras.layers.core.Activation object at 0x7f0cb66cfa30>, because it is not built.
[2023-02-08 21:14:09,102][tensorflow][WARNING] - Skipping full serialization of Keras layer <tensorflow.python.keras.layers.pooling.AveragePooling1D object at 0x7f0cb66c9460>, because it is not built.
[2023-02-08 21:14:45,530][absl][WARNING] - Found untraced functions such as activation_layer_call_and_return_conditional_losses, activation_layer_call_fn, dense_layer_call_and_return_conditional_losses, dense_layer_call_fn, transformer_encoder_layer_call_and_return_conditional_losses while saving (showing 5 of 2530). These functions will not be directly callable after loading.
[2023-02-08 21:14:46,324][absl][WARNING] - Found untraced functions such as activation_layer_call_and_return_conditional_losses, activation_layer_call_fn, dense_layer_call_and_return_conditional_losses, dense_layer_call_fn, transformer_encoder_layer_call_and_return_conditional_losses while saving (showing 5 of 2530). These functions will not be directly callable after loading.
[2023-02-08 21:15:29,400][tensorflow][INFO] - Assets written to: /home/moshelaufer/PycharmProjects/results/checkpoint/synth_autoencoder_tal/7/assets
[2023-02-08 22:58:01,998][tensorflow][WARNING] - Skipping full serialization of Keras layer <tensorflow.python.keras.layers.core.Activation object at 0x7f0cb66cfa30>, because it is not built.
[2023-02-08 22:58:02,595][tensorflow][WARNING] - Skipping full serialization of Keras layer <tensorflow.python.keras.layers.pooling.AveragePooling1D object at 0x7f0cb66c9460>, because it is not built.
[2023-02-08 22:58:39,719][absl][WARNING] - Found untraced functions such as activation_layer_call_and_return_conditional_losses, activation_layer_call_fn, dense_layer_call_and_return_conditional_losses, dense_layer_call_fn, transformer_encoder_layer_call_and_return_conditional_losses while saving (showing 5 of 2530). These functions will not be directly callable after loading.
[2023-02-08 22:58:40,518][absl][WARNING] - Found untraced functions such as activation_layer_call_and_return_conditional_losses, activation_layer_call_fn, dense_layer_call_and_return_conditional_losses, dense_layer_call_fn, transformer_encoder_layer_call_and_return_conditional_losses while saving (showing 5 of 2530). These functions will not be directly callable after loading.
[2023-02-08 22:59:24,547][tensorflow][INFO] - Assets written to: /home/moshelaufer/PycharmProjects/results/checkpoint/synth_autoencoder_tal/7/assets
[2023-02-09 00:41:55,533][tensorflow][WARNING] - Skipping full serialization of Keras layer <tensorflow.python.keras.layers.core.Activation object at 0x7f0cb66cfa30>, because it is not built.
[2023-02-09 00:41:56,107][tensorflow][WARNING] - Skipping full serialization of Keras layer <tensorflow.python.keras.layers.pooling.AveragePooling1D object at 0x7f0cb66c9460>, because it is not built.
[2023-02-09 00:42:33,178][absl][WARNING] - Found untraced functions such as activation_layer_call_and_return_conditional_losses, activation_layer_call_fn, dense_layer_call_and_return_conditional_losses, dense_layer_call_fn, transformer_encoder_layer_call_and_return_conditional_losses while saving (showing 5 of 2530). These functions will not be directly callable after loading.
[2023-02-09 00:42:33,967][absl][WARNING] - Found untraced functions such as activation_layer_call_and_return_conditional_losses, activation_layer_call_fn, dense_layer_call_and_return_conditional_losses, dense_layer_call_fn, transformer_encoder_layer_call_and_return_conditional_losses while saving (showing 5 of 2530). These functions will not be directly callable after loading.
[2023-02-09 00:43:18,055][tensorflow][INFO] - Assets written to: /home/moshelaufer/PycharmProjects/results/checkpoint/synth_autoencoder_tal/7/assets
[2023-02-09 02:25:51,717][tensorflow][WARNING] - Skipping full serialization of Keras layer <tensorflow.python.keras.layers.core.Activation object at 0x7f0cb66cfa30>, because it is not built.
[2023-02-09 02:25:52,289][tensorflow][WARNING] - Skipping full serialization of Keras layer <tensorflow.python.keras.layers.pooling.AveragePooling1D object at 0x7f0cb66c9460>, because it is not built.
[2023-02-09 02:26:29,060][absl][WARNING] - Found untraced functions such as activation_layer_call_and_return_conditional_losses, activation_layer_call_fn, dense_layer_call_and_return_conditional_losses, dense_layer_call_fn, transformer_encoder_layer_call_and_return_conditional_losses while saving (showing 5 of 2530). These functions will not be directly callable after loading.
[2023-02-09 02:26:29,856][absl][WARNING] - Found untraced functions such as activation_layer_call_and_return_conditional_losses, activation_layer_call_fn, dense_layer_call_and_return_conditional_losses, dense_layer_call_fn, transformer_encoder_layer_call_and_return_conditional_losses while saving (showing 5 of 2530). These functions will not be directly callable after loading.
[2023-02-09 02:27:11,334][tensorflow][INFO] - Assets written to: /home/moshelaufer/PycharmProjects/results/checkpoint/synth_autoencoder_tal/7/assets
[2023-02-09 04:09:26,132][tensorflow][WARNING] - Skipping full serialization of Keras layer <tensorflow.python.keras.layers.core.Activation object at 0x7f0cb66cfa30>, because it is not built.
[2023-02-09 04:09:26,729][tensorflow][WARNING] - Skipping full serialization of Keras layer <tensorflow.python.keras.layers.pooling.AveragePooling1D object at 0x7f0cb66c9460>, because it is not built.
[2023-02-09 04:10:03,905][absl][WARNING] - Found untraced functions such as activation_layer_call_and_return_conditional_losses, activation_layer_call_fn, dense_layer_call_and_return_conditional_losses, dense_layer_call_fn, transformer_encoder_layer_call_and_return_conditional_losses while saving (showing 5 of 2530). These functions will not be directly callable after loading.
[2023-02-09 04:10:04,701][absl][WARNING] - Found untraced functions such as activation_layer_call_and_return_conditional_losses, activation_layer_call_fn, dense_layer_call_and_return_conditional_losses, dense_layer_call_fn, transformer_encoder_layer_call_and_return_conditional_losses while saving (showing 5 of 2530). These functions will not be directly callable after loading.
[2023-02-09 04:10:48,545][tensorflow][INFO] - Assets written to: /home/moshelaufer/PycharmProjects/results/checkpoint/synth_autoencoder_tal/7/assets
[2023-02-09 05:53:02,267][tensorflow][WARNING] - Skipping full serialization of Keras layer <tensorflow.python.keras.layers.core.Activation object at 0x7f0cb66cfa30>, because it is not built.
[2023-02-09 05:53:02,840][tensorflow][WARNING] - Skipping full serialization of Keras layer <tensorflow.python.keras.layers.pooling.AveragePooling1D object at 0x7f0cb66c9460>, because it is not built.
[2023-02-09 05:53:39,392][absl][WARNING] - Found untraced functions such as activation_layer_call_and_return_conditional_losses, activation_layer_call_fn, dense_layer_call_and_return_conditional_losses, dense_layer_call_fn, transformer_encoder_layer_call_and_return_conditional_losses while saving (showing 5 of 2530). These functions will not be directly callable after loading.
[2023-02-09 05:53:40,175][absl][WARNING] - Found untraced functions such as activation_layer_call_and_return_conditional_losses, activation_layer_call_fn, dense_layer_call_and_return_conditional_losses, dense_layer_call_fn, transformer_encoder_layer_call_and_return_conditional_losses while saving (showing 5 of 2530). These functions will not be directly callable after loading.
[2023-02-09 05:54:22,797][tensorflow][INFO] - Assets written to: /home/moshelaufer/PycharmProjects/results/checkpoint/synth_autoencoder_tal/7/assets
[2023-02-09 07:36:38,326][tensorflow][WARNING] - Skipping full serialization of Keras layer <tensorflow.python.keras.layers.core.Activation object at 0x7f0cb66cfa30>, because it is not built.
[2023-02-09 07:36:38,945][tensorflow][WARNING] - Skipping full serialization of Keras layer <tensorflow.python.keras.layers.pooling.AveragePooling1D object at 0x7f0cb66c9460>, because it is not built.
[2023-02-09 07:37:15,099][absl][WARNING] - Found untraced functions such as activation_layer_call_and_return_conditional_losses, activation_layer_call_fn, dense_layer_call_and_return_conditional_losses, dense_layer_call_fn, transformer_encoder_layer_call_and_return_conditional_losses while saving (showing 5 of 2530). These functions will not be directly callable after loading.
[2023-02-09 07:37:15,886][absl][WARNING] - Found untraced functions such as activation_layer_call_and_return_conditional_losses, activation_layer_call_fn, dense_layer_call_and_return_conditional_losses, dense_layer_call_fn, transformer_encoder_layer_call_and_return_conditional_losses while saving (showing 5 of 2530). These functions will not be directly callable after loading.
[2023-02-09 07:38:00,303][tensorflow][INFO] - Assets written to: /home/moshelaufer/PycharmProjects/results/checkpoint/synth_autoencoder_tal/7/assets
