[2023-02-11 20:34:56,818][tensorflow][WARNING] - AutoGraph could not transform <bound method GroupNormalization.call of <tensorflow_addons.layers.normalizations.GroupNormalization object at 0x7f4f20568070>> and will run it as-is.
Please report this to the TensorFlow team. When filing the bug, set the verbosity to 10 (on Linux, `export AUTOGRAPH_VERBOSITY=10`) and attach the full output.
Cause: module 'gast' has no attribute 'Index'
To silence this warning, decorate the function with @tf.autograph.experimental.do_not_convert
[2023-02-11 20:35:02,714][tensorflow][WARNING] - AutoGraph could not transform <bound method Processor.mask of <tensorflow.python.eager.function.TfMethodTarget object at 0x7f4f202d8580>> and will run it as-is.
Please report this to the TensorFlow team. When filing the bug, set the verbosity to 10 (on Linux, `export AUTOGRAPH_VERBOSITY=10`) and attach the full output.
Cause: module 'gast' has no attribute 'Index'
To silence this warning, decorate the function with @tf.autograph.experimental.do_not_convert
[2023-02-11 20:35:03,519][tensorflow][WARNING] - Model was constructed with shape (None, 65, 1) for input KerasTensor(type_spec=TensorSpec(shape=(None, 65, 1), dtype=tf.float32, name='input_2'), name='input_2', description="created by layer 'input_2'"), but it was called on an input with incompatible shape (None, 65, 65).
[2023-02-11 20:35:06,527][tensorflow][WARNING] - AutoGraph could not transform <bound method CELoss.call of <losses.cross_entropy_loss_2.CELoss object at 0x7f4f2721ffa0>> and will run it as-is.
Please report this to the TensorFlow team. When filing the bug, set the verbosity to 10 (on Linux, `export AUTOGRAPH_VERBOSITY=10`) and attach the full output.
Cause: module 'gast' has no attribute 'Index'
To silence this warning, decorate the function with @tf.autograph.experimental.do_not_convert
[2023-02-11 20:35:16,572][tensorflow][WARNING] - Model was constructed with shape (None, 65, 1) for input KerasTensor(type_spec=TensorSpec(shape=(None, 65, 1), dtype=tf.float32, name='input_2'), name='input_2', description="created by layer 'input_2'"), but it was called on an input with incompatible shape (None, 65, 65).
[2023-02-11 21:01:11,118][tensorflow][WARNING] - Model was constructed with shape (None, 65, 1) for input KerasTensor(type_spec=TensorSpec(shape=(None, 65, 1), dtype=tf.float32, name='input_2'), name='input_2', description="created by layer 'input_2'"), but it was called on an input with incompatible shape (None, 65, 65).
[2023-02-11 22:20:55,014][tensorflow][WARNING] - Skipping full serialization of Keras layer <tensorflow.python.keras.layers.core.Activation object at 0x7f4f20faa730>, because it is not built.
[2023-02-11 22:20:55,597][tensorflow][WARNING] - Skipping full serialization of Keras layer <tensorflow.python.keras.layers.pooling.AveragePooling1D object at 0x7f4f20faa8e0>, because it is not built.
[2023-02-11 22:21:30,753][absl][WARNING] - Found untraced functions such as activation_layer_call_fn, activation_layer_call_and_return_conditional_losses, dense_layer_call_fn, dense_layer_call_and_return_conditional_losses, transformer_encoder_layer_call_fn while saving (showing 5 of 2530). These functions will not be directly callable after loading.
[2023-02-11 22:21:31,534][absl][WARNING] - Found untraced functions such as activation_layer_call_fn, activation_layer_call_and_return_conditional_losses, dense_layer_call_fn, dense_layer_call_and_return_conditional_losses, transformer_encoder_layer_call_fn while saving (showing 5 of 2530). These functions will not be directly callable after loading.
[2023-02-11 22:22:15,297][tensorflow][INFO] - Assets written to: /home/moshelaufer/PycharmProjects/results/checkpoint/synth_autoencoder_shlomi/1/assets
[2023-02-12 00:06:28,108][tensorflow][WARNING] - Skipping full serialization of Keras layer <tensorflow.python.keras.layers.core.Activation object at 0x7f4f20faa730>, because it is not built.
[2023-02-12 00:06:28,716][tensorflow][WARNING] - Skipping full serialization of Keras layer <tensorflow.python.keras.layers.pooling.AveragePooling1D object at 0x7f4f20faa8e0>, because it is not built.
[2023-02-12 00:07:04,070][absl][WARNING] - Found untraced functions such as activation_layer_call_fn, activation_layer_call_and_return_conditional_losses, dense_layer_call_fn, dense_layer_call_and_return_conditional_losses, transformer_encoder_layer_call_fn while saving (showing 5 of 2530). These functions will not be directly callable after loading.
[2023-02-12 00:07:04,869][absl][WARNING] - Found untraced functions such as activation_layer_call_fn, activation_layer_call_and_return_conditional_losses, dense_layer_call_fn, dense_layer_call_and_return_conditional_losses, transformer_encoder_layer_call_fn while saving (showing 5 of 2530). These functions will not be directly callable after loading.
[2023-02-12 00:07:50,626][tensorflow][INFO] - Assets written to: /home/moshelaufer/PycharmProjects/results/checkpoint/synth_autoencoder_shlomi/1/assets
[2023-02-12 01:52:02,706][tensorflow][WARNING] - Skipping full serialization of Keras layer <tensorflow.python.keras.layers.core.Activation object at 0x7f4f20faa730>, because it is not built.
[2023-02-12 01:52:03,296][tensorflow][WARNING] - Skipping full serialization of Keras layer <tensorflow.python.keras.layers.pooling.AveragePooling1D object at 0x7f4f20faa8e0>, because it is not built.
[2023-02-12 01:52:38,122][absl][WARNING] - Found untraced functions such as activation_layer_call_fn, activation_layer_call_and_return_conditional_losses, dense_layer_call_fn, dense_layer_call_and_return_conditional_losses, transformer_encoder_layer_call_fn while saving (showing 5 of 2530). These functions will not be directly callable after loading.
[2023-02-12 01:52:38,900][absl][WARNING] - Found untraced functions such as activation_layer_call_fn, activation_layer_call_and_return_conditional_losses, dense_layer_call_fn, dense_layer_call_and_return_conditional_losses, transformer_encoder_layer_call_fn while saving (showing 5 of 2530). These functions will not be directly callable after loading.
[2023-02-12 01:53:20,997][tensorflow][INFO] - Assets written to: /home/moshelaufer/PycharmProjects/results/checkpoint/synth_autoencoder_shlomi/1/assets
[2023-02-12 03:37:33,920][tensorflow][WARNING] - Skipping full serialization of Keras layer <tensorflow.python.keras.layers.core.Activation object at 0x7f4f20faa730>, because it is not built.
[2023-02-12 03:37:34,488][tensorflow][WARNING] - Skipping full serialization of Keras layer <tensorflow.python.keras.layers.pooling.AveragePooling1D object at 0x7f4f20faa8e0>, because it is not built.
[2023-02-12 03:38:09,874][absl][WARNING] - Found untraced functions such as activation_layer_call_fn, activation_layer_call_and_return_conditional_losses, dense_layer_call_fn, dense_layer_call_and_return_conditional_losses, transformer_encoder_layer_call_fn while saving (showing 5 of 2530). These functions will not be directly callable after loading.
[2023-02-12 03:38:11,203][absl][WARNING] - Found untraced functions such as activation_layer_call_fn, activation_layer_call_and_return_conditional_losses, dense_layer_call_fn, dense_layer_call_and_return_conditional_losses, transformer_encoder_layer_call_fn while saving (showing 5 of 2530). These functions will not be directly callable after loading.
[2023-02-12 03:38:51,801][tensorflow][INFO] - Assets written to: /home/moshelaufer/PycharmProjects/results/checkpoint/synth_autoencoder_shlomi/1/assets
[2023-02-12 05:23:05,657][tensorflow][WARNING] - Skipping full serialization of Keras layer <tensorflow.python.keras.layers.core.Activation object at 0x7f4f20faa730>, because it is not built.
[2023-02-12 05:23:06,252][tensorflow][WARNING] - Skipping full serialization of Keras layer <tensorflow.python.keras.layers.pooling.AveragePooling1D object at 0x7f4f20faa8e0>, because it is not built.
[2023-02-12 05:23:42,198][absl][WARNING] - Found untraced functions such as activation_layer_call_fn, activation_layer_call_and_return_conditional_losses, dense_layer_call_fn, dense_layer_call_and_return_conditional_losses, transformer_encoder_layer_call_fn while saving (showing 5 of 2530). These functions will not be directly callable after loading.
[2023-02-12 05:23:42,991][absl][WARNING] - Found untraced functions such as activation_layer_call_fn, activation_layer_call_and_return_conditional_losses, dense_layer_call_fn, dense_layer_call_and_return_conditional_losses, transformer_encoder_layer_call_fn while saving (showing 5 of 2530). These functions will not be directly callable after loading.
[2023-02-12 05:24:26,162][tensorflow][INFO] - Assets written to: /home/moshelaufer/PycharmProjects/results/checkpoint/synth_autoencoder_shlomi/1/assets
[2023-02-12 07:08:38,632][tensorflow][WARNING] - Skipping full serialization of Keras layer <tensorflow.python.keras.layers.core.Activation object at 0x7f4f20faa730>, because it is not built.
[2023-02-12 07:08:39,201][tensorflow][WARNING] - Skipping full serialization of Keras layer <tensorflow.python.keras.layers.pooling.AveragePooling1D object at 0x7f4f20faa8e0>, because it is not built.
[2023-02-12 07:09:14,880][absl][WARNING] - Found untraced functions such as activation_layer_call_fn, activation_layer_call_and_return_conditional_losses, dense_layer_call_fn, dense_layer_call_and_return_conditional_losses, transformer_encoder_layer_call_fn while saving (showing 5 of 2530). These functions will not be directly callable after loading.
[2023-02-12 07:09:15,684][absl][WARNING] - Found untraced functions such as activation_layer_call_fn, activation_layer_call_and_return_conditional_losses, dense_layer_call_fn, dense_layer_call_and_return_conditional_losses, transformer_encoder_layer_call_fn while saving (showing 5 of 2530). These functions will not be directly callable after loading.
[2023-02-12 07:09:59,585][tensorflow][INFO] - Assets written to: /home/moshelaufer/PycharmProjects/results/checkpoint/synth_autoencoder_shlomi/1/assets
[2023-02-12 08:54:11,888][tensorflow][WARNING] - Skipping full serialization of Keras layer <tensorflow.python.keras.layers.core.Activation object at 0x7f4f20faa730>, because it is not built.
[2023-02-12 08:54:12,458][tensorflow][WARNING] - Skipping full serialization of Keras layer <tensorflow.python.keras.layers.pooling.AveragePooling1D object at 0x7f4f20faa8e0>, because it is not built.
[2023-02-12 08:54:48,363][absl][WARNING] - Found untraced functions such as activation_layer_call_fn, activation_layer_call_and_return_conditional_losses, dense_layer_call_fn, dense_layer_call_and_return_conditional_losses, transformer_encoder_layer_call_fn while saving (showing 5 of 2530). These functions will not be directly callable after loading.
[2023-02-12 08:54:49,154][absl][WARNING] - Found untraced functions such as activation_layer_call_fn, activation_layer_call_and_return_conditional_losses, dense_layer_call_fn, dense_layer_call_and_return_conditional_losses, transformer_encoder_layer_call_fn while saving (showing 5 of 2530). These functions will not be directly callable after loading.
[2023-02-12 08:55:31,098][tensorflow][INFO] - Assets written to: /home/moshelaufer/PycharmProjects/results/checkpoint/synth_autoencoder_shlomi/1/assets
[2023-02-12 10:39:45,567][tensorflow][WARNING] - Skipping full serialization of Keras layer <tensorflow.python.keras.layers.core.Activation object at 0x7f4f20faa730>, because it is not built.
[2023-02-12 10:39:46,152][tensorflow][WARNING] - Skipping full serialization of Keras layer <tensorflow.python.keras.layers.pooling.AveragePooling1D object at 0x7f4f20faa8e0>, because it is not built.
[2023-02-12 10:40:20,585][absl][WARNING] - Found untraced functions such as activation_layer_call_fn, activation_layer_call_and_return_conditional_losses, dense_layer_call_fn, dense_layer_call_and_return_conditional_losses, transformer_encoder_layer_call_fn while saving (showing 5 of 2530). These functions will not be directly callable after loading.
[2023-02-12 10:40:21,434][absl][WARNING] - Found untraced functions such as activation_layer_call_fn, activation_layer_call_and_return_conditional_losses, dense_layer_call_fn, dense_layer_call_and_return_conditional_losses, transformer_encoder_layer_call_fn while saving (showing 5 of 2530). These functions will not be directly callable after loading.
[2023-02-12 10:41:03,312][tensorflow][INFO] - Assets written to: /home/moshelaufer/PycharmProjects/results/checkpoint/synth_autoencoder_shlomi/1/assets
[2023-02-12 12:25:18,809][tensorflow][WARNING] - Skipping full serialization of Keras layer <tensorflow.python.keras.layers.core.Activation object at 0x7f4f20faa730>, because it is not built.
[2023-02-12 12:25:19,404][tensorflow][WARNING] - Skipping full serialization of Keras layer <tensorflow.python.keras.layers.pooling.AveragePooling1D object at 0x7f4f20faa8e0>, because it is not built.
[2023-02-12 12:25:53,994][absl][WARNING] - Found untraced functions such as activation_layer_call_fn, activation_layer_call_and_return_conditional_losses, dense_layer_call_fn, dense_layer_call_and_return_conditional_losses, transformer_encoder_layer_call_fn while saving (showing 5 of 2530). These functions will not be directly callable after loading.
[2023-02-12 12:25:55,302][absl][WARNING] - Found untraced functions such as activation_layer_call_fn, activation_layer_call_and_return_conditional_losses, dense_layer_call_fn, dense_layer_call_and_return_conditional_losses, transformer_encoder_layer_call_fn while saving (showing 5 of 2530). These functions will not be directly callable after loading.
[2023-02-12 12:26:37,772][tensorflow][INFO] - Assets written to: /home/moshelaufer/PycharmProjects/results/checkpoint/synth_autoencoder_shlomi/1/assets
[2023-02-12 14:10:52,744][tensorflow][WARNING] - Skipping full serialization of Keras layer <tensorflow.python.keras.layers.core.Activation object at 0x7f4f20faa730>, because it is not built.
[2023-02-12 14:10:53,323][tensorflow][WARNING] - Skipping full serialization of Keras layer <tensorflow.python.keras.layers.pooling.AveragePooling1D object at 0x7f4f20faa8e0>, because it is not built.
[2023-02-12 14:11:28,807][absl][WARNING] - Found untraced functions such as activation_layer_call_fn, activation_layer_call_and_return_conditional_losses, dense_layer_call_fn, dense_layer_call_and_return_conditional_losses, transformer_encoder_layer_call_fn while saving (showing 5 of 2530). These functions will not be directly callable after loading.
[2023-02-12 14:11:29,604][absl][WARNING] - Found untraced functions such as activation_layer_call_fn, activation_layer_call_and_return_conditional_losses, dense_layer_call_fn, dense_layer_call_and_return_conditional_losses, transformer_encoder_layer_call_fn while saving (showing 5 of 2530). These functions will not be directly callable after loading.
[2023-02-12 14:12:13,332][tensorflow][INFO] - Assets written to: /home/moshelaufer/PycharmProjects/results/checkpoint/synth_autoencoder_shlomi/1/assets
[2023-02-12 15:56:30,198][tensorflow][WARNING] - Skipping full serialization of Keras layer <tensorflow.python.keras.layers.core.Activation object at 0x7f4f20faa730>, because it is not built.
[2023-02-12 15:56:30,783][tensorflow][WARNING] - Skipping full serialization of Keras layer <tensorflow.python.keras.layers.pooling.AveragePooling1D object at 0x7f4f20faa8e0>, because it is not built.
[2023-02-12 15:57:07,209][absl][WARNING] - Found untraced functions such as activation_layer_call_fn, activation_layer_call_and_return_conditional_losses, dense_layer_call_fn, dense_layer_call_and_return_conditional_losses, transformer_encoder_layer_call_fn while saving (showing 5 of 2530). These functions will not be directly callable after loading.
[2023-02-12 15:57:08,018][absl][WARNING] - Found untraced functions such as activation_layer_call_fn, activation_layer_call_and_return_conditional_losses, dense_layer_call_fn, dense_layer_call_and_return_conditional_losses, transformer_encoder_layer_call_fn while saving (showing 5 of 2530). These functions will not be directly callable after loading.
[2023-02-12 15:57:49,814][tensorflow][INFO] - Assets written to: /home/moshelaufer/PycharmProjects/results/checkpoint/synth_autoencoder_shlomi/1/assets
[2023-02-12 17:42:08,277][tensorflow][WARNING] - Skipping full serialization of Keras layer <tensorflow.python.keras.layers.core.Activation object at 0x7f4f20faa730>, because it is not built.
[2023-02-12 17:42:08,882][tensorflow][WARNING] - Skipping full serialization of Keras layer <tensorflow.python.keras.layers.pooling.AveragePooling1D object at 0x7f4f20faa8e0>, because it is not built.
[2023-02-12 17:42:43,400][absl][WARNING] - Found untraced functions such as activation_layer_call_fn, activation_layer_call_and_return_conditional_losses, dense_layer_call_fn, dense_layer_call_and_return_conditional_losses, transformer_encoder_layer_call_fn while saving (showing 5 of 2530). These functions will not be directly callable after loading.
[2023-02-12 17:42:44,183][absl][WARNING] - Found untraced functions such as activation_layer_call_fn, activation_layer_call_and_return_conditional_losses, dense_layer_call_fn, dense_layer_call_and_return_conditional_losses, transformer_encoder_layer_call_fn while saving (showing 5 of 2530). These functions will not be directly callable after loading.
[2023-02-12 17:43:26,682][tensorflow][INFO] - Assets written to: /home/moshelaufer/PycharmProjects/results/checkpoint/synth_autoencoder_shlomi/1/assets
[2023-02-12 19:27:43,971][tensorflow][WARNING] - Skipping full serialization of Keras layer <tensorflow.python.keras.layers.core.Activation object at 0x7f4f20faa730>, because it is not built.
[2023-02-12 19:27:44,568][tensorflow][WARNING] - Skipping full serialization of Keras layer <tensorflow.python.keras.layers.pooling.AveragePooling1D object at 0x7f4f20faa8e0>, because it is not built.
[2023-02-12 19:28:19,700][absl][WARNING] - Found untraced functions such as activation_layer_call_fn, activation_layer_call_and_return_conditional_losses, dense_layer_call_fn, dense_layer_call_and_return_conditional_losses, transformer_encoder_layer_call_fn while saving (showing 5 of 2530). These functions will not be directly callable after loading.
[2023-02-12 19:28:20,483][absl][WARNING] - Found untraced functions such as activation_layer_call_fn, activation_layer_call_and_return_conditional_losses, dense_layer_call_fn, dense_layer_call_and_return_conditional_losses, transformer_encoder_layer_call_fn while saving (showing 5 of 2530). These functions will not be directly callable after loading.
[2023-02-12 19:28:58,985][tensorflow][INFO] - Assets written to: /home/moshelaufer/PycharmProjects/results/checkpoint/synth_autoencoder_shlomi/1/assets
[2023-02-12 21:13:19,840][tensorflow][WARNING] - Skipping full serialization of Keras layer <tensorflow.python.keras.layers.core.Activation object at 0x7f4f20faa730>, because it is not built.
[2023-02-12 21:13:20,808][tensorflow][WARNING] - Skipping full serialization of Keras layer <tensorflow.python.keras.layers.pooling.AveragePooling1D object at 0x7f4f20faa8e0>, because it is not built.
[2023-02-12 21:13:56,213][absl][WARNING] - Found untraced functions such as activation_layer_call_fn, activation_layer_call_and_return_conditional_losses, dense_layer_call_fn, dense_layer_call_and_return_conditional_losses, transformer_encoder_layer_call_fn while saving (showing 5 of 2530). These functions will not be directly callable after loading.
[2023-02-12 21:13:57,019][absl][WARNING] - Found untraced functions such as activation_layer_call_fn, activation_layer_call_and_return_conditional_losses, dense_layer_call_fn, dense_layer_call_and_return_conditional_losses, transformer_encoder_layer_call_fn while saving (showing 5 of 2530). These functions will not be directly callable after loading.
[2023-02-12 21:14:40,633][tensorflow][INFO] - Assets written to: /home/moshelaufer/PycharmProjects/results/checkpoint/synth_autoencoder_shlomi/1/assets
[2023-02-12 22:59:01,837][tensorflow][WARNING] - Skipping full serialization of Keras layer <tensorflow.python.keras.layers.core.Activation object at 0x7f4f20faa730>, because it is not built.
[2023-02-12 22:59:02,452][tensorflow][WARNING] - Skipping full serialization of Keras layer <tensorflow.python.keras.layers.pooling.AveragePooling1D object at 0x7f4f20faa8e0>, because it is not built.
[2023-02-12 22:59:37,620][absl][WARNING] - Found untraced functions such as activation_layer_call_fn, activation_layer_call_and_return_conditional_losses, dense_layer_call_fn, dense_layer_call_and_return_conditional_losses, transformer_encoder_layer_call_fn while saving (showing 5 of 2530). These functions will not be directly callable after loading.
[2023-02-12 22:59:38,460][absl][WARNING] - Found untraced functions such as activation_layer_call_fn, activation_layer_call_and_return_conditional_losses, dense_layer_call_fn, dense_layer_call_and_return_conditional_losses, transformer_encoder_layer_call_fn while saving (showing 5 of 2530). These functions will not be directly callable after loading.
[2023-02-12 23:00:20,217][tensorflow][INFO] - Assets written to: /home/moshelaufer/PycharmProjects/results/checkpoint/synth_autoencoder_shlomi/1/assets
[2023-02-13 00:44:41,469][tensorflow][WARNING] - Skipping full serialization of Keras layer <tensorflow.python.keras.layers.core.Activation object at 0x7f4f20faa730>, because it is not built.
[2023-02-13 00:44:42,060][tensorflow][WARNING] - Skipping full serialization of Keras layer <tensorflow.python.keras.layers.pooling.AveragePooling1D object at 0x7f4f20faa8e0>, because it is not built.
[2023-02-13 00:45:16,851][absl][WARNING] - Found untraced functions such as activation_layer_call_fn, activation_layer_call_and_return_conditional_losses, dense_layer_call_fn, dense_layer_call_and_return_conditional_losses, transformer_encoder_layer_call_fn while saving (showing 5 of 2530). These functions will not be directly callable after loading.
[2023-02-13 00:45:17,681][absl][WARNING] - Found untraced functions such as activation_layer_call_fn, activation_layer_call_and_return_conditional_losses, dense_layer_call_fn, dense_layer_call_and_return_conditional_losses, transformer_encoder_layer_call_fn while saving (showing 5 of 2530). These functions will not be directly callable after loading.
[2023-02-13 00:46:00,907][tensorflow][INFO] - Assets written to: /home/moshelaufer/PycharmProjects/results/checkpoint/synth_autoencoder_shlomi/1/assets
[2023-02-13 02:30:19,891][tensorflow][WARNING] - Skipping full serialization of Keras layer <tensorflow.python.keras.layers.core.Activation object at 0x7f4f20faa730>, because it is not built.
[2023-02-13 02:30:20,463][tensorflow][WARNING] - Skipping full serialization of Keras layer <tensorflow.python.keras.layers.pooling.AveragePooling1D object at 0x7f4f20faa8e0>, because it is not built.
[2023-02-13 02:30:56,387][absl][WARNING] - Found untraced functions such as activation_layer_call_fn, activation_layer_call_and_return_conditional_losses, dense_layer_call_fn, dense_layer_call_and_return_conditional_losses, transformer_encoder_layer_call_fn while saving (showing 5 of 2530). These functions will not be directly callable after loading.
[2023-02-13 02:30:57,166][absl][WARNING] - Found untraced functions such as activation_layer_call_fn, activation_layer_call_and_return_conditional_losses, dense_layer_call_fn, dense_layer_call_and_return_conditional_losses, transformer_encoder_layer_call_fn while saving (showing 5 of 2530). These functions will not be directly callable after loading.
[2023-02-13 02:31:39,489][tensorflow][INFO] - Assets written to: /home/moshelaufer/PycharmProjects/results/checkpoint/synth_autoencoder_shlomi/1/assets
[2023-02-13 04:15:58,777][tensorflow][WARNING] - Skipping full serialization of Keras layer <tensorflow.python.keras.layers.core.Activation object at 0x7f4f20faa730>, because it is not built.
[2023-02-13 04:15:59,347][tensorflow][WARNING] - Skipping full serialization of Keras layer <tensorflow.python.keras.layers.pooling.AveragePooling1D object at 0x7f4f20faa8e0>, because it is not built.
[2023-02-13 04:16:34,778][absl][WARNING] - Found untraced functions such as activation_layer_call_fn, activation_layer_call_and_return_conditional_losses, dense_layer_call_fn, dense_layer_call_and_return_conditional_losses, transformer_encoder_layer_call_fn while saving (showing 5 of 2530). These functions will not be directly callable after loading.
[2023-02-13 04:16:35,571][absl][WARNING] - Found untraced functions such as activation_layer_call_fn, activation_layer_call_and_return_conditional_losses, dense_layer_call_fn, dense_layer_call_and_return_conditional_losses, transformer_encoder_layer_call_fn while saving (showing 5 of 2530). These functions will not be directly callable after loading.
[2023-02-13 04:17:19,228][tensorflow][INFO] - Assets written to: /home/moshelaufer/PycharmProjects/results/checkpoint/synth_autoencoder_shlomi/1/assets
[2023-02-13 06:01:38,693][tensorflow][WARNING] - Skipping full serialization of Keras layer <tensorflow.python.keras.layers.core.Activation object at 0x7f4f20faa730>, because it is not built.
[2023-02-13 06:01:39,285][tensorflow][WARNING] - Skipping full serialization of Keras layer <tensorflow.python.keras.layers.pooling.AveragePooling1D object at 0x7f4f20faa8e0>, because it is not built.
[2023-02-13 06:02:14,843][absl][WARNING] - Found untraced functions such as activation_layer_call_fn, activation_layer_call_and_return_conditional_losses, dense_layer_call_fn, dense_layer_call_and_return_conditional_losses, transformer_encoder_layer_call_fn while saving (showing 5 of 2530). These functions will not be directly callable after loading.
[2023-02-13 06:02:15,721][absl][WARNING] - Found untraced functions such as activation_layer_call_fn, activation_layer_call_and_return_conditional_losses, dense_layer_call_fn, dense_layer_call_and_return_conditional_losses, transformer_encoder_layer_call_fn while saving (showing 5 of 2530). These functions will not be directly callable after loading.
[2023-02-13 06:02:56,555][tensorflow][INFO] - Assets written to: /home/moshelaufer/PycharmProjects/results/checkpoint/synth_autoencoder_shlomi/1/assets
[2023-02-13 07:47:14,555][tensorflow][WARNING] - Skipping full serialization of Keras layer <tensorflow.python.keras.layers.core.Activation object at 0x7f4f20faa730>, because it is not built.
[2023-02-13 07:47:15,139][tensorflow][WARNING] - Skipping full serialization of Keras layer <tensorflow.python.keras.layers.pooling.AveragePooling1D object at 0x7f4f20faa8e0>, because it is not built.
[2023-02-13 07:47:51,695][absl][WARNING] - Found untraced functions such as activation_layer_call_fn, activation_layer_call_and_return_conditional_losses, dense_layer_call_fn, dense_layer_call_and_return_conditional_losses, transformer_encoder_layer_call_fn while saving (showing 5 of 2530). These functions will not be directly callable after loading.
[2023-02-13 07:47:52,483][absl][WARNING] - Found untraced functions such as activation_layer_call_fn, activation_layer_call_and_return_conditional_losses, dense_layer_call_fn, dense_layer_call_and_return_conditional_losses, transformer_encoder_layer_call_fn while saving (showing 5 of 2530). These functions will not be directly callable after loading.
[2023-02-13 07:48:37,932][tensorflow][INFO] - Assets written to: /home/moshelaufer/PycharmProjects/results/checkpoint/synth_autoencoder_shlomi/1/assets
[2023-02-13 09:32:55,161][tensorflow][WARNING] - Skipping full serialization of Keras layer <tensorflow.python.keras.layers.core.Activation object at 0x7f4f20faa730>, because it is not built.
[2023-02-13 09:32:55,738][tensorflow][WARNING] - Skipping full serialization of Keras layer <tensorflow.python.keras.layers.pooling.AveragePooling1D object at 0x7f4f20faa8e0>, because it is not built.
[2023-02-13 09:33:32,240][absl][WARNING] - Found untraced functions such as activation_layer_call_fn, activation_layer_call_and_return_conditional_losses, dense_layer_call_fn, dense_layer_call_and_return_conditional_losses, transformer_encoder_layer_call_fn while saving (showing 5 of 2530). These functions will not be directly callable after loading.
[2023-02-13 09:33:33,028][absl][WARNING] - Found untraced functions such as activation_layer_call_fn, activation_layer_call_and_return_conditional_losses, dense_layer_call_fn, dense_layer_call_and_return_conditional_losses, transformer_encoder_layer_call_fn while saving (showing 5 of 2530). These functions will not be directly callable after loading.
[2023-02-13 09:34:13,990][tensorflow][INFO] - Assets written to: /home/moshelaufer/PycharmProjects/results/checkpoint/synth_autoencoder_shlomi/1/assets
[2023-02-13 11:18:32,790][tensorflow][WARNING] - Skipping full serialization of Keras layer <tensorflow.python.keras.layers.core.Activation object at 0x7f4f20faa730>, because it is not built.
[2023-02-13 11:18:33,356][tensorflow][WARNING] - Skipping full serialization of Keras layer <tensorflow.python.keras.layers.pooling.AveragePooling1D object at 0x7f4f20faa8e0>, because it is not built.
[2023-02-13 11:19:08,507][absl][WARNING] - Found untraced functions such as activation_layer_call_fn, activation_layer_call_and_return_conditional_losses, dense_layer_call_fn, dense_layer_call_and_return_conditional_losses, transformer_encoder_layer_call_fn while saving (showing 5 of 2530). These functions will not be directly callable after loading.
[2023-02-13 11:19:09,801][absl][WARNING] - Found untraced functions such as activation_layer_call_fn, activation_layer_call_and_return_conditional_losses, dense_layer_call_fn, dense_layer_call_and_return_conditional_losses, transformer_encoder_layer_call_fn while saving (showing 5 of 2530). These functions will not be directly callable after loading.
[2023-02-13 11:19:53,294][tensorflow][INFO] - Assets written to: /home/moshelaufer/PycharmProjects/results/checkpoint/synth_autoencoder_shlomi/1/assets
[2023-02-13 13:04:12,687][tensorflow][WARNING] - Skipping full serialization of Keras layer <tensorflow.python.keras.layers.core.Activation object at 0x7f4f20faa730>, because it is not built.
[2023-02-13 13:04:13,270][tensorflow][WARNING] - Skipping full serialization of Keras layer <tensorflow.python.keras.layers.pooling.AveragePooling1D object at 0x7f4f20faa8e0>, because it is not built.
[2023-02-13 13:04:48,978][absl][WARNING] - Found untraced functions such as activation_layer_call_fn, activation_layer_call_and_return_conditional_losses, dense_layer_call_fn, dense_layer_call_and_return_conditional_losses, transformer_encoder_layer_call_fn while saving (showing 5 of 2530). These functions will not be directly callable after loading.
[2023-02-13 13:04:49,781][absl][WARNING] - Found untraced functions such as activation_layer_call_fn, activation_layer_call_and_return_conditional_losses, dense_layer_call_fn, dense_layer_call_and_return_conditional_losses, transformer_encoder_layer_call_fn while saving (showing 5 of 2530). These functions will not be directly callable after loading.
[2023-02-13 13:05:32,517][tensorflow][INFO] - Assets written to: /home/moshelaufer/PycharmProjects/results/checkpoint/synth_autoencoder_shlomi/1/assets
[2023-02-13 14:49:50,749][tensorflow][WARNING] - Skipping full serialization of Keras layer <tensorflow.python.keras.layers.core.Activation object at 0x7f4f20faa730>, because it is not built.
[2023-02-13 14:49:51,315][tensorflow][WARNING] - Skipping full serialization of Keras layer <tensorflow.python.keras.layers.pooling.AveragePooling1D object at 0x7f4f20faa8e0>, because it is not built.
[2023-02-13 14:50:26,913][absl][WARNING] - Found untraced functions such as activation_layer_call_fn, activation_layer_call_and_return_conditional_losses, dense_layer_call_fn, dense_layer_call_and_return_conditional_losses, transformer_encoder_layer_call_fn while saving (showing 5 of 2530). These functions will not be directly callable after loading.
[2023-02-13 14:50:27,710][absl][WARNING] - Found untraced functions such as activation_layer_call_fn, activation_layer_call_and_return_conditional_losses, dense_layer_call_fn, dense_layer_call_and_return_conditional_losses, transformer_encoder_layer_call_fn while saving (showing 5 of 2530). These functions will not be directly callable after loading.
[2023-02-13 14:51:11,889][tensorflow][INFO] - Assets written to: /home/moshelaufer/PycharmProjects/results/checkpoint/synth_autoencoder_shlomi/1/assets
