[2023-01-25 09:21:23,345][tensorflow][WARNING] - AutoGraph could not transform <bound method GroupNormalization.call of <tensorflow_addons.layers.normalizations.GroupNormalization object at 0x7fac23ece760>> and will run it as-is.
Please report this to the TensorFlow team. When filing the bug, set the verbosity to 10 (on Linux, `export AUTOGRAPH_VERBOSITY=10`) and attach the full output.
Cause: module 'gast' has no attribute 'Index'
To silence this warning, decorate the function with @tf.autograph.experimental.do_not_convert
[2023-01-25 09:21:34,513][tensorflow][WARNING] - AutoGraph could not transform <bound method CELoss.call of <losses.cross_entropy_loss_2.CELoss object at 0x7fabb7dabc40>> and will run it as-is.
Please report this to the TensorFlow team. When filing the bug, set the verbosity to 10 (on Linux, `export AUTOGRAPH_VERBOSITY=10`) and attach the full output.
Cause: module 'gast' has no attribute 'Index'
To silence this warning, decorate the function with @tf.autograph.experimental.do_not_convert
[2023-01-25 09:34:51,046][tensorflow][WARNING] - Skipping full serialization of Keras layer <tensorflow.python.keras.layers.core.Activation object at 0x7fac20647ca0>, because it is not built.
[2023-01-25 09:34:51,638][tensorflow][WARNING] - Skipping full serialization of Keras layer <tensorflow.python.keras.layers.pooling.AveragePooling1D object at 0x7fac20647e80>, because it is not built.
[2023-01-25 09:35:28,236][absl][WARNING] - Found untraced functions such as activation_layer_call_and_return_conditional_losses, activation_layer_call_fn, dense_layer_call_and_return_conditional_losses, dense_layer_call_fn, transformer_encoder_layer_call_and_return_conditional_losses while saving (showing 5 of 2530). These functions will not be directly callable after loading.
[2023-01-25 09:35:29,578][absl][WARNING] - Found untraced functions such as activation_layer_call_and_return_conditional_losses, activation_layer_call_fn, dense_layer_call_and_return_conditional_losses, dense_layer_call_fn, transformer_encoder_layer_call_and_return_conditional_losses while saving (showing 5 of 2530). These functions will not be directly callable after loading.
[2023-01-25 09:36:38,720][tensorflow][INFO] - Assets written to: /home/moshelaufer/PycharmProjects/results/checkpoint/synth_autoencoder_tal/2/assets
[2023-01-25 09:49:09,904][tensorflow][WARNING] - Skipping full serialization of Keras layer <tensorflow.python.keras.layers.core.Activation object at 0x7fac20647ca0>, because it is not built.
[2023-01-25 09:49:10,509][tensorflow][WARNING] - Skipping full serialization of Keras layer <tensorflow.python.keras.layers.pooling.AveragePooling1D object at 0x7fac20647e80>, because it is not built.
[2023-01-25 09:49:48,570][absl][WARNING] - Found untraced functions such as activation_layer_call_and_return_conditional_losses, activation_layer_call_fn, dense_layer_call_and_return_conditional_losses, dense_layer_call_fn, transformer_encoder_layer_call_and_return_conditional_losses while saving (showing 5 of 2530). These functions will not be directly callable after loading.
[2023-01-25 09:49:49,400][absl][WARNING] - Found untraced functions such as activation_layer_call_and_return_conditional_losses, activation_layer_call_fn, dense_layer_call_and_return_conditional_losses, dense_layer_call_fn, transformer_encoder_layer_call_and_return_conditional_losses while saving (showing 5 of 2530). These functions will not be directly callable after loading.
[2023-01-25 09:50:50,634][tensorflow][INFO] - Assets written to: /home/moshelaufer/PycharmProjects/results/checkpoint/synth_autoencoder_tal/2/assets
[2023-01-25 10:03:19,820][tensorflow][WARNING] - Skipping full serialization of Keras layer <tensorflow.python.keras.layers.core.Activation object at 0x7fac20647ca0>, because it is not built.
[2023-01-25 10:03:20,412][tensorflow][WARNING] - Skipping full serialization of Keras layer <tensorflow.python.keras.layers.pooling.AveragePooling1D object at 0x7fac20647e80>, because it is not built.
[2023-01-25 10:03:59,299][absl][WARNING] - Found untraced functions such as activation_layer_call_and_return_conditional_losses, activation_layer_call_fn, dense_layer_call_and_return_conditional_losses, dense_layer_call_fn, transformer_encoder_layer_call_and_return_conditional_losses while saving (showing 5 of 2530). These functions will not be directly callable after loading.
[2023-01-25 10:04:00,101][absl][WARNING] - Found untraced functions such as activation_layer_call_and_return_conditional_losses, activation_layer_call_fn, dense_layer_call_and_return_conditional_losses, dense_layer_call_fn, transformer_encoder_layer_call_and_return_conditional_losses while saving (showing 5 of 2530). These functions will not be directly callable after loading.
[2023-01-25 10:04:52,401][tensorflow][INFO] - Assets written to: /home/moshelaufer/PycharmProjects/results/checkpoint/synth_autoencoder_tal/2/assets
[2023-01-25 10:17:23,196][tensorflow][WARNING] - Skipping full serialization of Keras layer <tensorflow.python.keras.layers.core.Activation object at 0x7fac20647ca0>, because it is not built.
[2023-01-25 10:17:23,785][tensorflow][WARNING] - Skipping full serialization of Keras layer <tensorflow.python.keras.layers.pooling.AveragePooling1D object at 0x7fac20647e80>, because it is not built.
[2023-01-25 10:18:01,261][absl][WARNING] - Found untraced functions such as activation_layer_call_and_return_conditional_losses, activation_layer_call_fn, dense_layer_call_and_return_conditional_losses, dense_layer_call_fn, transformer_encoder_layer_call_and_return_conditional_losses while saving (showing 5 of 2530). These functions will not be directly callable after loading.
[2023-01-25 10:18:02,078][absl][WARNING] - Found untraced functions such as activation_layer_call_and_return_conditional_losses, activation_layer_call_fn, dense_layer_call_and_return_conditional_losses, dense_layer_call_fn, transformer_encoder_layer_call_and_return_conditional_losses while saving (showing 5 of 2530). These functions will not be directly callable after loading.
[2023-01-25 10:18:45,335][tensorflow][INFO] - Assets written to: /home/moshelaufer/PycharmProjects/results/checkpoint/synth_autoencoder_tal/2/assets
[2023-01-25 10:43:40,102][tensorflow][WARNING] - Skipping full serialization of Keras layer <tensorflow.python.keras.layers.core.Activation object at 0x7fac20647ca0>, because it is not built.
[2023-01-25 10:43:40,748][tensorflow][WARNING] - Skipping full serialization of Keras layer <tensorflow.python.keras.layers.pooling.AveragePooling1D object at 0x7fac20647e80>, because it is not built.
[2023-01-25 10:44:17,246][absl][WARNING] - Found untraced functions such as activation_layer_call_and_return_conditional_losses, activation_layer_call_fn, dense_layer_call_and_return_conditional_losses, dense_layer_call_fn, transformer_encoder_layer_call_and_return_conditional_losses while saving (showing 5 of 2530). These functions will not be directly callable after loading.
[2023-01-25 10:44:18,082][absl][WARNING] - Found untraced functions such as activation_layer_call_and_return_conditional_losses, activation_layer_call_fn, dense_layer_call_and_return_conditional_losses, dense_layer_call_fn, transformer_encoder_layer_call_and_return_conditional_losses while saving (showing 5 of 2530). These functions will not be directly callable after loading.
[2023-01-25 10:45:02,937][tensorflow][INFO] - Assets written to: /home/moshelaufer/PycharmProjects/results/checkpoint/synth_autoencoder_tal/2/assets
[2023-01-25 10:57:33,101][tensorflow][WARNING] - Skipping full serialization of Keras layer <tensorflow.python.keras.layers.core.Activation object at 0x7fac20647ca0>, because it is not built.
[2023-01-25 10:57:33,732][tensorflow][WARNING] - Skipping full serialization of Keras layer <tensorflow.python.keras.layers.pooling.AveragePooling1D object at 0x7fac20647e80>, because it is not built.
[2023-01-25 10:58:11,804][absl][WARNING] - Found untraced functions such as activation_layer_call_and_return_conditional_losses, activation_layer_call_fn, dense_layer_call_and_return_conditional_losses, dense_layer_call_fn, transformer_encoder_layer_call_and_return_conditional_losses while saving (showing 5 of 2530). These functions will not be directly callable after loading.
[2023-01-25 10:58:13,188][absl][WARNING] - Found untraced functions such as activation_layer_call_and_return_conditional_losses, activation_layer_call_fn, dense_layer_call_and_return_conditional_losses, dense_layer_call_fn, transformer_encoder_layer_call_and_return_conditional_losses while saving (showing 5 of 2530). These functions will not be directly callable after loading.
[2023-01-25 10:58:57,604][tensorflow][INFO] - Assets written to: /home/moshelaufer/PycharmProjects/results/checkpoint/synth_autoencoder_tal/2/assets
[2023-01-25 11:36:14,035][tensorflow][WARNING] - Skipping full serialization of Keras layer <tensorflow.python.keras.layers.core.Activation object at 0x7fac20647ca0>, because it is not built.
[2023-01-25 11:36:15,018][tensorflow][WARNING] - Skipping full serialization of Keras layer <tensorflow.python.keras.layers.pooling.AveragePooling1D object at 0x7fac20647e80>, because it is not built.
[2023-01-25 11:36:51,496][absl][WARNING] - Found untraced functions such as activation_layer_call_and_return_conditional_losses, activation_layer_call_fn, dense_layer_call_and_return_conditional_losses, dense_layer_call_fn, transformer_encoder_layer_call_and_return_conditional_losses while saving (showing 5 of 2530). These functions will not be directly callable after loading.
[2023-01-25 11:36:52,327][absl][WARNING] - Found untraced functions such as activation_layer_call_and_return_conditional_losses, activation_layer_call_fn, dense_layer_call_and_return_conditional_losses, dense_layer_call_fn, transformer_encoder_layer_call_and_return_conditional_losses while saving (showing 5 of 2530). These functions will not be directly callable after loading.
[2023-01-25 11:37:38,068][tensorflow][INFO] - Assets written to: /home/moshelaufer/PycharmProjects/results/checkpoint/synth_autoencoder_tal/2/assets
[2023-01-25 11:50:06,171][tensorflow][WARNING] - Skipping full serialization of Keras layer <tensorflow.python.keras.layers.core.Activation object at 0x7fac20647ca0>, because it is not built.
[2023-01-25 11:50:06,833][tensorflow][WARNING] - Skipping full serialization of Keras layer <tensorflow.python.keras.layers.pooling.AveragePooling1D object at 0x7fac20647e80>, because it is not built.
[2023-01-25 11:50:46,168][absl][WARNING] - Found untraced functions such as activation_layer_call_and_return_conditional_losses, activation_layer_call_fn, dense_layer_call_and_return_conditional_losses, dense_layer_call_fn, transformer_encoder_layer_call_and_return_conditional_losses while saving (showing 5 of 2530). These functions will not be directly callable after loading.
[2023-01-25 11:50:46,988][absl][WARNING] - Found untraced functions such as activation_layer_call_and_return_conditional_losses, activation_layer_call_fn, dense_layer_call_and_return_conditional_losses, dense_layer_call_fn, transformer_encoder_layer_call_and_return_conditional_losses while saving (showing 5 of 2530). These functions will not be directly callable after loading.
[2023-01-25 11:51:32,268][tensorflow][INFO] - Assets written to: /home/moshelaufer/PycharmProjects/results/checkpoint/synth_autoencoder_tal/2/assets
[2023-01-25 12:04:00,315][tensorflow][WARNING] - Skipping full serialization of Keras layer <tensorflow.python.keras.layers.core.Activation object at 0x7fac20647ca0>, because it is not built.
[2023-01-25 12:04:00,887][tensorflow][WARNING] - Skipping full serialization of Keras layer <tensorflow.python.keras.layers.pooling.AveragePooling1D object at 0x7fac20647e80>, because it is not built.
[2023-01-25 12:04:38,819][absl][WARNING] - Found untraced functions such as activation_layer_call_and_return_conditional_losses, activation_layer_call_fn, dense_layer_call_and_return_conditional_losses, dense_layer_call_fn, transformer_encoder_layer_call_and_return_conditional_losses while saving (showing 5 of 2530). These functions will not be directly callable after loading.
[2023-01-25 12:04:39,607][absl][WARNING] - Found untraced functions such as activation_layer_call_and_return_conditional_losses, activation_layer_call_fn, dense_layer_call_and_return_conditional_losses, dense_layer_call_fn, transformer_encoder_layer_call_and_return_conditional_losses while saving (showing 5 of 2530). These functions will not be directly callable after loading.
[2023-01-25 12:05:23,396][tensorflow][INFO] - Assets written to: /home/moshelaufer/PycharmProjects/results/checkpoint/synth_autoencoder_tal/2/assets
[2023-01-25 12:17:50,918][tensorflow][WARNING] - Skipping full serialization of Keras layer <tensorflow.python.keras.layers.core.Activation object at 0x7fac20647ca0>, because it is not built.
[2023-01-25 12:17:51,566][tensorflow][WARNING] - Skipping full serialization of Keras layer <tensorflow.python.keras.layers.pooling.AveragePooling1D object at 0x7fac20647e80>, because it is not built.
[2023-01-25 12:18:30,193][absl][WARNING] - Found untraced functions such as activation_layer_call_and_return_conditional_losses, activation_layer_call_fn, dense_layer_call_and_return_conditional_losses, dense_layer_call_fn, transformer_encoder_layer_call_and_return_conditional_losses while saving (showing 5 of 2530). These functions will not be directly callable after loading.
[2023-01-25 12:18:31,004][absl][WARNING] - Found untraced functions such as activation_layer_call_and_return_conditional_losses, activation_layer_call_fn, dense_layer_call_and_return_conditional_losses, dense_layer_call_fn, transformer_encoder_layer_call_and_return_conditional_losses while saving (showing 5 of 2530). These functions will not be directly callable after loading.
[2023-01-25 12:19:16,939][tensorflow][INFO] - Assets written to: /home/moshelaufer/PycharmProjects/results/checkpoint/synth_autoencoder_tal/2/assets
[2023-01-25 12:56:31,051][tensorflow][WARNING] - Skipping full serialization of Keras layer <tensorflow.python.keras.layers.core.Activation object at 0x7fac20647ca0>, because it is not built.
[2023-01-25 12:56:31,689][tensorflow][WARNING] - Skipping full serialization of Keras layer <tensorflow.python.keras.layers.pooling.AveragePooling1D object at 0x7fac20647e80>, because it is not built.
[2023-01-25 12:57:10,319][absl][WARNING] - Found untraced functions such as activation_layer_call_and_return_conditional_losses, activation_layer_call_fn, dense_layer_call_and_return_conditional_losses, dense_layer_call_fn, transformer_encoder_layer_call_and_return_conditional_losses while saving (showing 5 of 2530). These functions will not be directly callable after loading.
[2023-01-25 12:57:11,128][absl][WARNING] - Found untraced functions such as activation_layer_call_and_return_conditional_losses, activation_layer_call_fn, dense_layer_call_and_return_conditional_losses, dense_layer_call_fn, transformer_encoder_layer_call_and_return_conditional_losses while saving (showing 5 of 2530). These functions will not be directly callable after loading.
[2023-01-25 12:57:55,106][tensorflow][INFO] - Assets written to: /home/moshelaufer/PycharmProjects/results/checkpoint/synth_autoencoder_tal/2/assets
[2023-01-25 13:35:10,997][tensorflow][WARNING] - Skipping full serialization of Keras layer <tensorflow.python.keras.layers.core.Activation object at 0x7fac20647ca0>, because it is not built.
[2023-01-25 13:35:11,602][tensorflow][WARNING] - Skipping full serialization of Keras layer <tensorflow.python.keras.layers.pooling.AveragePooling1D object at 0x7fac20647e80>, because it is not built.
[2023-01-25 13:35:49,276][absl][WARNING] - Found untraced functions such as activation_layer_call_and_return_conditional_losses, activation_layer_call_fn, dense_layer_call_and_return_conditional_losses, dense_layer_call_fn, transformer_encoder_layer_call_and_return_conditional_losses while saving (showing 5 of 2530). These functions will not be directly callable after loading.
[2023-01-25 13:35:50,071][absl][WARNING] - Found untraced functions such as activation_layer_call_and_return_conditional_losses, activation_layer_call_fn, dense_layer_call_and_return_conditional_losses, dense_layer_call_fn, transformer_encoder_layer_call_and_return_conditional_losses while saving (showing 5 of 2530). These functions will not be directly callable after loading.
[2023-01-25 13:36:37,053][tensorflow][INFO] - Assets written to: /home/moshelaufer/PycharmProjects/results/checkpoint/synth_autoencoder_tal/2/assets
[2023-01-25 13:49:04,969][tensorflow][WARNING] - Skipping full serialization of Keras layer <tensorflow.python.keras.layers.core.Activation object at 0x7fac20647ca0>, because it is not built.
[2023-01-25 13:49:05,556][tensorflow][WARNING] - Skipping full serialization of Keras layer <tensorflow.python.keras.layers.pooling.AveragePooling1D object at 0x7fac20647e80>, because it is not built.
[2023-01-25 13:49:43,375][absl][WARNING] - Found untraced functions such as activation_layer_call_and_return_conditional_losses, activation_layer_call_fn, dense_layer_call_and_return_conditional_losses, dense_layer_call_fn, transformer_encoder_layer_call_and_return_conditional_losses while saving (showing 5 of 2530). These functions will not be directly callable after loading.
[2023-01-25 13:49:44,157][absl][WARNING] - Found untraced functions such as activation_layer_call_and_return_conditional_losses, activation_layer_call_fn, dense_layer_call_and_return_conditional_losses, dense_layer_call_fn, transformer_encoder_layer_call_and_return_conditional_losses while saving (showing 5 of 2530). These functions will not be directly callable after loading.
[2023-01-25 13:50:27,057][tensorflow][INFO] - Assets written to: /home/moshelaufer/PycharmProjects/results/checkpoint/synth_autoencoder_tal/2/assets
[2023-01-25 14:02:56,487][tensorflow][WARNING] - Skipping full serialization of Keras layer <tensorflow.python.keras.layers.core.Activation object at 0x7fac20647ca0>, because it is not built.
[2023-01-25 14:02:57,086][tensorflow][WARNING] - Skipping full serialization of Keras layer <tensorflow.python.keras.layers.pooling.AveragePooling1D object at 0x7fac20647e80>, because it is not built.
[2023-01-25 14:03:33,369][absl][WARNING] - Found untraced functions such as activation_layer_call_and_return_conditional_losses, activation_layer_call_fn, dense_layer_call_and_return_conditional_losses, dense_layer_call_fn, transformer_encoder_layer_call_and_return_conditional_losses while saving (showing 5 of 2530). These functions will not be directly callable after loading.
[2023-01-25 14:03:35,220][absl][WARNING] - Found untraced functions such as activation_layer_call_and_return_conditional_losses, activation_layer_call_fn, dense_layer_call_and_return_conditional_losses, dense_layer_call_fn, transformer_encoder_layer_call_and_return_conditional_losses while saving (showing 5 of 2530). These functions will not be directly callable after loading.
[2023-01-25 14:04:28,056][tensorflow][INFO] - Assets written to: /home/moshelaufer/PycharmProjects/results/checkpoint/synth_autoencoder_tal/2/assets
[2023-01-25 14:16:57,763][tensorflow][WARNING] - Skipping full serialization of Keras layer <tensorflow.python.keras.layers.core.Activation object at 0x7fac20647ca0>, because it is not built.
[2023-01-25 14:16:58,394][tensorflow][WARNING] - Skipping full serialization of Keras layer <tensorflow.python.keras.layers.pooling.AveragePooling1D object at 0x7fac20647e80>, because it is not built.
[2023-01-25 14:17:40,952][absl][WARNING] - Found untraced functions such as activation_layer_call_and_return_conditional_losses, activation_layer_call_fn, dense_layer_call_and_return_conditional_losses, dense_layer_call_fn, transformer_encoder_layer_call_and_return_conditional_losses while saving (showing 5 of 2530). These functions will not be directly callable after loading.
[2023-01-25 14:17:41,798][absl][WARNING] - Found untraced functions such as activation_layer_call_and_return_conditional_losses, activation_layer_call_fn, dense_layer_call_and_return_conditional_losses, dense_layer_call_fn, transformer_encoder_layer_call_and_return_conditional_losses while saving (showing 5 of 2530). These functions will not be directly callable after loading.
[2023-01-25 14:18:56,783][tensorflow][INFO] - Assets written to: /home/moshelaufer/PycharmProjects/results/checkpoint/synth_autoencoder_tal/2/assets
[2023-01-25 14:56:12,572][tensorflow][WARNING] - Skipping full serialization of Keras layer <tensorflow.python.keras.layers.core.Activation object at 0x7fac20647ca0>, because it is not built.
[2023-01-25 14:56:13,198][tensorflow][WARNING] - Skipping full serialization of Keras layer <tensorflow.python.keras.layers.pooling.AveragePooling1D object at 0x7fac20647e80>, because it is not built.
[2023-01-25 14:56:51,714][absl][WARNING] - Found untraced functions such as activation_layer_call_and_return_conditional_losses, activation_layer_call_fn, dense_layer_call_and_return_conditional_losses, dense_layer_call_fn, transformer_encoder_layer_call_and_return_conditional_losses while saving (showing 5 of 2530). These functions will not be directly callable after loading.
[2023-01-25 14:56:53,109][absl][WARNING] - Found untraced functions such as activation_layer_call_and_return_conditional_losses, activation_layer_call_fn, dense_layer_call_and_return_conditional_losses, dense_layer_call_fn, transformer_encoder_layer_call_and_return_conditional_losses while saving (showing 5 of 2530). These functions will not be directly callable after loading.
[2023-01-25 14:57:38,395][tensorflow][INFO] - Assets written to: /home/moshelaufer/PycharmProjects/results/checkpoint/synth_autoencoder_tal/2/assets
