[2023-02-05 15:24:15,002][tensorflow][WARNING] - AutoGraph could not transform <bound method GroupNormalization.call of <tensorflow_addons.layers.normalizations.GroupNormalization object at 0x7f40b0348460>> and will run it as-is.
Please report this to the TensorFlow team. When filing the bug, set the verbosity to 10 (on Linux, `export AUTOGRAPH_VERBOSITY=10`) and attach the full output.
Cause: module 'gast' has no attribute 'Index'
To silence this warning, decorate the function with @tf.autograph.experimental.do_not_convert
[2023-02-05 15:24:21,893][tensorflow][WARNING] - AutoGraph could not transform <bound method Processor.mask of <tensorflow.python.eager.function.TfMethodTarget object at 0x7f40b009b160>> and will run it as-is.
Please report this to the TensorFlow team. When filing the bug, set the verbosity to 10 (on Linux, `export AUTOGRAPH_VERBOSITY=10`) and attach the full output.
Cause: module 'gast' has no attribute 'Index'
To silence this warning, decorate the function with @tf.autograph.experimental.do_not_convert
[2023-02-05 15:24:22,777][tensorflow][WARNING] - Model was constructed with shape (None, 65, 1) for input KerasTensor(type_spec=TensorSpec(shape=(None, 65, 1), dtype=tf.float32, name='input_2'), name='input_2', description="created by layer 'input_2'"), but it was called on an input with incompatible shape (None, 65, 65).
[2023-02-05 15:24:26,001][tensorflow][WARNING] - AutoGraph could not transform <bound method CELoss.call of <losses.cross_entropy_loss_2.CELoss object at 0x7f40c29a9250>> and will run it as-is.
Please report this to the TensorFlow team. When filing the bug, set the verbosity to 10 (on Linux, `export AUTOGRAPH_VERBOSITY=10`) and attach the full output.
Cause: module 'gast' has no attribute 'Index'
To silence this warning, decorate the function with @tf.autograph.experimental.do_not_convert
[2023-02-05 15:24:37,857][tensorflow][WARNING] - Model was constructed with shape (None, 65, 1) for input KerasTensor(type_spec=TensorSpec(shape=(None, 65, 1), dtype=tf.float32, name='input_2'), name='input_2', description="created by layer 'input_2'"), but it was called on an input with incompatible shape (None, 65, 65).
[2023-02-05 16:17:01,220][tensorflow][WARNING] - Model was constructed with shape (None, 65, 1) for input KerasTensor(type_spec=TensorSpec(shape=(None, 65, 1), dtype=tf.float32, name='input_2'), name='input_2', description="created by layer 'input_2'"), but it was called on an input with incompatible shape (None, 65, 65).
[2023-02-05 18:41:41,349][tensorflow][WARNING] - Skipping full serialization of Keras layer <tensorflow.python.keras.layers.core.Activation object at 0x7f40c211c9a0>, because it is not built.
[2023-02-05 18:41:41,961][tensorflow][WARNING] - Skipping full serialization of Keras layer <tensorflow.python.keras.layers.pooling.AveragePooling1D object at 0x7f40c21163d0>, because it is not built.
[2023-02-05 18:42:20,025][absl][WARNING] - Found untraced functions such as activation_layer_call_and_return_conditional_losses, activation_layer_call_fn, dense_layer_call_and_return_conditional_losses, dense_layer_call_fn, transformer_encoder_layer_call_and_return_conditional_losses while saving (showing 5 of 2530). These functions will not be directly callable after loading.
[2023-02-05 18:42:20,876][absl][WARNING] - Found untraced functions such as activation_layer_call_and_return_conditional_losses, activation_layer_call_fn, dense_layer_call_and_return_conditional_losses, dense_layer_call_fn, transformer_encoder_layer_call_and_return_conditional_losses while saving (showing 5 of 2530). These functions will not be directly callable after loading.
[2023-02-05 18:43:30,566][tensorflow][INFO] - Assets written to: /home/moshelaufer/PycharmProjects/results/checkpoint/synth_autoencoder_tal/7/assets
[2023-02-05 21:58:18,978][tensorflow][WARNING] - Skipping full serialization of Keras layer <tensorflow.python.keras.layers.core.Activation object at 0x7f40c211c9a0>, because it is not built.
[2023-02-05 21:58:19,593][tensorflow][WARNING] - Skipping full serialization of Keras layer <tensorflow.python.keras.layers.pooling.AveragePooling1D object at 0x7f40c21163d0>, because it is not built.
[2023-02-05 21:58:58,110][absl][WARNING] - Found untraced functions such as activation_layer_call_and_return_conditional_losses, activation_layer_call_fn, dense_layer_call_and_return_conditional_losses, dense_layer_call_fn, transformer_encoder_layer_call_and_return_conditional_losses while saving (showing 5 of 2530). These functions will not be directly callable after loading.
[2023-02-05 21:58:58,943][absl][WARNING] - Found untraced functions such as activation_layer_call_and_return_conditional_losses, activation_layer_call_fn, dense_layer_call_and_return_conditional_losses, dense_layer_call_fn, transformer_encoder_layer_call_and_return_conditional_losses while saving (showing 5 of 2530). These functions will not be directly callable after loading.
[2023-02-05 21:59:59,985][tensorflow][INFO] - Assets written to: /home/moshelaufer/PycharmProjects/results/checkpoint/synth_autoencoder_tal/7/assets
[2023-02-06 01:15:05,860][tensorflow][WARNING] - Skipping full serialization of Keras layer <tensorflow.python.keras.layers.core.Activation object at 0x7f40c211c9a0>, because it is not built.
[2023-02-06 01:15:06,456][tensorflow][WARNING] - Skipping full serialization of Keras layer <tensorflow.python.keras.layers.pooling.AveragePooling1D object at 0x7f40c21163d0>, because it is not built.
[2023-02-06 01:15:44,977][absl][WARNING] - Found untraced functions such as activation_layer_call_and_return_conditional_losses, activation_layer_call_fn, dense_layer_call_and_return_conditional_losses, dense_layer_call_fn, transformer_encoder_layer_call_and_return_conditional_losses while saving (showing 5 of 2530). These functions will not be directly callable after loading.
[2023-02-06 01:15:45,806][absl][WARNING] - Found untraced functions such as activation_layer_call_and_return_conditional_losses, activation_layer_call_fn, dense_layer_call_and_return_conditional_losses, dense_layer_call_fn, transformer_encoder_layer_call_and_return_conditional_losses while saving (showing 5 of 2530). These functions will not be directly callable after loading.
[2023-02-06 01:16:31,681][tensorflow][INFO] - Assets written to: /home/moshelaufer/PycharmProjects/results/checkpoint/synth_autoencoder_tal/7/assets
[2023-02-06 04:30:14,169][tensorflow][WARNING] - Skipping full serialization of Keras layer <tensorflow.python.keras.layers.core.Activation object at 0x7f40c211c9a0>, because it is not built.
[2023-02-06 04:30:14,806][tensorflow][WARNING] - Skipping full serialization of Keras layer <tensorflow.python.keras.layers.pooling.AveragePooling1D object at 0x7f40c21163d0>, because it is not built.
[2023-02-06 04:30:54,071][absl][WARNING] - Found untraced functions such as activation_layer_call_and_return_conditional_losses, activation_layer_call_fn, dense_layer_call_and_return_conditional_losses, dense_layer_call_fn, transformer_encoder_layer_call_and_return_conditional_losses while saving (showing 5 of 2530). These functions will not be directly callable after loading.
[2023-02-06 04:30:54,877][absl][WARNING] - Found untraced functions such as activation_layer_call_and_return_conditional_losses, activation_layer_call_fn, dense_layer_call_and_return_conditional_losses, dense_layer_call_fn, transformer_encoder_layer_call_and_return_conditional_losses while saving (showing 5 of 2530). These functions will not be directly callable after loading.
[2023-02-06 04:31:39,039][tensorflow][INFO] - Assets written to: /home/moshelaufer/PycharmProjects/results/checkpoint/synth_autoencoder_tal/7/assets
[2023-02-06 07:46:46,683][tensorflow][WARNING] - Skipping full serialization of Keras layer <tensorflow.python.keras.layers.core.Activation object at 0x7f40c211c9a0>, because it is not built.
[2023-02-06 07:46:47,359][tensorflow][WARNING] - Skipping full serialization of Keras layer <tensorflow.python.keras.layers.pooling.AveragePooling1D object at 0x7f40c21163d0>, because it is not built.
[2023-02-06 07:47:26,119][absl][WARNING] - Found untraced functions such as activation_layer_call_and_return_conditional_losses, activation_layer_call_fn, dense_layer_call_and_return_conditional_losses, dense_layer_call_fn, transformer_encoder_layer_call_and_return_conditional_losses while saving (showing 5 of 2530). These functions will not be directly callable after loading.
[2023-02-06 07:47:26,969][absl][WARNING] - Found untraced functions such as activation_layer_call_and_return_conditional_losses, activation_layer_call_fn, dense_layer_call_and_return_conditional_losses, dense_layer_call_fn, transformer_encoder_layer_call_and_return_conditional_losses while saving (showing 5 of 2530). These functions will not be directly callable after loading.
[2023-02-06 07:48:12,173][tensorflow][INFO] - Assets written to: /home/moshelaufer/PycharmProjects/results/checkpoint/synth_autoencoder_tal/7/assets
[2023-02-06 11:03:20,112][tensorflow][WARNING] - Skipping full serialization of Keras layer <tensorflow.python.keras.layers.core.Activation object at 0x7f40c211c9a0>, because it is not built.
[2023-02-06 11:03:20,724][tensorflow][WARNING] - Skipping full serialization of Keras layer <tensorflow.python.keras.layers.pooling.AveragePooling1D object at 0x7f40c21163d0>, because it is not built.
[2023-02-06 11:03:59,327][absl][WARNING] - Found untraced functions such as activation_layer_call_and_return_conditional_losses, activation_layer_call_fn, dense_layer_call_and_return_conditional_losses, dense_layer_call_fn, transformer_encoder_layer_call_and_return_conditional_losses while saving (showing 5 of 2530). These functions will not be directly callable after loading.
[2023-02-06 11:04:00,187][absl][WARNING] - Found untraced functions such as activation_layer_call_and_return_conditional_losses, activation_layer_call_fn, dense_layer_call_and_return_conditional_losses, dense_layer_call_fn, transformer_encoder_layer_call_and_return_conditional_losses while saving (showing 5 of 2530). These functions will not be directly callable after loading.
[2023-02-06 11:04:44,011][tensorflow][INFO] - Assets written to: /home/moshelaufer/PycharmProjects/results/checkpoint/synth_autoencoder_tal/7/assets
[2023-02-06 14:19:55,728][tensorflow][WARNING] - Skipping full serialization of Keras layer <tensorflow.python.keras.layers.core.Activation object at 0x7f40c211c9a0>, because it is not built.
[2023-02-06 14:19:56,342][tensorflow][WARNING] - Skipping full serialization of Keras layer <tensorflow.python.keras.layers.pooling.AveragePooling1D object at 0x7f40c21163d0>, because it is not built.
[2023-02-06 14:20:33,878][absl][WARNING] - Found untraced functions such as activation_layer_call_and_return_conditional_losses, activation_layer_call_fn, dense_layer_call_and_return_conditional_losses, dense_layer_call_fn, transformer_encoder_layer_call_and_return_conditional_losses while saving (showing 5 of 2530). These functions will not be directly callable after loading.
[2023-02-06 14:20:34,722][absl][WARNING] - Found untraced functions such as activation_layer_call_and_return_conditional_losses, activation_layer_call_fn, dense_layer_call_and_return_conditional_losses, dense_layer_call_fn, transformer_encoder_layer_call_and_return_conditional_losses while saving (showing 5 of 2530). These functions will not be directly callable after loading.
[2023-02-06 14:21:18,359][tensorflow][INFO] - Assets written to: /home/moshelaufer/PycharmProjects/results/checkpoint/synth_autoencoder_tal/7/assets
[2023-02-06 17:35:04,864][tensorflow][WARNING] - Skipping full serialization of Keras layer <tensorflow.python.keras.layers.core.Activation object at 0x7f40c211c9a0>, because it is not built.
[2023-02-06 17:35:05,517][tensorflow][WARNING] - Skipping full serialization of Keras layer <tensorflow.python.keras.layers.pooling.AveragePooling1D object at 0x7f40c21163d0>, because it is not built.
[2023-02-06 17:35:43,433][absl][WARNING] - Found untraced functions such as activation_layer_call_and_return_conditional_losses, activation_layer_call_fn, dense_layer_call_and_return_conditional_losses, dense_layer_call_fn, transformer_encoder_layer_call_and_return_conditional_losses while saving (showing 5 of 2530). These functions will not be directly callable after loading.
[2023-02-06 17:35:44,242][absl][WARNING] - Found untraced functions such as activation_layer_call_and_return_conditional_losses, activation_layer_call_fn, dense_layer_call_and_return_conditional_losses, dense_layer_call_fn, transformer_encoder_layer_call_and_return_conditional_losses while saving (showing 5 of 2530). These functions will not be directly callable after loading.
[2023-02-06 17:36:29,874][tensorflow][INFO] - Assets written to: /home/moshelaufer/PycharmProjects/results/checkpoint/synth_autoencoder_tal/7/assets
[2023-02-06 20:51:35,667][tensorflow][WARNING] - Skipping full serialization of Keras layer <tensorflow.python.keras.layers.core.Activation object at 0x7f40c211c9a0>, because it is not built.
[2023-02-06 20:51:36,246][tensorflow][WARNING] - Skipping full serialization of Keras layer <tensorflow.python.keras.layers.pooling.AveragePooling1D object at 0x7f40c21163d0>, because it is not built.
[2023-02-06 20:52:15,350][absl][WARNING] - Found untraced functions such as activation_layer_call_and_return_conditional_losses, activation_layer_call_fn, dense_layer_call_and_return_conditional_losses, dense_layer_call_fn, transformer_encoder_layer_call_and_return_conditional_losses while saving (showing 5 of 2530). These functions will not be directly callable after loading.
[2023-02-06 20:52:16,174][absl][WARNING] - Found untraced functions such as activation_layer_call_and_return_conditional_losses, activation_layer_call_fn, dense_layer_call_and_return_conditional_losses, dense_layer_call_fn, transformer_encoder_layer_call_and_return_conditional_losses while saving (showing 5 of 2530). These functions will not be directly callable after loading.
[2023-02-06 20:53:01,537][tensorflow][INFO] - Assets written to: /home/moshelaufer/PycharmProjects/results/checkpoint/synth_autoencoder_tal/7/assets
[2023-02-07 00:08:15,303][tensorflow][WARNING] - Skipping full serialization of Keras layer <tensorflow.python.keras.layers.core.Activation object at 0x7f40c211c9a0>, because it is not built.
[2023-02-07 00:08:15,946][tensorflow][WARNING] - Skipping full serialization of Keras layer <tensorflow.python.keras.layers.pooling.AveragePooling1D object at 0x7f40c21163d0>, because it is not built.
[2023-02-07 00:08:55,111][absl][WARNING] - Found untraced functions such as activation_layer_call_and_return_conditional_losses, activation_layer_call_fn, dense_layer_call_and_return_conditional_losses, dense_layer_call_fn, transformer_encoder_layer_call_and_return_conditional_losses while saving (showing 5 of 2530). These functions will not be directly callable after loading.
[2023-02-07 00:08:56,040][absl][WARNING] - Found untraced functions such as activation_layer_call_and_return_conditional_losses, activation_layer_call_fn, dense_layer_call_and_return_conditional_losses, dense_layer_call_fn, transformer_encoder_layer_call_and_return_conditional_losses while saving (showing 5 of 2530). These functions will not be directly callable after loading.
[2023-02-07 00:09:39,772][tensorflow][INFO] - Assets written to: /home/moshelaufer/PycharmProjects/results/checkpoint/synth_autoencoder_tal/7/assets
[2023-02-07 03:25:02,954][tensorflow][WARNING] - Skipping full serialization of Keras layer <tensorflow.python.keras.layers.core.Activation object at 0x7f40c211c9a0>, because it is not built.
[2023-02-07 03:25:03,536][tensorflow][WARNING] - Skipping full serialization of Keras layer <tensorflow.python.keras.layers.pooling.AveragePooling1D object at 0x7f40c21163d0>, because it is not built.
[2023-02-07 03:25:41,214][absl][WARNING] - Found untraced functions such as activation_layer_call_and_return_conditional_losses, activation_layer_call_fn, dense_layer_call_and_return_conditional_losses, dense_layer_call_fn, transformer_encoder_layer_call_and_return_conditional_losses while saving (showing 5 of 2530). These functions will not be directly callable after loading.
[2023-02-07 03:25:42,027][absl][WARNING] - Found untraced functions such as activation_layer_call_and_return_conditional_losses, activation_layer_call_fn, dense_layer_call_and_return_conditional_losses, dense_layer_call_fn, transformer_encoder_layer_call_and_return_conditional_losses while saving (showing 5 of 2530). These functions will not be directly callable after loading.
[2023-02-07 03:26:26,550][tensorflow][INFO] - Assets written to: /home/moshelaufer/PycharmProjects/results/checkpoint/synth_autoencoder_tal/7/assets
[2023-02-07 06:40:20,253][tensorflow][WARNING] - Skipping full serialization of Keras layer <tensorflow.python.keras.layers.core.Activation object at 0x7f40c211c9a0>, because it is not built.
[2023-02-07 06:40:20,835][tensorflow][WARNING] - Skipping full serialization of Keras layer <tensorflow.python.keras.layers.pooling.AveragePooling1D object at 0x7f40c21163d0>, because it is not built.
[2023-02-07 06:41:00,298][absl][WARNING] - Found untraced functions such as activation_layer_call_and_return_conditional_losses, activation_layer_call_fn, dense_layer_call_and_return_conditional_losses, dense_layer_call_fn, transformer_encoder_layer_call_and_return_conditional_losses while saving (showing 5 of 2530). These functions will not be directly callable after loading.
[2023-02-07 06:41:01,122][absl][WARNING] - Found untraced functions such as activation_layer_call_and_return_conditional_losses, activation_layer_call_fn, dense_layer_call_and_return_conditional_losses, dense_layer_call_fn, transformer_encoder_layer_call_and_return_conditional_losses while saving (showing 5 of 2530). These functions will not be directly callable after loading.
[2023-02-07 06:41:44,685][tensorflow][INFO] - Assets written to: /home/moshelaufer/PycharmProjects/results/checkpoint/synth_autoencoder_tal/7/assets
[2023-02-07 09:57:00,277][tensorflow][WARNING] - Skipping full serialization of Keras layer <tensorflow.python.keras.layers.core.Activation object at 0x7f40c211c9a0>, because it is not built.
[2023-02-07 09:57:01,079][tensorflow][WARNING] - Skipping full serialization of Keras layer <tensorflow.python.keras.layers.pooling.AveragePooling1D object at 0x7f40c21163d0>, because it is not built.
[2023-02-07 09:57:41,101][absl][WARNING] - Found untraced functions such as activation_layer_call_and_return_conditional_losses, activation_layer_call_fn, dense_layer_call_and_return_conditional_losses, dense_layer_call_fn, transformer_encoder_layer_call_and_return_conditional_losses while saving (showing 5 of 2530). These functions will not be directly callable after loading.
[2023-02-07 09:57:41,951][absl][WARNING] - Found untraced functions such as activation_layer_call_and_return_conditional_losses, activation_layer_call_fn, dense_layer_call_and_return_conditional_losses, dense_layer_call_fn, transformer_encoder_layer_call_and_return_conditional_losses while saving (showing 5 of 2530). These functions will not be directly callable after loading.
[2023-02-07 09:58:26,488][tensorflow][INFO] - Assets written to: /home/moshelaufer/PycharmProjects/results/checkpoint/synth_autoencoder_tal/7/assets
[2023-02-07 13:13:45,640][tensorflow][WARNING] - Skipping full serialization of Keras layer <tensorflow.python.keras.layers.core.Activation object at 0x7f40c211c9a0>, because it is not built.
[2023-02-07 13:13:46,297][tensorflow][WARNING] - Skipping full serialization of Keras layer <tensorflow.python.keras.layers.pooling.AveragePooling1D object at 0x7f40c21163d0>, because it is not built.
[2023-02-07 13:14:24,871][absl][WARNING] - Found untraced functions such as activation_layer_call_and_return_conditional_losses, activation_layer_call_fn, dense_layer_call_and_return_conditional_losses, dense_layer_call_fn, transformer_encoder_layer_call_and_return_conditional_losses while saving (showing 5 of 2530). These functions will not be directly callable after loading.
[2023-02-07 13:14:25,699][absl][WARNING] - Found untraced functions such as activation_layer_call_and_return_conditional_losses, activation_layer_call_fn, dense_layer_call_and_return_conditional_losses, dense_layer_call_fn, transformer_encoder_layer_call_and_return_conditional_losses while saving (showing 5 of 2530). These functions will not be directly callable after loading.
[2023-02-07 13:15:09,982][tensorflow][INFO] - Assets written to: /home/moshelaufer/PycharmProjects/results/checkpoint/synth_autoencoder_tal/7/assets
[2023-02-07 16:30:28,568][tensorflow][WARNING] - Skipping full serialization of Keras layer <tensorflow.python.keras.layers.core.Activation object at 0x7f40c211c9a0>, because it is not built.
[2023-02-07 16:30:29,165][tensorflow][WARNING] - Skipping full serialization of Keras layer <tensorflow.python.keras.layers.pooling.AveragePooling1D object at 0x7f40c21163d0>, because it is not built.
[2023-02-07 16:31:08,923][absl][WARNING] - Found untraced functions such as activation_layer_call_and_return_conditional_losses, activation_layer_call_fn, dense_layer_call_and_return_conditional_losses, dense_layer_call_fn, transformer_encoder_layer_call_and_return_conditional_losses while saving (showing 5 of 2530). These functions will not be directly callable after loading.
[2023-02-07 16:31:09,741][absl][WARNING] - Found untraced functions such as activation_layer_call_and_return_conditional_losses, activation_layer_call_fn, dense_layer_call_and_return_conditional_losses, dense_layer_call_fn, transformer_encoder_layer_call_and_return_conditional_losses while saving (showing 5 of 2530). These functions will not be directly callable after loading.
[2023-02-07 16:31:54,665][tensorflow][INFO] - Assets written to: /home/moshelaufer/PycharmProjects/results/checkpoint/synth_autoencoder_tal/7/assets
[2023-02-07 19:45:46,173][tensorflow][WARNING] - Skipping full serialization of Keras layer <tensorflow.python.keras.layers.core.Activation object at 0x7f40c211c9a0>, because it is not built.
[2023-02-07 19:45:46,840][tensorflow][WARNING] - Skipping full serialization of Keras layer <tensorflow.python.keras.layers.pooling.AveragePooling1D object at 0x7f40c21163d0>, because it is not built.
[2023-02-07 19:46:26,492][absl][WARNING] - Found untraced functions such as activation_layer_call_and_return_conditional_losses, activation_layer_call_fn, dense_layer_call_and_return_conditional_losses, dense_layer_call_fn, transformer_encoder_layer_call_and_return_conditional_losses while saving (showing 5 of 2530). These functions will not be directly callable after loading.
[2023-02-07 19:46:27,341][absl][WARNING] - Found untraced functions such as activation_layer_call_and_return_conditional_losses, activation_layer_call_fn, dense_layer_call_and_return_conditional_losses, dense_layer_call_fn, transformer_encoder_layer_call_and_return_conditional_losses while saving (showing 5 of 2530). These functions will not be directly callable after loading.
[2023-02-07 19:47:12,933][tensorflow][INFO] - Assets written to: /home/moshelaufer/PycharmProjects/results/checkpoint/synth_autoencoder_tal/7/assets
[2023-02-07 23:02:26,857][tensorflow][WARNING] - Skipping full serialization of Keras layer <tensorflow.python.keras.layers.core.Activation object at 0x7f40c211c9a0>, because it is not built.
[2023-02-07 23:02:27,526][tensorflow][WARNING] - Skipping full serialization of Keras layer <tensorflow.python.keras.layers.pooling.AveragePooling1D object at 0x7f40c21163d0>, because it is not built.
[2023-02-07 23:03:07,052][absl][WARNING] - Found untraced functions such as activation_layer_call_and_return_conditional_losses, activation_layer_call_fn, dense_layer_call_and_return_conditional_losses, dense_layer_call_fn, transformer_encoder_layer_call_and_return_conditional_losses while saving (showing 5 of 2530). These functions will not be directly callable after loading.
[2023-02-07 23:03:07,875][absl][WARNING] - Found untraced functions such as activation_layer_call_and_return_conditional_losses, activation_layer_call_fn, dense_layer_call_and_return_conditional_losses, dense_layer_call_fn, transformer_encoder_layer_call_and_return_conditional_losses while saving (showing 5 of 2530). These functions will not be directly callable after loading.
[2023-02-07 23:03:53,824][tensorflow][INFO] - Assets written to: /home/moshelaufer/PycharmProjects/results/checkpoint/synth_autoencoder_tal/7/assets
[2023-02-08 02:19:04,127][tensorflow][WARNING] - Skipping full serialization of Keras layer <tensorflow.python.keras.layers.core.Activation object at 0x7f40c211c9a0>, because it is not built.
[2023-02-08 02:19:04,785][tensorflow][WARNING] - Skipping full serialization of Keras layer <tensorflow.python.keras.layers.pooling.AveragePooling1D object at 0x7f40c21163d0>, because it is not built.
[2023-02-08 02:19:44,629][absl][WARNING] - Found untraced functions such as activation_layer_call_and_return_conditional_losses, activation_layer_call_fn, dense_layer_call_and_return_conditional_losses, dense_layer_call_fn, transformer_encoder_layer_call_and_return_conditional_losses while saving (showing 5 of 2530). These functions will not be directly callable after loading.
[2023-02-08 02:19:45,453][absl][WARNING] - Found untraced functions such as activation_layer_call_and_return_conditional_losses, activation_layer_call_fn, dense_layer_call_and_return_conditional_losses, dense_layer_call_fn, transformer_encoder_layer_call_and_return_conditional_losses while saving (showing 5 of 2530). These functions will not be directly callable after loading.
[2023-02-08 02:20:30,078][tensorflow][INFO] - Assets written to: /home/moshelaufer/PycharmProjects/results/checkpoint/synth_autoencoder_tal/7/assets
[2023-02-08 05:35:38,997][tensorflow][WARNING] - Skipping full serialization of Keras layer <tensorflow.python.keras.layers.core.Activation object at 0x7f40c211c9a0>, because it is not built.
[2023-02-08 05:35:39,621][tensorflow][WARNING] - Skipping full serialization of Keras layer <tensorflow.python.keras.layers.pooling.AveragePooling1D object at 0x7f40c21163d0>, because it is not built.
[2023-02-08 05:36:18,428][absl][WARNING] - Found untraced functions such as activation_layer_call_and_return_conditional_losses, activation_layer_call_fn, dense_layer_call_and_return_conditional_losses, dense_layer_call_fn, transformer_encoder_layer_call_and_return_conditional_losses while saving (showing 5 of 2530). These functions will not be directly callable after loading.
[2023-02-08 05:36:19,272][absl][WARNING] - Found untraced functions such as activation_layer_call_and_return_conditional_losses, activation_layer_call_fn, dense_layer_call_and_return_conditional_losses, dense_layer_call_fn, transformer_encoder_layer_call_and_return_conditional_losses while saving (showing 5 of 2530). These functions will not be directly callable after loading.
[2023-02-08 05:37:04,149][tensorflow][INFO] - Assets written to: /home/moshelaufer/PycharmProjects/results/checkpoint/synth_autoencoder_tal/7/assets
[2023-02-08 08:50:32,653][tensorflow][WARNING] - Skipping full serialization of Keras layer <tensorflow.python.keras.layers.core.Activation object at 0x7f40c211c9a0>, because it is not built.
[2023-02-08 08:50:33,254][tensorflow][WARNING] - Skipping full serialization of Keras layer <tensorflow.python.keras.layers.pooling.AveragePooling1D object at 0x7f40c21163d0>, because it is not built.
[2023-02-08 08:51:12,522][absl][WARNING] - Found untraced functions such as activation_layer_call_and_return_conditional_losses, activation_layer_call_fn, dense_layer_call_and_return_conditional_losses, dense_layer_call_fn, transformer_encoder_layer_call_and_return_conditional_losses while saving (showing 5 of 2530). These functions will not be directly callable after loading.
[2023-02-08 08:51:13,405][absl][WARNING] - Found untraced functions such as activation_layer_call_and_return_conditional_losses, activation_layer_call_fn, dense_layer_call_and_return_conditional_losses, dense_layer_call_fn, transformer_encoder_layer_call_and_return_conditional_losses while saving (showing 5 of 2530). These functions will not be directly callable after loading.
[2023-02-08 08:51:58,530][tensorflow][INFO] - Assets written to: /home/moshelaufer/PycharmProjects/results/checkpoint/synth_autoencoder_tal/7/assets
[2023-02-08 12:06:28,178][tensorflow][WARNING] - Skipping full serialization of Keras layer <tensorflow.python.keras.layers.core.Activation object at 0x7f40c211c9a0>, because it is not built.
[2023-02-08 12:06:28,777][tensorflow][WARNING] - Skipping full serialization of Keras layer <tensorflow.python.keras.layers.pooling.AveragePooling1D object at 0x7f40c21163d0>, because it is not built.
[2023-02-08 12:07:06,880][absl][WARNING] - Found untraced functions such as activation_layer_call_and_return_conditional_losses, activation_layer_call_fn, dense_layer_call_and_return_conditional_losses, dense_layer_call_fn, transformer_encoder_layer_call_and_return_conditional_losses while saving (showing 5 of 2530). These functions will not be directly callable after loading.
[2023-02-08 12:07:07,697][absl][WARNING] - Found untraced functions such as activation_layer_call_and_return_conditional_losses, activation_layer_call_fn, dense_layer_call_and_return_conditional_losses, dense_layer_call_fn, transformer_encoder_layer_call_and_return_conditional_losses while saving (showing 5 of 2530). These functions will not be directly callable after loading.
[2023-02-08 12:07:50,681][tensorflow][INFO] - Assets written to: /home/moshelaufer/PycharmProjects/results/checkpoint/synth_autoencoder_tal/7/assets
[2023-02-08 15:22:04,229][tensorflow][WARNING] - Skipping full serialization of Keras layer <tensorflow.python.keras.layers.core.Activation object at 0x7f40c211c9a0>, because it is not built.
[2023-02-08 15:22:04,826][tensorflow][WARNING] - Skipping full serialization of Keras layer <tensorflow.python.keras.layers.pooling.AveragePooling1D object at 0x7f40c21163d0>, because it is not built.
[2023-02-08 15:22:41,407][absl][WARNING] - Found untraced functions such as activation_layer_call_and_return_conditional_losses, activation_layer_call_fn, dense_layer_call_and_return_conditional_losses, dense_layer_call_fn, transformer_encoder_layer_call_and_return_conditional_losses while saving (showing 5 of 2530). These functions will not be directly callable after loading.
[2023-02-08 15:22:42,206][absl][WARNING] - Found untraced functions such as activation_layer_call_and_return_conditional_losses, activation_layer_call_fn, dense_layer_call_and_return_conditional_losses, dense_layer_call_fn, transformer_encoder_layer_call_and_return_conditional_losses while saving (showing 5 of 2530). These functions will not be directly callable after loading.
[2023-02-08 15:23:25,445][tensorflow][INFO] - Assets written to: /home/moshelaufer/PycharmProjects/results/checkpoint/synth_autoencoder_tal/7/assets
[2023-02-08 18:37:26,333][tensorflow][WARNING] - Skipping full serialization of Keras layer <tensorflow.python.keras.layers.core.Activation object at 0x7f40c211c9a0>, because it is not built.
[2023-02-08 18:37:26,905][tensorflow][WARNING] - Skipping full serialization of Keras layer <tensorflow.python.keras.layers.pooling.AveragePooling1D object at 0x7f40c21163d0>, because it is not built.
[2023-02-08 18:38:04,267][absl][WARNING] - Found untraced functions such as activation_layer_call_and_return_conditional_losses, activation_layer_call_fn, dense_layer_call_and_return_conditional_losses, dense_layer_call_fn, transformer_encoder_layer_call_and_return_conditional_losses while saving (showing 5 of 2530). These functions will not be directly callable after loading.
[2023-02-08 18:38:05,071][absl][WARNING] - Found untraced functions such as activation_layer_call_and_return_conditional_losses, activation_layer_call_fn, dense_layer_call_and_return_conditional_losses, dense_layer_call_fn, transformer_encoder_layer_call_and_return_conditional_losses while saving (showing 5 of 2530). These functions will not be directly callable after loading.
[2023-02-08 18:38:47,650][tensorflow][INFO] - Assets written to: /home/moshelaufer/PycharmProjects/results/checkpoint/synth_autoencoder_tal/7/assets
[2023-02-08 21:51:43,252][tensorflow][WARNING] - Skipping full serialization of Keras layer <tensorflow.python.keras.layers.core.Activation object at 0x7f40c211c9a0>, because it is not built.
[2023-02-08 21:51:43,846][tensorflow][WARNING] - Skipping full serialization of Keras layer <tensorflow.python.keras.layers.pooling.AveragePooling1D object at 0x7f40c21163d0>, because it is not built.
[2023-02-08 21:52:21,620][absl][WARNING] - Found untraced functions such as activation_layer_call_and_return_conditional_losses, activation_layer_call_fn, dense_layer_call_and_return_conditional_losses, dense_layer_call_fn, transformer_encoder_layer_call_and_return_conditional_losses while saving (showing 5 of 2530). These functions will not be directly callable after loading.
[2023-02-08 21:52:22,421][absl][WARNING] - Found untraced functions such as activation_layer_call_and_return_conditional_losses, activation_layer_call_fn, dense_layer_call_and_return_conditional_losses, dense_layer_call_fn, transformer_encoder_layer_call_and_return_conditional_losses while saving (showing 5 of 2530). These functions will not be directly callable after loading.
[2023-02-08 21:53:07,077][tensorflow][INFO] - Assets written to: /home/moshelaufer/PycharmProjects/results/checkpoint/synth_autoencoder_tal/7/assets
[2023-02-09 01:07:46,895][tensorflow][WARNING] - Skipping full serialization of Keras layer <tensorflow.python.keras.layers.core.Activation object at 0x7f40c211c9a0>, because it is not built.
[2023-02-09 01:07:47,498][tensorflow][WARNING] - Skipping full serialization of Keras layer <tensorflow.python.keras.layers.pooling.AveragePooling1D object at 0x7f40c21163d0>, because it is not built.
[2023-02-09 01:08:26,336][absl][WARNING] - Found untraced functions such as activation_layer_call_and_return_conditional_losses, activation_layer_call_fn, dense_layer_call_and_return_conditional_losses, dense_layer_call_fn, transformer_encoder_layer_call_and_return_conditional_losses while saving (showing 5 of 2530). These functions will not be directly callable after loading.
[2023-02-09 01:08:27,150][absl][WARNING] - Found untraced functions such as activation_layer_call_and_return_conditional_losses, activation_layer_call_fn, dense_layer_call_and_return_conditional_losses, dense_layer_call_fn, transformer_encoder_layer_call_and_return_conditional_losses while saving (showing 5 of 2530). These functions will not be directly callable after loading.
[2023-02-09 01:09:11,342][tensorflow][INFO] - Assets written to: /home/moshelaufer/PycharmProjects/results/checkpoint/synth_autoencoder_tal/7/assets
[2023-02-09 04:23:27,153][tensorflow][WARNING] - Skipping full serialization of Keras layer <tensorflow.python.keras.layers.core.Activation object at 0x7f40c211c9a0>, because it is not built.
[2023-02-09 04:23:27,723][tensorflow][WARNING] - Skipping full serialization of Keras layer <tensorflow.python.keras.layers.pooling.AveragePooling1D object at 0x7f40c21163d0>, because it is not built.
[2023-02-09 04:24:05,197][absl][WARNING] - Found untraced functions such as activation_layer_call_and_return_conditional_losses, activation_layer_call_fn, dense_layer_call_and_return_conditional_losses, dense_layer_call_fn, transformer_encoder_layer_call_and_return_conditional_losses while saving (showing 5 of 2530). These functions will not be directly callable after loading.
[2023-02-09 04:24:06,003][absl][WARNING] - Found untraced functions such as activation_layer_call_and_return_conditional_losses, activation_layer_call_fn, dense_layer_call_and_return_conditional_losses, dense_layer_call_fn, transformer_encoder_layer_call_and_return_conditional_losses while saving (showing 5 of 2530). These functions will not be directly callable after loading.
[2023-02-09 04:24:48,683][tensorflow][INFO] - Assets written to: /home/moshelaufer/PycharmProjects/results/checkpoint/synth_autoencoder_tal/7/assets
[2023-02-09 10:51:28,102][tensorflow][WARNING] - Skipping full serialization of Keras layer <tensorflow.python.keras.layers.core.Activation object at 0x7f40c211c9a0>, because it is not built.
[2023-02-09 10:51:29,139][tensorflow][WARNING] - Skipping full serialization of Keras layer <tensorflow.python.keras.layers.pooling.AveragePooling1D object at 0x7f40c21163d0>, because it is not built.
[2023-02-09 10:52:06,554][absl][WARNING] - Found untraced functions such as activation_layer_call_and_return_conditional_losses, activation_layer_call_fn, dense_layer_call_and_return_conditional_losses, dense_layer_call_fn, transformer_encoder_layer_call_and_return_conditional_losses while saving (showing 5 of 2530). These functions will not be directly callable after loading.
[2023-02-09 10:52:07,371][absl][WARNING] - Found untraced functions such as activation_layer_call_and_return_conditional_losses, activation_layer_call_fn, dense_layer_call_and_return_conditional_losses, dense_layer_call_fn, transformer_encoder_layer_call_and_return_conditional_losses while saving (showing 5 of 2530). These functions will not be directly callable after loading.
[2023-02-09 10:52:52,052][tensorflow][INFO] - Assets written to: /home/moshelaufer/PycharmProjects/results/checkpoint/synth_autoencoder_tal/7/assets
[2023-02-09 14:06:54,135][tensorflow][WARNING] - Skipping full serialization of Keras layer <tensorflow.python.keras.layers.core.Activation object at 0x7f40c211c9a0>, because it is not built.
[2023-02-09 14:06:55,835][tensorflow][WARNING] - Skipping full serialization of Keras layer <tensorflow.python.keras.layers.pooling.AveragePooling1D object at 0x7f40c21163d0>, because it is not built.
[2023-02-09 14:07:32,113][absl][WARNING] - Found untraced functions such as activation_layer_call_and_return_conditional_losses, activation_layer_call_fn, dense_layer_call_and_return_conditional_losses, dense_layer_call_fn, transformer_encoder_layer_call_and_return_conditional_losses while saving (showing 5 of 2530). These functions will not be directly callable after loading.
[2023-02-09 14:07:32,909][absl][WARNING] - Found untraced functions such as activation_layer_call_and_return_conditional_losses, activation_layer_call_fn, dense_layer_call_and_return_conditional_losses, dense_layer_call_fn, transformer_encoder_layer_call_and_return_conditional_losses while saving (showing 5 of 2530). These functions will not be directly callable after loading.
[2023-02-09 14:08:16,606][tensorflow][INFO] - Assets written to: /home/moshelaufer/PycharmProjects/results/checkpoint/synth_autoencoder_tal/7/assets
[2023-02-09 17:22:21,705][tensorflow][WARNING] - Skipping full serialization of Keras layer <tensorflow.python.keras.layers.core.Activation object at 0x7f40c211c9a0>, because it is not built.
[2023-02-09 17:22:22,312][tensorflow][WARNING] - Skipping full serialization of Keras layer <tensorflow.python.keras.layers.pooling.AveragePooling1D object at 0x7f40c21163d0>, because it is not built.
[2023-02-09 17:22:58,869][absl][WARNING] - Found untraced functions such as activation_layer_call_and_return_conditional_losses, activation_layer_call_fn, dense_layer_call_and_return_conditional_losses, dense_layer_call_fn, transformer_encoder_layer_call_and_return_conditional_losses while saving (showing 5 of 2530). These functions will not be directly callable after loading.
[2023-02-09 17:22:59,660][absl][WARNING] - Found untraced functions such as activation_layer_call_and_return_conditional_losses, activation_layer_call_fn, dense_layer_call_and_return_conditional_losses, dense_layer_call_fn, transformer_encoder_layer_call_and_return_conditional_losses while saving (showing 5 of 2530). These functions will not be directly callable after loading.
[2023-02-09 17:23:42,335][tensorflow][INFO] - Assets written to: /home/moshelaufer/PycharmProjects/results/checkpoint/synth_autoencoder_tal/7/assets
[2023-02-09 20:37:51,801][tensorflow][WARNING] - Skipping full serialization of Keras layer <tensorflow.python.keras.layers.core.Activation object at 0x7f40c211c9a0>, because it is not built.
[2023-02-09 20:37:52,484][tensorflow][WARNING] - Skipping full serialization of Keras layer <tensorflow.python.keras.layers.pooling.AveragePooling1D object at 0x7f40c21163d0>, because it is not built.
[2023-02-09 20:38:28,366][absl][WARNING] - Found untraced functions such as activation_layer_call_and_return_conditional_losses, activation_layer_call_fn, dense_layer_call_and_return_conditional_losses, dense_layer_call_fn, transformer_encoder_layer_call_and_return_conditional_losses while saving (showing 5 of 2530). These functions will not be directly callable after loading.
[2023-02-09 20:38:29,171][absl][WARNING] - Found untraced functions such as activation_layer_call_and_return_conditional_losses, activation_layer_call_fn, dense_layer_call_and_return_conditional_losses, dense_layer_call_fn, transformer_encoder_layer_call_and_return_conditional_losses while saving (showing 5 of 2530). These functions will not be directly callable after loading.
[2023-02-09 20:39:12,267][tensorflow][INFO] - Assets written to: /home/moshelaufer/PycharmProjects/results/checkpoint/synth_autoencoder_tal/7/assets
[2023-02-09 23:51:58,187][tensorflow][WARNING] - Skipping full serialization of Keras layer <tensorflow.python.keras.layers.core.Activation object at 0x7f40c211c9a0>, because it is not built.
[2023-02-09 23:51:58,782][tensorflow][WARNING] - Skipping full serialization of Keras layer <tensorflow.python.keras.layers.pooling.AveragePooling1D object at 0x7f40c21163d0>, because it is not built.
[2023-02-09 23:52:34,238][absl][WARNING] - Found untraced functions such as activation_layer_call_and_return_conditional_losses, activation_layer_call_fn, dense_layer_call_and_return_conditional_losses, dense_layer_call_fn, transformer_encoder_layer_call_and_return_conditional_losses while saving (showing 5 of 2530). These functions will not be directly callable after loading.
[2023-02-09 23:52:35,565][absl][WARNING] - Found untraced functions such as activation_layer_call_and_return_conditional_losses, activation_layer_call_fn, dense_layer_call_and_return_conditional_losses, dense_layer_call_fn, transformer_encoder_layer_call_and_return_conditional_losses while saving (showing 5 of 2530). These functions will not be directly callable after loading.
[2023-02-09 23:53:18,752][tensorflow][INFO] - Assets written to: /home/moshelaufer/PycharmProjects/results/checkpoint/synth_autoencoder_tal/7/assets
[2023-02-10 03:07:21,187][tensorflow][WARNING] - Skipping full serialization of Keras layer <tensorflow.python.keras.layers.core.Activation object at 0x7f40c211c9a0>, because it is not built.
[2023-02-10 03:07:21,779][tensorflow][WARNING] - Skipping full serialization of Keras layer <tensorflow.python.keras.layers.pooling.AveragePooling1D object at 0x7f40c21163d0>, because it is not built.
[2023-02-10 03:07:58,056][absl][WARNING] - Found untraced functions such as activation_layer_call_and_return_conditional_losses, activation_layer_call_fn, dense_layer_call_and_return_conditional_losses, dense_layer_call_fn, transformer_encoder_layer_call_and_return_conditional_losses while saving (showing 5 of 2530). These functions will not be directly callable after loading.
[2023-02-10 03:07:58,888][absl][WARNING] - Found untraced functions such as activation_layer_call_and_return_conditional_losses, activation_layer_call_fn, dense_layer_call_and_return_conditional_losses, dense_layer_call_fn, transformer_encoder_layer_call_and_return_conditional_losses while saving (showing 5 of 2530). These functions will not be directly callable after loading.
[2023-02-10 03:08:41,839][tensorflow][INFO] - Assets written to: /home/moshelaufer/PycharmProjects/results/checkpoint/synth_autoencoder_tal/7/assets
[2023-02-10 06:22:41,647][tensorflow][WARNING] - Skipping full serialization of Keras layer <tensorflow.python.keras.layers.core.Activation object at 0x7f40c211c9a0>, because it is not built.
[2023-02-10 06:22:42,224][tensorflow][WARNING] - Skipping full serialization of Keras layer <tensorflow.python.keras.layers.pooling.AveragePooling1D object at 0x7f40c21163d0>, because it is not built.
[2023-02-10 06:23:19,173][absl][WARNING] - Found untraced functions such as activation_layer_call_and_return_conditional_losses, activation_layer_call_fn, dense_layer_call_and_return_conditional_losses, dense_layer_call_fn, transformer_encoder_layer_call_and_return_conditional_losses while saving (showing 5 of 2530). These functions will not be directly callable after loading.
[2023-02-10 06:23:20,528][absl][WARNING] - Found untraced functions such as activation_layer_call_and_return_conditional_losses, activation_layer_call_fn, dense_layer_call_and_return_conditional_losses, dense_layer_call_fn, transformer_encoder_layer_call_and_return_conditional_losses while saving (showing 5 of 2530). These functions will not be directly callable after loading.
[2023-02-10 06:24:03,933][tensorflow][INFO] - Assets written to: /home/moshelaufer/PycharmProjects/results/checkpoint/synth_autoencoder_tal/7/assets
[2023-02-10 12:50:38,903][tensorflow][WARNING] - Skipping full serialization of Keras layer <tensorflow.python.keras.layers.core.Activation object at 0x7f40c211c9a0>, because it is not built.
[2023-02-10 12:50:39,490][tensorflow][WARNING] - Skipping full serialization of Keras layer <tensorflow.python.keras.layers.pooling.AveragePooling1D object at 0x7f40c21163d0>, because it is not built.
[2023-02-10 12:51:16,262][absl][WARNING] - Found untraced functions such as activation_layer_call_and_return_conditional_losses, activation_layer_call_fn, dense_layer_call_and_return_conditional_losses, dense_layer_call_fn, transformer_encoder_layer_call_and_return_conditional_losses while saving (showing 5 of 2530). These functions will not be directly callable after loading.
[2023-02-10 12:51:17,137][absl][WARNING] - Found untraced functions such as activation_layer_call_and_return_conditional_losses, activation_layer_call_fn, dense_layer_call_and_return_conditional_losses, dense_layer_call_fn, transformer_encoder_layer_call_and_return_conditional_losses while saving (showing 5 of 2530). These functions will not be directly callable after loading.
[2023-02-10 12:52:00,470][tensorflow][INFO] - Assets written to: /home/moshelaufer/PycharmProjects/results/checkpoint/synth_autoencoder_tal/7/assets
[2023-02-10 16:06:10,404][tensorflow][WARNING] - Skipping full serialization of Keras layer <tensorflow.python.keras.layers.core.Activation object at 0x7f40c211c9a0>, because it is not built.
[2023-02-10 16:06:10,974][tensorflow][WARNING] - Skipping full serialization of Keras layer <tensorflow.python.keras.layers.pooling.AveragePooling1D object at 0x7f40c21163d0>, because it is not built.
[2023-02-10 16:06:47,516][absl][WARNING] - Found untraced functions such as activation_layer_call_and_return_conditional_losses, activation_layer_call_fn, dense_layer_call_and_return_conditional_losses, dense_layer_call_fn, transformer_encoder_layer_call_and_return_conditional_losses while saving (showing 5 of 2530). These functions will not be directly callable after loading.
[2023-02-10 16:06:48,299][absl][WARNING] - Found untraced functions such as activation_layer_call_and_return_conditional_losses, activation_layer_call_fn, dense_layer_call_and_return_conditional_losses, dense_layer_call_fn, transformer_encoder_layer_call_and_return_conditional_losses while saving (showing 5 of 2530). These functions will not be directly callable after loading.
[2023-02-10 16:07:31,350][tensorflow][INFO] - Assets written to: /home/moshelaufer/PycharmProjects/results/checkpoint/synth_autoencoder_tal/7/assets
[2023-02-10 19:21:45,117][tensorflow][WARNING] - Skipping full serialization of Keras layer <tensorflow.python.keras.layers.core.Activation object at 0x7f40c211c9a0>, because it is not built.
[2023-02-10 19:21:45,705][tensorflow][WARNING] - Skipping full serialization of Keras layer <tensorflow.python.keras.layers.pooling.AveragePooling1D object at 0x7f40c21163d0>, because it is not built.
[2023-02-10 19:22:23,653][absl][WARNING] - Found untraced functions such as activation_layer_call_and_return_conditional_losses, activation_layer_call_fn, dense_layer_call_and_return_conditional_losses, dense_layer_call_fn, transformer_encoder_layer_call_and_return_conditional_losses while saving (showing 5 of 2530). These functions will not be directly callable after loading.
[2023-02-10 19:22:24,462][absl][WARNING] - Found untraced functions such as activation_layer_call_and_return_conditional_losses, activation_layer_call_fn, dense_layer_call_and_return_conditional_losses, dense_layer_call_fn, transformer_encoder_layer_call_and_return_conditional_losses while saving (showing 5 of 2530). These functions will not be directly callable after loading.
[2023-02-10 19:23:08,184][tensorflow][INFO] - Assets written to: /home/moshelaufer/PycharmProjects/results/checkpoint/synth_autoencoder_tal/7/assets
[2023-02-10 22:37:36,940][tensorflow][WARNING] - Skipping full serialization of Keras layer <tensorflow.python.keras.layers.core.Activation object at 0x7f40c211c9a0>, because it is not built.
[2023-02-10 22:37:37,568][tensorflow][WARNING] - Skipping full serialization of Keras layer <tensorflow.python.keras.layers.pooling.AveragePooling1D object at 0x7f40c21163d0>, because it is not built.
[2023-02-10 22:38:15,909][absl][WARNING] - Found untraced functions such as activation_layer_call_and_return_conditional_losses, activation_layer_call_fn, dense_layer_call_and_return_conditional_losses, dense_layer_call_fn, transformer_encoder_layer_call_and_return_conditional_losses while saving (showing 5 of 2530). These functions will not be directly callable after loading.
[2023-02-10 22:38:17,335][absl][WARNING] - Found untraced functions such as activation_layer_call_and_return_conditional_losses, activation_layer_call_fn, dense_layer_call_and_return_conditional_losses, dense_layer_call_fn, transformer_encoder_layer_call_and_return_conditional_losses while saving (showing 5 of 2530). These functions will not be directly callable after loading.
[2023-02-10 22:38:59,151][tensorflow][INFO] - Assets written to: /home/moshelaufer/PycharmProjects/results/checkpoint/synth_autoencoder_tal/7/assets
[2023-02-11 01:51:50,446][tensorflow][WARNING] - Skipping full serialization of Keras layer <tensorflow.python.keras.layers.core.Activation object at 0x7f40c211c9a0>, because it is not built.
[2023-02-11 01:51:51,033][tensorflow][WARNING] - Skipping full serialization of Keras layer <tensorflow.python.keras.layers.pooling.AveragePooling1D object at 0x7f40c21163d0>, because it is not built.
[2023-02-11 01:52:26,948][absl][WARNING] - Found untraced functions such as activation_layer_call_and_return_conditional_losses, activation_layer_call_fn, dense_layer_call_and_return_conditional_losses, dense_layer_call_fn, transformer_encoder_layer_call_and_return_conditional_losses while saving (showing 5 of 2530). These functions will not be directly callable after loading.
[2023-02-11 01:52:27,726][absl][WARNING] - Found untraced functions such as activation_layer_call_and_return_conditional_losses, activation_layer_call_fn, dense_layer_call_and_return_conditional_losses, dense_layer_call_fn, transformer_encoder_layer_call_and_return_conditional_losses while saving (showing 5 of 2530). These functions will not be directly callable after loading.
[2023-02-11 01:53:10,198][tensorflow][INFO] - Assets written to: /home/moshelaufer/PycharmProjects/results/checkpoint/synth_autoencoder_tal/7/assets
[2023-02-11 05:07:18,389][tensorflow][WARNING] - Skipping full serialization of Keras layer <tensorflow.python.keras.layers.core.Activation object at 0x7f40c211c9a0>, because it is not built.
[2023-02-11 05:07:18,979][tensorflow][WARNING] - Skipping full serialization of Keras layer <tensorflow.python.keras.layers.pooling.AveragePooling1D object at 0x7f40c21163d0>, because it is not built.
[2023-02-11 05:07:56,340][absl][WARNING] - Found untraced functions such as activation_layer_call_and_return_conditional_losses, activation_layer_call_fn, dense_layer_call_and_return_conditional_losses, dense_layer_call_fn, transformer_encoder_layer_call_and_return_conditional_losses while saving (showing 5 of 2530). These functions will not be directly callable after loading.
[2023-02-11 05:07:57,729][absl][WARNING] - Found untraced functions such as activation_layer_call_and_return_conditional_losses, activation_layer_call_fn, dense_layer_call_and_return_conditional_losses, dense_layer_call_fn, transformer_encoder_layer_call_and_return_conditional_losses while saving (showing 5 of 2530). These functions will not be directly callable after loading.
[2023-02-11 05:08:39,393][tensorflow][INFO] - Assets written to: /home/moshelaufer/PycharmProjects/results/checkpoint/synth_autoencoder_tal/7/assets
[2023-02-11 08:22:47,109][tensorflow][WARNING] - Skipping full serialization of Keras layer <tensorflow.python.keras.layers.core.Activation object at 0x7f40c211c9a0>, because it is not built.
[2023-02-11 08:22:47,707][tensorflow][WARNING] - Skipping full serialization of Keras layer <tensorflow.python.keras.layers.pooling.AveragePooling1D object at 0x7f40c21163d0>, because it is not built.
[2023-02-11 08:23:24,935][absl][WARNING] - Found untraced functions such as activation_layer_call_and_return_conditional_losses, activation_layer_call_fn, dense_layer_call_and_return_conditional_losses, dense_layer_call_fn, transformer_encoder_layer_call_and_return_conditional_losses while saving (showing 5 of 2530). These functions will not be directly callable after loading.
[2023-02-11 08:23:25,814][absl][WARNING] - Found untraced functions such as activation_layer_call_and_return_conditional_losses, activation_layer_call_fn, dense_layer_call_and_return_conditional_losses, dense_layer_call_fn, transformer_encoder_layer_call_and_return_conditional_losses while saving (showing 5 of 2530). These functions will not be directly callable after loading.
[2023-02-11 08:24:09,569][tensorflow][INFO] - Assets written to: /home/moshelaufer/PycharmProjects/results/checkpoint/synth_autoencoder_tal/7/assets
[2023-02-11 14:50:51,175][tensorflow][WARNING] - Skipping full serialization of Keras layer <tensorflow.python.keras.layers.core.Activation object at 0x7f40c211c9a0>, because it is not built.
[2023-02-11 14:50:51,767][tensorflow][WARNING] - Skipping full serialization of Keras layer <tensorflow.python.keras.layers.pooling.AveragePooling1D object at 0x7f40c21163d0>, because it is not built.
[2023-02-11 14:51:29,873][absl][WARNING] - Found untraced functions such as activation_layer_call_and_return_conditional_losses, activation_layer_call_fn, dense_layer_call_and_return_conditional_losses, dense_layer_call_fn, transformer_encoder_layer_call_and_return_conditional_losses while saving (showing 5 of 2530). These functions will not be directly callable after loading.
[2023-02-11 14:51:30,746][absl][WARNING] - Found untraced functions such as activation_layer_call_and_return_conditional_losses, activation_layer_call_fn, dense_layer_call_and_return_conditional_losses, dense_layer_call_fn, transformer_encoder_layer_call_and_return_conditional_losses while saving (showing 5 of 2530). These functions will not be directly callable after loading.
[2023-02-11 14:52:13,258][tensorflow][INFO] - Assets written to: /home/moshelaufer/PycharmProjects/results/checkpoint/synth_autoencoder_tal/7/assets
[2023-02-11 18:06:17,531][tensorflow][WARNING] - Skipping full serialization of Keras layer <tensorflow.python.keras.layers.core.Activation object at 0x7f40c211c9a0>, because it is not built.
[2023-02-11 18:06:18,103][tensorflow][WARNING] - Skipping full serialization of Keras layer <tensorflow.python.keras.layers.pooling.AveragePooling1D object at 0x7f40c21163d0>, because it is not built.
[2023-02-11 18:06:54,678][absl][WARNING] - Found untraced functions such as activation_layer_call_and_return_conditional_losses, activation_layer_call_fn, dense_layer_call_and_return_conditional_losses, dense_layer_call_fn, transformer_encoder_layer_call_and_return_conditional_losses while saving (showing 5 of 2530). These functions will not be directly callable after loading.
[2023-02-11 18:06:55,530][absl][WARNING] - Found untraced functions such as activation_layer_call_and_return_conditional_losses, activation_layer_call_fn, dense_layer_call_and_return_conditional_losses, dense_layer_call_fn, transformer_encoder_layer_call_and_return_conditional_losses while saving (showing 5 of 2530). These functions will not be directly callable after loading.
[2023-02-11 18:07:38,120][tensorflow][INFO] - Assets written to: /home/moshelaufer/PycharmProjects/results/checkpoint/synth_autoencoder_tal/7/assets
